07-08 12:29:07.622  1253  7035 I UmdCamera: Stream setup: 640x360@30.00 - YUYV
07-08 12:29:07.626  1253  7035 D UmdCamera: Stream ON
07-08 12:29:07.626  1253  7036 D UmdCamera: CAMERA_START
07-08 12:29:07.626  1253  7036 D UmdCamera: Camera start
07-08 12:29:07.630  1253  7036 I UmdVideoData: Initializing YUY2 processor
07-08 12:29:07.632  1253  7036 I CameraAdaptor: ConfigureStreamsLocked: operation_mode: 0x0 
07-08 12:29:08.090  1253 20856 D UmdCamera: ShutterCb 
07-08 12:29:08.123  1253 20856 D UmdCamera: ShutterCb 
07-08 12:29:08.138  1253  7036 D UmdCamera: CAMERA_SUBMIT_REQUEST
07-08 12:29:08.138  1253  7036 D UmdCamera: Camera submit request
07-08 12:29:08.160  1253  7036 D UmdCamera: CAMERA_SUBMIT_REQUEST
07-08 12:29:08.160  1253  7036 D UmdCamera: Camera submit request
07-08 12:29:08.190  1253 20856 D UmdCamera: ShutterCb 
07-08 12:29:08.217  1253  7036 D UmdCamera: CAMERA_SUBMIT_REQUEST
07-08 12:29:08.218  1253  7036 D UmdCamera: Camera submit request
07-08 12:29:08.225  1253 20856 D UmdCamera: ShutterCb 
07-08 12:29:08.256  1253  7036 D UmdCamera: CAMERA_SUBMIT_REQUEST
07-08 12:29:08.256  1253  7036 D UmdCamera: Camera submit request
07-08 12:29:08.290  1253 20856 D UmdCamera: ShutterCb 
07-08 12:29:08.318  1253  7036 D UmdCamera: CAMERA_SUBMIT_REQUEST
07-08 12:29:08.318  1253  7036 D UmdCamera: Camera submit request
07-08 12:29:08.326  1253 20856 D UmdCamera: ShutterCb 
07-08 12:29:08.355  1253  7036 D UmdCamera: CAMERA_SUBMIT_REQUEST
07-08 12:29:08.355  1253  7036 D UmdCamera: Camera submit request
07-08 12:29:08.389  1253 20856 D UmdCamera: ShutterCb 
07-08 12:29:08.423  1253 20856 D UmdCamera: ShutterCb 
07-08 12:29:08.425  1253  7036 D UmdCamera: CAMERA_SUBMIT_REQUEST
07-08 12:29:08.425  1253  7036 D UmdCamera: Camera submit request
07-08 12:29:08.452  1253  7036 D UmdCamera: CAMERA_SUBMIT_REQUEST
07-08 12:29:08.452  1253  7036 D UmdCamera: Camera submit request
07-08 12:29:08.489  1253 20856 D UmdCamera: ShutterCb 
07-08 12:29:08.523  1253  7036 D UmdCamera: CAMERA_SUBMIT_REQUEST
07-08 12:29:08.523  1253  7036 D UmdCamera: Camera submit request
07-08 12:29:08.526  1253 20856 D UmdCamera: ShutterCb 
07-08 12:29:08.552  1253  7036 D UmdCamera: CAMERA_SUBMIT_REQUEST
07-08 12:29:08.552  1253  7036 D UmdCamera: Camera submit request
07-08 12:29:08.589  1253 20856 D UmdCamera: ShutterCb 
07-08 12:29:08.622  1253 20856 D UmdCamera: ShutterCb 
07-08 12:29:08.625  1253  7036 D UmdCamera: CAMERA_SUBMIT_REQUEST
07-08 12:29:08.625  1253  7036 D UmdCamera: Camera submit request
07-08 12:29:08.658  1253  7036 D UmdCamera: CAMERA_SUBMIT_REQUEST
07-08 12:29:08.658  1253  7036 D UmdCamera: Camera submit request
07-08 12:29:08.689  1253 20856 D UmdCamera: ShutterCb 
07-08 12:29:08.722  1253 20856 D UmdCamera: ShutterCb 
07-08 12:29:08.725  1253  7036 D UmdCamera: CAMERA_SUBMIT_REQUEST
07-08 12:29:08.725  1253  7036 D UmdCamera: Camera submit request
07-08 12:29:08.750  1253  7036 D UmdCamera: CAMERA_SUBMIT_REQUEST
07-08 12:29:08.750  1253  7036 D UmdCamera: Camera submit request
07-08 12:29:08.789  1253  1319 D UmdCamera: ShutterCb 
07-08 12:29:08.817  1253  7036 D UmdCamera: CAMERA_SUBMIT_REQUEST
07-08 12:29:08.817  1253  7036 D UmdCamera: Camera submit request
07-08 12:29:08.824  1253  1319 D UmdCamera: ShutterCb 
07-08 12:29:08.849  1253  7036 D UmdCamera: CAMERA_SUBMIT_REQUEST
07-08 12:29:08.851  1253  7036 D UmdCamera: Camera submit request
07-08 12:29:08.856  1253  1319 D UmdCamera: ShutterCb 
07-08 12:29:08.881  1253  7036 D UmdCamera: CAMERA_SUBMIT_REQUEST
07-08 12:29:08.881  1253  7036 D UmdCamera: Camera submit request
07-08 12:29:08.923  1253  1319 D UmdCamera: ShutterCb 
07-08 12:29:08.956  1253  1319 D UmdCamera: ShutterCb 
07-08 12:29:08.997  1253  7036 D UmdCamera: CAMERA_SUBMIT_REQUEST
07-08 12:29:08.997  1253  7036 D UmdCamera: Camera submit request
07-08 12:29:09.002  1253  7036 D UmdCamera: CAMERA_SUBMIT_REQUEST
07-08 12:29:09.002  1253  7036 D UmdCamera: Camera submit request
07-08 12:29:09.022  1253  1319 D UmdCamera: ShutterCb 
07-08 12:29:09.050  1253  7036 D UmdCamera: CAMERA_SUBMIT_REQUEST
07-08 12:29:09.050  1253  7036 D UmdCamera: Camera submit request
07-08 12:29:09.056  1253  1319 D UmdCamera: ShutterCb 
07-08 12:29:09.081  1253  7036 D UmdCamera: CAMERA_SUBMIT_REQUEST
07-08 12:29:09.081  1253  7036 D UmdCamera: Camera submit request
07-08 12:29:09.122  1253  1319 D UmdCamera: ShutterCb 
07-08 12:29:09.150  1253  7036 D UmdCamera: CAMERA_SUBMIT_REQUEST
07-08 12:29:09.150  1253  7036 D UmdCamera: Camera submit request
07-08 12:29:09.157  1253  1319 D UmdCamera: ShutterCb 
07-08 12:29:09.183  1253  7036 D UmdCamera: CAMERA_SUBMIT_REQUEST
07-08 12:29:09.183  1253  7036 D UmdCamera: Camera submit request
07-08 12:29:09.222  1253  1319 D UmdCamera: ShutterCb 
07-08 12:29:09.253  1253  7036 D UmdCamera: CAMERA_SUBMIT_REQUEST
07-08 12:29:09.253  1253  7036 D UmdCamera: Camera submit request
07-08 12:29:09.260  1253  1319 D UmdCamera: ShutterCb 
07-08 12:29:09.281  1253  7036 D UmdCamera: CAMERA_SUBMIT_REQUEST
07-08 12:29:09.281  1253  7036 D UmdCamera: Camera submit request
07-08 12:29:09.322  1253  1319 D UmdCamera: ShutterCb 
07-08 12:29:09.350  1253  7036 D UmdCamera: CAMERA_SUBMIT_REQUEST
07-08 12:29:09.350  1253  7036 D UmdCamera: Camera submit request
07-08 12:29:09.556  1253  1319 D UmdCamera: ShutterCb 
07-08 12:29:09.589  1253  1319 D UmdCamera: ShutterCb 
07-08 12:29:09.596  1253  7036 D UmdCamera: CAMERA_SUBMIT_REQUEST
07-08 12:29:09.596  1253  7036 D UmdCamera: Camera submit request
07-08 12:29:09.616  1253  7036 D UmdCamera: CAMERA_SUBMIT_REQUEST
07-08 12:29:09.616  1253  7036 D UmdCamera: Camera submit request
07-08 12:29:09.622  1253  1319 D UmdCamera: ShutterCb 
07-08 12:29:09.650  1253  7036 D UmdCamera: CAMERA_SUBMIT_REQUEST
07-08 12:29:09.650  1253  7036 D UmdCamera: Camera submit request
07-08 12:29:09.656  1253  1319 D UmdCamera: ShutterCb 
07-08 12:29:09.685  1253  7036 D UmdCamera: CAMERA_SUBMIT_REQUEST
07-08 12:29:09.685  1253  7036 D UmdCamera: Camera submit request
07-08 12:29:09.689  1253  1319 D UmdCamera: ShutterCb 
07-08 12:29:09.718  1253  7036 D UmdCamera: CAMERA_SUBMIT_REQUEST
07-08 12:29:09.719  1253  7036 D UmdCamera: Camera submit request
07-08 12:29:09.724  1253  1319 D UmdCamera: ShutterCb 
07-08 12:29:09.752  1253  7036 D UmdCamera: CAMERA_SUBMIT_REQUEST
07-08 12:29:09.752  1253  7036 D UmdCamera: Camera submit request
07-08 12:29:09.756  1253  1319 D UmdCamera: ShutterCb 
07-08 12:29:09.789  1253  1319 D UmdCamera: ShutterCb 
07-08 12:29:09.792  1253  7036 D UmdCamera: CAMERA_SUBMIT_REQUEST
07-08 12:29:09.792  1253  7036 D UmdCamera: Camera submit request
07-08 12:29:09.815  1253  7036 D UmdCamera: CAMERA_SUBMIT_REQUEST
07-08 12:29:09.816  1253  7036 D UmdCamera: Camera submit request
07-08 12:29:09.822  1253  1319 D UmdCamera: ShutterCb 
07-08 12:29:09.854  1253  7036 D UmdCamera: CAMERA_SUBMIT_REQUEST
07-08 12:29:09.854  1253  7036 D UmdCamera: Camera submit request
07-08 12:29:09.857  1253  1319 D UmdCamera: ShutterCb 
07-08 12:29:09.883  1253  7036 D UmdCamera: CAMERA_SUBMIT_REQUEST
07-08 12:29:09.883  1253  7036 D UmdCamera: Camera submit request
07-08 12:29:09.889  1253  1319 D UmdCamera: ShutterCb 
07-08 12:29:09.919  1253  7036 D UmdCamera: CAMERA_SUBMIT_REQUEST
07-08 12:29:09.919  1253  7036 D UmdCamera: Camera submit request
07-08 12:29:09.923  1253  1319 D UmdCamera: ShutterCb 
07-08 12:29:09.948  1253  7036 D UmdCamera: CAMERA_SUBMIT_REQUEST
07-08 12:29:09.949  1253  7036 D UmdCamera: Camera submit request
07-08 12:29:09.955  1253  1319 D UmdCamera: ShutterCb 
07-08 12:29:09.986  1253  7036 D UmdCamera: CAMERA_SUBMIT_REQUEST
07-08 12:29:09.986  1253  7036 D UmdCamera: Camera submit request
07-08 12:29:09.993  1253 20856 D UmdCamera: ShutterCb 
07-08 12:29:10.021  1253  7036 D UmdCamera: CAMERA_SUBMIT_REQUEST
07-08 12:29:10.021  1253  7036 D UmdCamera: Camera submit request
07-08 12:29:10.022  1253 20856 D UmdCamera: ShutterCb 
07-08 12:29:10.050  1253  7036 D UmdCamera: CAMERA_SUBMIT_REQUEST
07-08 12:29:10.050  1253  7036 D UmdCamera: Camera submit request
07-08 12:29:10.057  1253 20856 D UmdCamera: ShutterCb 
07-08 12:29:10.084  1253  7036 D UmdCamera: CAMERA_SUBMIT_REQUEST
07-08 12:29:10.084  1253  7036 D UmdCamera: Camera submit request
07-08 12:29:10.089  1253 20856 D UmdCamera: ShutterCb 
07-08 12:29:10.127  1253 20856 D UmdCamera: ShutterCb 
07-08 12:29:10.129  1253  7036 D UmdCamera: CAMERA_SUBMIT_REQUEST
07-08 12:29:10.129  1253  7036 D UmdCamera: Camera submit request
07-08 12:29:10.156  1253  7036 D UmdCamera: CAMERA_SUBMIT_REQUEST
07-08 12:29:10.156  1253  7036 D UmdCamera: Camera submit request
07-08 12:29:10.157  1253 20856 D UmdCamera: ShutterCb 
07-08 12:29:10.183  1253  7036 D UmdCamera: CAMERA_SUBMIT_REQUEST
07-08 12:29:10.183  1253  7036 D UmdCamera: Camera submit request
07-08 12:29:10.189  1253 20856 D UmdCamera: ShutterCb 
07-08 12:29:10.215  1253  7036 D UmdCamera: CAMERA_SUBMIT_REQUEST
07-08 12:29:10.216  1253  7036 D UmdCamera: Camera submit request
07-08 12:29:10.222  1253 20856 D UmdCamera: ShutterCb 
07-08 12:29:10.248  1253  7036 D UmdCamera: CAMERA_SUBMIT_REQUEST
07-08 12:29:10.248  1253  7036 D UmdCamera: Camera submit request
07-08 12:29:10.255  1253 20856 D UmdCamera: ShutterCb 
07-08 12:29:10.284  1253  7036 D UmdCamera: CAMERA_SUBMIT_REQUEST
07-08 12:29:10.284  1253  7036 D UmdCamera: Camera submit request
07-08 12:29:10.290  1253 20856 D UmdCamera: ShutterCb 
07-08 12:29:10.323  1253 20856 D UmdCamera: ShutterCb 
07-08 12:29:10.327  1253  7036 D UmdCamera: CAMERA_SUBMIT_REQUEST
07-08 12:29:10.327  1253  7036 D UmdCamera: Camera submit request
07-08 12:29:10.350  1253  7036 D UmdCamera: CAMERA_SUBMIT_REQUEST
07-08 12:29:10.350  1253  7036 D UmdCamera: Camera submit request
07-08 12:29:10.355  1253 20856 D UmdCamera: ShutterCb 
07-08 12:29:10.383  1253  7036 D UmdCamera: CAMERA_SUBMIT_REQUEST
07-08 12:29:10.383  1253  7036 D UmdCamera: Camera submit request
07-08 12:29:10.389  1253 20856 D UmdCamera: ShutterCb 
07-08 12:29:10.418  1253  7036 D UmdCamera: CAMERA_SUBMIT_REQUEST
07-08 12:29:10.418  1253  7036 D UmdCamera: Camera submit request
07-08 12:29:10.422  1253 20856 D UmdCamera: ShutterCb 
07-08 12:29:10.454  1253  7036 D UmdCamera: CAMERA_SUBMIT_REQUEST
07-08 12:29:10.454  1253  7036 D UmdCamera: Camera submit request
07-08 12:29:10.455  1253 20856 D UmdCamera: ShutterCb 
07-08 12:29:10.484  1253  7036 D UmdCamera: CAMERA_SUBMIT_REQUEST
07-08 12:29:10.484  1253  7036 D UmdCamera: Camera submit request
07-08 12:29:10.489  1253 20856 D UmdCamera: ShutterCb 
07-08 12:29:10.518  1253  7036 D UmdCamera: CAMERA_SUBMIT_REQUEST
07-08 12:29:10.518  1253  7036 D UmdCamera: Camera submit request
07-08 12:29:10.529  1253 20856 D UmdCamera: ShutterCb 
07-08 12:29:10.552  1253  7036 D UmdCamera: CAMERA_SUBMIT_REQUEST
07-08 12:29:10.552  1253  7036 D UmdCamera: Camera submit request
07-08 12:29:10.562  1253 20856 D UmdCamera: ShutterCb 
07-08 12:29:10.585  1253  7036 D UmdCamera: CAMERA_SUBMIT_REQUEST
07-08 12:29:10.585  1253  7036 D UmdCamera: Camera submit request
07-08 12:29:10.591  1253 20856 D UmdCamera: ShutterCb 
07-08 12:29:10.616  1253  7036 D UmdCamera: CAMERA_SUBMIT_REQUEST
07-08 12:29:10.616  1253  7036 D UmdCamera: Camera submit request
07-08 12:29:10.623  1253 20856 D UmdCamera: ShutterCb 
07-08 12:29:10.648  1253  7036 D UmdCamera: CAMERA_SUBMIT_REQUEST
07-08 12:29:10.649  1253  7036 D UmdCamera: Camera submit request
07-08 12:29:10.655  1253 20856 D UmdCamera: ShutterCb 
07-08 12:29:10.686  1253  7036 D UmdCamera: CAMERA_SUBMIT_REQUEST
07-08 12:29:10.686  1253  7036 D UmdCamera: Camera submit request
07-08 12:29:10.691  1253 20856 D UmdCamera: ShutterCb 
07-08 12:29:10.716  1253  7036 D UmdCamera: CAMERA_SUBMIT_REQUEST
07-08 12:29:10.716  1253  7036 D UmdCamera: Camera submit request
07-08 12:29:10.723  1253 20856 D UmdCamera: ShutterCb 
07-08 12:29:10.753  1253  7036 D UmdCamera: CAMERA_SUBMIT_REQUEST
07-08 12:29:10.753  1253  7036 D UmdCamera: Camera submit request
07-08 12:29:10.756  1253 20856 D UmdCamera: ShutterCb 
07-08 12:29:10.791  1253  7036 D UmdCamera: CAMERA_SUBMIT_REQUEST
07-08 12:29:10.791  1253  7036 D UmdCamera: Camera submit request
07-08 12:29:10.792  1253 20856 D UmdCamera: ShutterCb 
07-08 12:29:10.818  1253  7036 D UmdCamera: CAMERA_SUBMIT_REQUEST
07-08 12:29:10.818  1253  7036 D UmdCamera: Camera submit request
07-08 12:29:10.822  1253 20856 D UmdCamera: ShutterCb 
07-08 12:29:10.852  1253  7036 D UmdCamera: CAMERA_SUBMIT_REQUEST
07-08 12:29:10.852  1253  7036 D UmdCamera: Camera submit request
07-08 12:29:10.856  1253 20856 D UmdCamera: ShutterCb 
07-08 12:29:10.885  1253  7036 D UmdCamera: CAMERA_SUBMIT_REQUEST
07-08 12:29:10.885  1253  7036 D UmdCamera: Camera submit request
07-08 12:29:10.890  1253 20856 D UmdCamera: ShutterCb 
07-08 12:29:10.922  1253 20856 D UmdCamera: ShutterCb 
07-08 12:29:10.930  1253  7036 D UmdCamera: CAMERA_SUBMIT_REQUEST
07-08 12:29:10.930  1253  7036 D UmdCamera: Camera submit request
07-08 12:29:10.954  1253  7036 D UmdCamera: CAMERA_SUBMIT_REQUEST
07-08 12:29:10.955  1253  7036 D UmdCamera: Camera submit request
07-08 12:29:10.956  1253 20856 D UmdCamera: ShutterCb 
07-08 12:29:10.987  1253  7036 D UmdCamera: CAMERA_SUBMIT_REQUEST
07-08 12:29:10.987  1253  7036 D UmdCamera: Camera submit request
07-08 12:29:10.992  1253 20856 D UmdCamera: ShutterCb 
07-08 12:29:11.016  1253  7036 D UmdCamera: CAMERA_SUBMIT_REQUEST
07-08 12:29:11.016  1253  7036 D UmdCamera: Camera submit request
07-08 12:29:11.022  1253 20856 D UmdCamera: ShutterCb 
07-08 12:29:11.049  1253  7036 D UmdCamera: CAMERA_SUBMIT_REQUEST
07-08 12:29:11.050  1253  7036 D UmdCamera: Camera submit request
07-08 12:29:11.056  1253 20856 D UmdCamera: ShutterCb 
07-08 12:29:11.086  1253  7036 D UmdCamera: CAMERA_SUBMIT_REQUEST
07-08 12:29:11.087  1253  7036 D UmdCamera: Camera submit request
07-08 12:29:11.089  1253 20856 D UmdCamera: ShutterCb 
07-08 12:29:11.123  1253 20856 D UmdCamera: ShutterCb 
07-08 12:29:11.126  1253  7036 D UmdCamera: CAMERA_SUBMIT_REQUEST
07-08 12:29:11.126  1253  7036 D UmdCamera: Camera submit request
07-08 12:29:11.148  1253  7036 D UmdCamera: CAMERA_SUBMIT_REQUEST
07-08 12:29:11.148  1253  7036 D UmdCamera: Camera submit request
07-08 12:29:11.155  1253 20856 D UmdCamera: ShutterCb 
07-08 12:29:11.188  1253  7036 D UmdCamera: CAMERA_SUBMIT_REQUEST
07-08 12:29:11.188  1253  7036 D UmdCamera: Camera submit request
07-08 12:29:11.192  1253 20856 D UmdCamera: ShutterCb 
07-08 12:29:11.220  1253  7036 D UmdCamera: CAMERA_SUBMIT_REQUEST
07-08 12:29:11.220  1253  7036 D UmdCamera: Camera submit request
07-08 12:29:11.223  1253 20856 D UmdCamera: ShutterCb 
07-08 12:29:11.252  1253  7036 D UmdCamera: CAMERA_SUBMIT_REQUEST
07-08 12:29:11.252  1253  7036 D UmdCamera: Camera submit request
07-08 12:29:11.255  1253 20856 D UmdCamera: ShutterCb 
07-08 12:29:11.290  1253 20856 D UmdCamera: ShutterCb 
07-08 12:29:11.293  1253  7036 D UmdCamera: CAMERA_SUBMIT_REQUEST
07-08 12:29:11.293  1253  7036 D UmdCamera: Camera submit request
07-08 12:29:11.321  1253  7036 D UmdCamera: CAMERA_SUBMIT_REQUEST
07-08 12:29:11.321  1253  7036 D UmdCamera: Camera submit request
07-08 12:29:11.326  1253 20856 D UmdCamera: ShutterCb 
07-08 12:29:11.348  1253  7036 D UmdCamera: CAMERA_SUBMIT_REQUEST
07-08 12:29:11.349  1253  7036 D UmdCamera: Camera submit request
07-08 12:29:11.356  1253 20856 D UmdCamera: ShutterCb 
07-08 12:29:11.383  1253  7036 D UmdCamera: CAMERA_SUBMIT_REQUEST
07-08 12:29:11.383  1253  7036 D UmdCamera: Camera submit request
07-08 12:29:11.389  1253 20856 D UmdCamera: ShutterCb 
07-08 12:29:11.417  1253  7036 D UmdCamera: CAMERA_SUBMIT_REQUEST
07-08 12:29:11.417  1253  7036 D UmdCamera: Camera submit request
07-08 12:29:11.422  1253 20856 D UmdCamera: ShutterCb 
07-08 12:29:11.452  1253  7036 D UmdCamera: CAMERA_SUBMIT_REQUEST
07-08 12:29:11.452  1253  7036 D UmdCamera: Camera submit request
07-08 12:29:11.455  1253 20856 D UmdCamera: ShutterCb 
07-08 12:29:11.487  1253  7036 D UmdCamera: CAMERA_SUBMIT_REQUEST
07-08 12:29:11.487  1253  7036 D UmdCamera: Camera submit request
07-08 12:29:11.489  1253 20856 D UmdCamera: ShutterCb 
07-08 12:29:11.522  1253  7036 D UmdCamera: CAMERA_SUBMIT_REQUEST
07-08 12:29:11.522  1253  7036 D UmdCamera: Camera submit request
07-08 12:29:11.523  1253 20856 D UmdCamera: ShutterCb 
07-08 12:29:11.552  1253  7036 D UmdCamera: CAMERA_SUBMIT_REQUEST
07-08 12:29:11.552  1253  7036 D UmdCamera: Camera submit request
07-08 12:29:11.559  1253 20856 D UmdCamera: ShutterCb 
07-08 12:29:11.584  1253  7036 D UmdCamera: CAMERA_SUBMIT_REQUEST
07-08 12:29:11.584  1253  7036 D UmdCamera: Camera submit request
07-08 12:29:11.588  1253 20856 D UmdCamera: ShutterCb 
07-08 12:29:11.615  1253  7036 D UmdCamera: CAMERA_SUBMIT_REQUEST
07-08 12:29:11.615  1253  7036 D UmdCamera: Camera submit request
07-08 12:29:11.622  1253 20856 D UmdCamera: ShutterCb 
07-08 12:29:11.650  1253  7036 D UmdCamera: CAMERA_SUBMIT_REQUEST
07-08 12:29:11.650  1253  7036 D UmdCamera: Camera submit request
07-08 12:29:11.655  1253 20856 D UmdCamera: ShutterCb 
07-08 12:29:11.683  1253  7036 D UmdCamera: CAMERA_SUBMIT_REQUEST
07-08 12:29:11.683  1253  7036 D UmdCamera: Camera submit request
07-08 12:29:11.688  1253 20856 D UmdCamera: ShutterCb 
07-08 12:29:11.715  1253  7036 D UmdCamera: CAMERA_SUBMIT_REQUEST
07-08 12:29:11.716  1253  7036 D UmdCamera: Camera submit request
07-08 12:29:11.722  1253 20856 D UmdCamera: ShutterCb 
07-08 12:29:11.757  1253 20856 D UmdCamera: ShutterCb 
07-08 12:29:11.760  1253  7036 D UmdCamera: CAMERA_SUBMIT_REQUEST
07-08 12:29:11.760  1253  7036 D UmdCamera: Camera submit request
07-08 12:29:11.785  1253  7036 D UmdCamera: CAMERA_SUBMIT_REQUEST
07-08 12:29:11.785  1253  7036 D UmdCamera: Camera submit request
07-08 12:29:11.792  1253 20856 D UmdCamera: ShutterCb 
07-08 12:29:11.818  1253  7036 D UmdCamera: CAMERA_SUBMIT_REQUEST
07-08 12:29:11.818  1253  7036 D UmdCamera: Camera submit request
07-08 12:29:11.823  1253 20856 D UmdCamera: ShutterCb 
07-08 12:29:11.850  1253  7036 D UmdCamera: CAMERA_SUBMIT_REQUEST
07-08 12:29:11.850  1253  7036 D UmdCamera: Camera submit request
07-08 12:29:11.856  1253 20856 D UmdCamera: ShutterCb 
07-08 12:29:11.888  1253  7036 D UmdCamera: CAMERA_SUBMIT_REQUEST
07-08 12:29:11.888  1253  7036 D UmdCamera: Camera submit request
07-08 12:29:11.889  1253 20856 D UmdCamera: ShutterCb 
07-08 12:29:11.917  1253  7036 D UmdCamera: CAMERA_SUBMIT_REQUEST
07-08 12:29:11.918  1253  7036 D UmdCamera: Camera submit request
07-08 12:29:11.923  1253 20856 D UmdCamera: ShutterCb 
07-08 12:29:11.952  1253  7036 D UmdCamera: CAMERA_SUBMIT_REQUEST
07-08 12:29:11.953  1253  7036 D UmdCamera: Camera submit request
07-08 12:29:11.957  1253 20856 D UmdCamera: ShutterCb 
07-08 12:29:11.986  1253  7036 D UmdCamera: CAMERA_SUBMIT_REQUEST
07-08 12:29:11.986  1253  7036 D UmdCamera: Camera submit request
07-08 12:29:11.990  1253 20856 D UmdCamera: ShutterCb 
07-08 12:29:12.022  1253  7036 D UmdCamera: CAMERA_SUBMIT_REQUEST
07-08 12:29:12.023  1253  7036 D UmdCamera: Camera submit request
07-08 12:29:12.024  1253 20856 D UmdCamera: ShutterCb 
07-08 12:29:12.051  1253  7036 D UmdCamera: CAMERA_SUBMIT_REQUEST
07-08 12:29:12.055  1253 20856 D UmdCamera: ShutterCb 
07-08 12:29:12.058  1253  7036 D UmdCamera: Camera submit request
07-08 12:29:12.085  1253  7036 D UmdCamera: CAMERA_SUBMIT_REQUEST
07-08 12:29:12.085  1253  7036 D UmdCamera: Camera submit request
07-08 12:29:12.088  1253 20856 D UmdCamera: ShutterCb 
07-08 12:29:12.116  1253  7036 D UmdCamera: CAMERA_SUBMIT_REQUEST
07-08 12:29:12.117  1253  7036 D UmdCamera: Camera submit request
07-08 12:29:12.129  1253 20856 D UmdCamera: ShutterCb 
07-08 12:29:12.149  1253  7036 D UmdCamera: CAMERA_SUBMIT_REQUEST
07-08 12:29:12.149  1253  7036 D UmdCamera: Camera submit request
07-08 12:29:12.155  1253 20856 D UmdCamera: ShutterCb 
07-08 12:29:12.185  1253  7036 D UmdCamera: CAMERA_SUBMIT_REQUEST
07-08 12:29:12.185  1253  7036 D UmdCamera: Camera submit request
07-08 12:29:12.188  1253 20856 D UmdCamera: ShutterCb 
07-08 12:29:12.218  1253  7036 D UmdCamera: CAMERA_SUBMIT_REQUEST
07-08 12:29:12.218  1253  7036 D UmdCamera: Camera submit request
07-08 12:29:12.225  1253 20856 D UmdCamera: ShutterCb 
07-08 12:29:12.255  1253 20856 D UmdCamera: ShutterCb 
07-08 12:29:12.263  1253  7036 D UmdCamera: CAMERA_SUBMIT_REQUEST
07-08 12:29:12.263  1253  7036 D UmdCamera: Camera submit request
07-08 12:29:12.285  1253  7036 D UmdCamera: CAMERA_SUBMIT_REQUEST
07-08 12:29:12.285  1253  7036 D UmdCamera: Camera submit request
07-08 12:29:12.290  1253 20856 D UmdCamera: ShutterCb 
07-08 12:29:12.321  1253 20856 D UmdCamera: ShutterCb 
07-08 12:29:12.325  1253  7036 D UmdCamera: CAMERA_SUBMIT_REQUEST
07-08 12:29:12.325  1253  7036 D UmdCamera: Camera submit request
07-08 12:29:12.350  1253  7036 D UmdCamera: CAMERA_SUBMIT_REQUEST
07-08 12:29:12.351  1253  7036 D UmdCamera: Camera submit request
07-08 12:29:12.355  1253 20856 D UmdCamera: ShutterCb 
07-08 12:29:12.383  1253  7036 D UmdCamera: CAMERA_SUBMIT_REQUEST
07-08 12:29:12.383  1253  7036 D UmdCamera: Camera submit request
07-08 12:29:12.389  1253 20856 D UmdCamera: ShutterCb 
07-08 12:29:12.415  1253  7036 D UmdCamera: CAMERA_SUBMIT_REQUEST
07-08 12:29:12.415  1253  7036 D UmdCamera: Camera submit request
07-08 12:29:12.421  1253 20856 D UmdCamera: ShutterCb 
07-08 12:29:12.455  1253  7036 D UmdCamera: CAMERA_SUBMIT_REQUEST
07-08 12:29:12.455  1253  7036 D UmdCamera: Camera submit request
07-08 12:29:12.458  1253 20856 D UmdCamera: ShutterCb 
07-08 12:29:12.488  1253 20856 D UmdCamera: ShutterCb 
07-08 12:29:12.521  1253 20856 D UmdCamera: ShutterCb 
07-08 12:29:12.555  1253 20856 D UmdCamera: ShutterCb 
07-08 12:29:12.588  1253 20856 D UmdCamera: ShutterCb 
07-08 12:29:12.639  1253  7036 D UmdCamera: CAMERA_SUBMIT_REQUEST
07-08 12:29:12.639  1253  7036 D UmdCamera: Camera submit request
07-08 12:29:12.646  1253  7036 D UmdCamera: CAMERA_SUBMIT_REQUEST
07-08 12:29:12.646  1253  7036 D UmdCamera: Camera submit request
07-08 12:29:12.659  1253  7036 D UmdCamera: CAMERA_SUBMIT_REQUEST
07-08 12:29:12.659  1253  7036 D UmdCamera: Camera submit request
07-08 12:29:12.664  1253  7036 D UmdCamera: CAMERA_SUBMIT_REQUEST
07-08 12:29:12.664  1253  7036 D UmdCamera: Camera submit request
07-08 12:29:12.666  1253  7036 D UmdCamera: CAMERA_SUBMIT_REQUEST
07-08 12:29:12.666  1253  7036 D UmdCamera: Camera submit request
07-08 12:29:12.755  1253 20856 D UmdCamera: ShutterCb 
07-08 12:29:12.788  1253 20856 D UmdCamera: ShutterCb 
07-08 12:29:12.798  1253  7036 D UmdCamera: CAMERA_SUBMIT_REQUEST
07-08 12:29:12.799  1253  7036 D UmdCamera: Camera submit request
07-08 12:29:12.823  1253  7036 D UmdCamera: CAMERA_SUBMIT_REQUEST
07-08 12:29:12.823  1253  7036 D UmdCamera: Camera submit request
07-08 12:29:12.825  1253 20856 D UmdCamera: ShutterCb 
07-08 12:29:12.855  1253  7036 D UmdCamera: CAMERA_SUBMIT_REQUEST
07-08 12:29:12.856  1253 20856 D UmdCamera: ShutterCb 
07-08 12:29:12.855  1253  7036 D UmdCamera: Camera submit request
07-08 12:29:12.886  1253  7036 D UmdCamera: CAMERA_SUBMIT_REQUEST
07-08 12:29:12.886  1253  7036 D UmdCamera: Camera submit request
07-08 12:29:12.889  1253 20856 D UmdCamera: ShutterCb 
07-08 12:29:12.923  1253 20856 D UmdCamera: ShutterCb 
07-08 12:29:12.923  1253  7036 D UmdCamera: CAMERA_SUBMIT_REQUEST
07-08 12:29:12.923  1253  7036 D UmdCamera: Camera submit request
07-08 12:29:12.952  1253  7036 D UmdCamera: CAMERA_SUBMIT_REQUEST
07-08 12:29:12.952  1253  7036 D UmdCamera: Camera submit request
07-08 12:29:12.957  1253 20856 D UmdCamera: ShutterCb 
07-08 12:29:12.985  1253  7036 D UmdCamera: CAMERA_SUBMIT_REQUEST
07-08 12:29:12.985  1253  7036 D UmdCamera: Camera submit request
07-08 12:29:12.988  1253 20856 D UmdCamera: ShutterCb 
07-08 12:29:13.014  1253  7036 D UmdCamera: CAMERA_SUBMIT_REQUEST
07-08 12:29:13.014  1253  7036 D UmdCamera: Camera submit request
07-08 12:29:13.021  1253 20856 D UmdCamera: ShutterCb 
07-08 12:29:13.049  1253  7036 D UmdCamera: CAMERA_SUBMIT_REQUEST
07-08 12:29:13.049  1253  7036 D UmdCamera: Camera submit request
07-08 12:29:13.055  1253 20856 D UmdCamera: ShutterCb 
07-08 12:29:13.082  1253  7036 D UmdCamera: CAMERA_SUBMIT_REQUEST
07-08 12:29:13.082  1253  7036 D UmdCamera: Camera submit request
07-08 12:29:13.088  1253 20856 D UmdCamera: ShutterCb 
07-08 12:29:13.119  1253  7036 D UmdCamera: CAMERA_SUBMIT_REQUEST
07-08 12:29:13.119  1253  7036 D UmdCamera: Camera submit request
07-08 12:29:13.124  1253 20856 D UmdCamera: ShutterCb 
07-08 12:29:13.152  1253  7036 D UmdCamera: CAMERA_SUBMIT_REQUEST
07-08 12:29:13.153  1253  7036 D UmdCamera: Camera submit request
07-08 12:29:13.155  1253 20856 D UmdCamera: ShutterCb 
07-08 12:29:13.185  1253  7036 D UmdCamera: CAMERA_SUBMIT_REQUEST
07-08 12:29:13.185  1253  7036 D UmdCamera: Camera submit request
07-08 12:29:13.192  1253 20856 D UmdCamera: ShutterCb 
07-08 12:29:13.216  1253  7036 D UmdCamera: CAMERA_SUBMIT_REQUEST
07-08 12:29:13.216  1253  7036 D UmdCamera: Camera submit request
07-08 12:29:13.221  1253 20856 D UmdCamera: ShutterCb 
07-08 12:29:13.254  1253  7036 D UmdCamera: CAMERA_SUBMIT_REQUEST
07-08 12:29:13.254  1253  7036 D UmdCamera: Camera submit request
07-08 12:29:13.255  1253 20856 D UmdCamera: ShutterCb 
07-08 12:29:13.288  1253  7036 D UmdCamera: CAMERA_SUBMIT_REQUEST
07-08 12:29:13.288  1253  7036 D UmdCamera: Camera submit request
07-08 12:29:13.293  1253 20856 D UmdCamera: ShutterCb 
07-08 12:29:13.317  1253  7036 D UmdCamera: CAMERA_SUBMIT_REQUEST
07-08 12:29:13.317  1253  7036 D UmdCamera: Camera submit request
07-08 12:29:13.322  1253 20856 D UmdCamera: ShutterCb 
07-08 12:29:13.356  1253 20856 D UmdCamera: ShutterCb 
07-08 12:29:13.358  1253  7036 D UmdCamera: CAMERA_SUBMIT_REQUEST
07-08 12:29:13.359  1253  7036 D UmdCamera: Camera submit request
07-08 12:29:13.386  1253  7036 D UmdCamera: CAMERA_SUBMIT_REQUEST
07-08 12:29:13.386  1253  7036 D UmdCamera: Camera submit request
07-08 12:29:13.388  1253 20856 D UmdCamera: ShutterCb 
07-08 12:29:13.418  1253  7036 D UmdCamera: CAMERA_SUBMIT_REQUEST
07-08 12:29:13.418  1253  7036 D UmdCamera: Camera submit request
07-08 12:29:13.424  1253 20856 D UmdCamera: ShutterCb 
07-08 12:29:13.453  1253  7036 D UmdCamera: CAMERA_SUBMIT_REQUEST
07-08 12:29:13.453  1253  7036 D UmdCamera: Camera submit request
07-08 12:29:13.456  1253 20856 D UmdCamera: ShutterCb 
07-08 12:29:13.488  1253  7036 D UmdCamera: CAMERA_SUBMIT_REQUEST
07-08 12:29:13.488  1253  7036 D UmdCamera: Camera submit request
07-08 12:29:13.490  1253 20856 D UmdCamera: ShutterCb 
07-08 12:29:13.517  1253  7036 D UmdCamera: CAMERA_SUBMIT_REQUEST
07-08 12:29:13.517  1253  7036 D UmdCamera: Camera submit request
07-08 12:29:13.521  1253 20856 D UmdCamera: ShutterCb 
07-08 12:29:13.552  1253  7036 D UmdCamera: CAMERA_SUBMIT_REQUEST
07-08 12:29:13.552  1253  7036 D UmdCamera: Camera submit request
07-08 12:29:13.557  1253 20856 D UmdCamera: ShutterCb 
07-08 12:29:13.581  1253  7036 D UmdCamera: CAMERA_SUBMIT_REQUEST
07-08 12:29:13.581  1253  7036 D UmdCamera: Camera submit request
07-08 12:29:13.588  1253 20856 D UmdCamera: ShutterCb 
07-08 12:29:13.614  1253  7036 D UmdCamera: CAMERA_SUBMIT_REQUEST
07-08 12:29:13.617  1253  7036 D UmdCamera: Camera submit request
07-08 12:29:13.621  1253 20856 D UmdCamera: ShutterCb 
07-08 12:29:13.652  1253  7036 D UmdCamera: CAMERA_SUBMIT_REQUEST
07-08 12:29:13.652  1253  7036 D UmdCamera: Camera submit request
07-08 12:29:13.658  1253 20856 D UmdCamera: ShutterCb 
07-08 12:29:13.683  1253  7036 D UmdCamera: CAMERA_SUBMIT_REQUEST
07-08 12:29:13.683  1253  7036 D UmdCamera: Camera submit request
07-08 12:29:13.688  1253 20856 D UmdCamera: ShutterCb 
07-08 12:29:13.719  1253  7036 D UmdCamera: CAMERA_SUBMIT_REQUEST
07-08 12:29:13.719  1253  7036 D UmdCamera: Camera submit request
07-08 12:29:13.721  1253 20856 D UmdCamera: ShutterCb 
07-08 12:29:13.749  1253  7036 D UmdCamera: CAMERA_SUBMIT_REQUEST
07-08 12:29:13.749  1253  7036 D UmdCamera: Camera submit request
07-08 12:29:13.755  1253 20856 D UmdCamera: ShutterCb 
07-08 12:29:13.783  1253  7036 D UmdCamera: CAMERA_SUBMIT_REQUEST
07-08 12:29:13.783  1253  7036 D UmdCamera: Camera submit request
07-08 12:29:13.788  1253 20856 D UmdCamera: ShutterCb 
07-08 12:29:13.822  1253 20856 D UmdCamera: ShutterCb 
07-08 12:29:13.826  1253  7036 D UmdCamera: CAMERA_SUBMIT_REQUEST
07-08 12:29:13.827  1253  7036 D UmdCamera: Camera submit request
07-08 12:29:13.850  1253  7036 D UmdCamera: CAMERA_SUBMIT_REQUEST
07-08 12:29:13.854  1253  7036 D UmdCamera: Camera submit request
07-08 12:29:13.857  1253 20856 D UmdCamera: ShutterCb 
07-08 12:29:13.884  1253  7036 D UmdCamera: CAMERA_SUBMIT_REQUEST
07-08 12:29:13.884  1253  7036 D UmdCamera: Camera submit request
07-08 12:29:13.888  1253 20856 D UmdCamera: ShutterCb 
07-08 12:29:13.917  1253  7036 D UmdCamera: CAMERA_SUBMIT_REQUEST
07-08 12:29:13.917  1253  7036 D UmdCamera: Camera submit request
07-08 12:29:13.923  1253 20856 D UmdCamera: ShutterCb 
07-08 12:29:13.951  1253  7036 D UmdCamera: CAMERA_SUBMIT_REQUEST
07-08 12:29:13.951  1253  7036 D UmdCamera: Camera submit request
07-08 12:29:13.957  1253 20856 D UmdCamera: ShutterCb 
07-08 12:29:13.982  1253  7036 D UmdCamera: CAMERA_SUBMIT_REQUEST
07-08 12:29:13.982  1253  7036 D UmdCamera: Camera submit request
07-08 12:29:13.988  1253 20856 D UmdCamera: ShutterCb 
07-08 12:29:14.014  1253  7036 D UmdCamera: CAMERA_SUBMIT_REQUEST
07-08 12:29:14.014  1253  7036 D UmdCamera: Camera submit request
07-08 12:29:14.021  1253 20856 D UmdCamera: ShutterCb 
07-08 12:29:14.047  1253  7036 D UmdCamera: CAMERA_SUBMIT_REQUEST
07-08 12:29:14.047  1253  7036 D UmdCamera: Camera submit request
07-08 12:29:14.054  1253 20856 D UmdCamera: ShutterCb 
07-08 12:29:14.080  1253  7036 D UmdCamera: CAMERA_SUBMIT_REQUEST
07-08 12:29:14.081  1253  7036 D UmdCamera: Camera submit request
07-08 12:29:14.088  1253 20856 D UmdCamera: ShutterCb 
07-08 12:29:14.116  1253  7036 D UmdCamera: CAMERA_SUBMIT_REQUEST
07-08 12:29:14.117  1253  7036 D UmdCamera: Camera submit request
07-08 12:29:14.121  1253 20856 D UmdCamera: ShutterCb 
07-08 12:29:14.154  1253 20856 D UmdCamera: ShutterCb 
07-08 12:29:14.188  1253 20856 D UmdCamera: ShutterCb 
07-08 12:29:14.221  1253 20856 D UmdCamera: ShutterCb 
07-08 12:29:14.249  1253  7036 D UmdCamera: CAMERA_SUBMIT_REQUEST
07-08 12:29:14.249  1253  7036 D UmdCamera: Camera submit request
07-08 12:29:14.262  1253 20856 D UmdCamera: ShutterCb 
07-08 12:29:14.264  1253  7036 D UmdCamera: CAMERA_SUBMIT_REQUEST
07-08 12:29:14.264  1253  7036 D UmdCamera: Camera submit request
07-08 12:29:14.264  1253  7036 D UmdCamera: CAMERA_SUBMIT_REQUEST
07-08 12:29:14.264  1253  7036 D UmdCamera: Camera submit request
07-08 12:29:14.275  1253  7036 D UmdCamera: CAMERA_SUBMIT_REQUEST
07-08 12:29:14.275  1253  7036 D UmdCamera: Camera submit request
07-08 12:29:14.290  1253  7036 D UmdCamera: CAMERA_SUBMIT_REQUEST
07-08 12:29:14.290  1253  7036 D UmdCamera: Camera submit request
07-08 12:29:14.354  1253 20856 D UmdCamera: ShutterCb 
07-08 12:29:14.388  1253 20856 D UmdCamera: ShutterCb 
07-08 12:29:14.421  1253 20856 D UmdCamera: ShutterCb 
07-08 12:29:14.455  1253 20856 D UmdCamera: ShutterCb 
07-08 12:29:14.487  1253 20856 D UmdCamera: ShutterCb 
07-08 12:29:14.619  1253  7036 D UmdCamera: CAMERA_SUBMIT_REQUEST
07-08 12:29:14.619  1253  7036 D UmdCamera: Camera submit request
07-08 12:29:14.628  1253  7036 D UmdCamera: CAMERA_SUBMIT_REQUEST
07-08 12:29:14.628  1253  7036 D UmdCamera: Camera submit request
07-08 12:29:14.641  1253  7036 D UmdCamera: CAMERA_SUBMIT_REQUEST
07-08 12:29:14.641  1253  7036 D UmdCamera: Camera submit request
07-08 12:29:14.643  1253  7036 D UmdCamera: CAMERA_SUBMIT_REQUEST
07-08 12:29:14.643  1253  7036 D UmdCamera: Camera submit request
07-08 12:29:14.643  1253  7036 D UmdCamera: CAMERA_SUBMIT_REQUEST
07-08 12:29:14.643  1253  7036 D UmdCamera: Camera submit request
07-08 12:29:14.721  1253  1319 D UmdCamera: ShutterCb 
07-08 12:29:14.754  1253  1319 D UmdCamera: ShutterCb 
07-08 12:29:14.781  1253  7036 D UmdCamera: CAMERA_SUBMIT_REQUEST
07-08 12:29:14.781  1253  7036 D UmdCamera: Camera submit request
07-08 12:29:14.788  1253  7036 D UmdCamera: CAMERA_SUBMIT_REQUEST
07-08 12:29:14.788  1253  7036 D UmdCamera: Camera submit request
07-08 12:29:14.790  1253  1319 D UmdCamera: ShutterCb 
07-08 12:29:14.821  1253  1319 D UmdCamera: ShutterCb 
07-08 12:29:14.823  1253  7036 D UmdCamera: CAMERA_SUBMIT_REQUEST
07-08 12:29:14.823  1253  7036 D UmdCamera: Camera submit request
07-08 12:29:14.854  1253  7036 D UmdCamera: CAMERA_SUBMIT_REQUEST
07-08 12:29:14.854  1253  7036 D UmdCamera: Camera submit request
07-08 12:29:14.861  1253  1319 D UmdCamera: ShutterCb 
07-08 12:29:14.887  1253  7036 D UmdCamera: CAMERA_SUBMIT_REQUEST
07-08 12:29:14.887  1253  7036 D UmdCamera: Camera submit request
07-08 12:29:14.888  1253  1319 D UmdCamera: ShutterCb 
07-08 12:29:14.921  1253  1319 D UmdCamera: ShutterCb 
07-08 12:29:14.925  1253  7036 D UmdCamera: CAMERA_SUBMIT_REQUEST
07-08 12:29:14.925  1253  7036 D UmdCamera: Camera submit request
07-08 12:29:14.950  1253  7036 D UmdCamera: CAMERA_SUBMIT_REQUEST
07-08 12:29:14.950  1253  7036 D UmdCamera: Camera submit request
07-08 12:29:14.955  1253  1319 D UmdCamera: ShutterCb 
07-08 12:29:14.985  1253  7036 D UmdCamera: CAMERA_SUBMIT_REQUEST
07-08 12:29:14.985  1253  7036 D UmdCamera: Camera submit request
07-08 12:29:14.990  1253  1319 D UmdCamera: ShutterCb 
07-08 12:29:15.017  1253  7036 D UmdCamera: CAMERA_SUBMIT_REQUEST
07-08 12:29:15.017  1253  7036 D UmdCamera: Camera submit request
07-08 12:29:15.021  1253  1319 D UmdCamera: ShutterCb 
07-08 12:29:15.051  1253  7036 D UmdCamera: CAMERA_SUBMIT_REQUEST
07-08 12:29:15.051  1253  7036 D UmdCamera: Camera submit request
07-08 12:29:15.055  1253  1319 D UmdCamera: ShutterCb 
07-08 12:29:15.083  1253  7036 D UmdCamera: CAMERA_SUBMIT_REQUEST
07-08 12:29:15.083  1253  7036 D UmdCamera: Camera submit request
07-08 12:29:15.088  1253  1319 D UmdCamera: ShutterCb 
07-08 12:29:15.116  1253  7036 D UmdCamera: CAMERA_SUBMIT_REQUEST
07-08 12:29:15.116  1253  7036 D UmdCamera: Camera submit request
07-08 12:29:15.123  1253  1319 D UmdCamera: ShutterCb 
07-08 12:29:15.149  1253  7036 D UmdCamera: CAMERA_SUBMIT_REQUEST
07-08 12:29:15.149  1253  7036 D UmdCamera: Camera submit request
07-08 12:29:15.154  1253  1319 D UmdCamera: ShutterCb 
07-08 12:29:15.184  1253  7036 D UmdCamera: CAMERA_SUBMIT_REQUEST
07-08 12:29:15.185  1253  7036 D UmdCamera: Camera submit request
07-08 12:29:15.190  1253  1319 D UmdCamera: ShutterCb 
07-08 12:29:15.217  1253  7036 D UmdCamera: CAMERA_SUBMIT_REQUEST
07-08 12:29:15.217  1253  7036 D UmdCamera: Camera submit request
07-08 12:29:15.221  1253  1319 D UmdCamera: ShutterCb 
07-08 12:29:15.255  1253  1319 D UmdCamera: ShutterCb 
07-08 12:29:15.258  1253  7036 D UmdCamera: CAMERA_SUBMIT_REQUEST
07-08 12:29:15.258  1253  7036 D UmdCamera: Camera submit request
07-08 12:29:15.285  1253  7036 D UmdCamera: CAMERA_SUBMIT_REQUEST
07-08 12:29:15.285  1253  7036 D UmdCamera: Camera submit request
07-08 12:29:15.288  1253  1319 D UmdCamera: ShutterCb 
07-08 12:29:15.319  1253  7036 D UmdCamera: CAMERA_SUBMIT_REQUEST
07-08 12:29:15.319  1253  7036 D UmdCamera: Camera submit request
07-08 12:29:15.321  1253 20856 D UmdCamera: ShutterCb 
07-08 12:29:15.352  1253  7036 D UmdCamera: CAMERA_SUBMIT_REQUEST
07-08 12:29:15.352  1253  7036 D UmdCamera: Camera submit request
07-08 12:29:15.356  1253 20856 D UmdCamera: ShutterCb 
07-08 12:29:15.391  1253 20856 D UmdCamera: ShutterCb 
07-08 12:29:15.395  1253  7036 D UmdCamera: CAMERA_SUBMIT_REQUEST
07-08 12:29:15.395  1253  7036 D UmdCamera: Camera submit request
07-08 12:29:15.415  1253  7036 D UmdCamera: CAMERA_SUBMIT_REQUEST
07-08 12:29:15.415  1253  7036 D UmdCamera: Camera submit request
07-08 12:29:15.421  1253 20856 D UmdCamera: ShutterCb 
07-08 12:29:15.447  1253  7036 D UmdCamera: CAMERA_SUBMIT_REQUEST
07-08 12:29:15.454  1253  7036 D UmdCamera: Camera submit request
07-08 12:29:15.454  1253 20856 D UmdCamera: ShutterCb 
07-08 12:29:15.483  1253  7036 D UmdCamera: CAMERA_SUBMIT_REQUEST
07-08 12:29:15.483  1253  7036 D UmdCamera: Camera submit request
07-08 12:29:15.488  1253 20856 D UmdCamera: ShutterCb 
07-08 12:29:15.519  1253  7036 D UmdCamera: CAMERA_SUBMIT_REQUEST
07-08 12:29:15.519  1253  7036 D UmdCamera: Camera submit request
07-08 12:29:15.525  1253 20856 D UmdCamera: ShutterCb 
07-08 12:29:15.554  1253  7036 D UmdCamera: CAMERA_SUBMIT_REQUEST
07-08 12:29:15.554  1253  7036 D UmdCamera: Camera submit request
07-08 12:29:15.555  1253 20856 D UmdCamera: ShutterCb 
07-08 12:29:15.584  1253  7036 D UmdCamera: CAMERA_SUBMIT_REQUEST
07-08 12:29:15.584  1253  7036 D UmdCamera: Camera submit request
07-08 12:29:15.588  1253 20856 D UmdCamera: ShutterCb 
07-08 12:29:15.615  1253  7036 D UmdCamera: CAMERA_SUBMIT_REQUEST
07-08 12:29:15.615  1253  7036 D UmdCamera: Camera submit request
07-08 12:29:15.622  1253 20856 D UmdCamera: ShutterCb 
07-08 12:29:15.652  1253  7036 D UmdCamera: CAMERA_SUBMIT_REQUEST
07-08 12:29:15.652  1253  7036 D UmdCamera: Camera submit request
07-08 12:29:15.658  1253 20856 D UmdCamera: ShutterCb 
07-08 12:29:15.684  1253  7036 D UmdCamera: CAMERA_SUBMIT_REQUEST
07-08 12:29:15.684  1253  7036 D UmdCamera: Camera submit request
07-08 12:29:15.688  1253 20856 D UmdCamera: ShutterCb 
07-08 12:29:15.726  1253 20856 D UmdCamera: ShutterCb 
07-08 12:29:15.729  1253  7036 D UmdCamera: CAMERA_SUBMIT_REQUEST
07-08 12:29:15.740  1253  7036 D UmdCamera: Camera submit request
07-08 12:29:15.747  1253  7036 D UmdCamera: CAMERA_SUBMIT_REQUEST
07-08 12:29:15.747  1253  7036 D UmdCamera: Camera submit request
07-08 12:29:15.788  1253 20856 D UmdCamera: ShutterCb 
07-08 12:29:15.821  1253 20856 D UmdCamera: ShutterCb 
07-08 12:29:15.818  1253  7036 D UmdCamera: CAMERA_SUBMIT_REQUEST
07-08 12:29:15.822  1253  7036 D UmdCamera: Camera submit request
07-08 12:29:15.847  1253  7036 D UmdCamera: CAMERA_SUBMIT_REQUEST
07-08 12:29:15.847  1253  7036 D UmdCamera: Camera submit request
07-08 12:29:15.854  1253 20856 D UmdCamera: ShutterCb 
07-08 12:29:15.887  1253  7036 D UmdCamera: CAMERA_SUBMIT_REQUEST
07-08 12:29:15.887  1253  7036 D UmdCamera: Camera submit request
07-08 12:29:15.900  1253 20856 D UmdCamera: ShutterCb 
07-08 12:29:15.920  1253 20856 D UmdCamera: ShutterCb 
07-08 12:29:15.922  1253  7036 D UmdCamera: CAMERA_SUBMIT_REQUEST
07-08 12:29:15.923  1253  7036 D UmdCamera: Camera submit request
07-08 12:29:15.951  1253  7036 D UmdCamera: CAMERA_SUBMIT_REQUEST
07-08 12:29:15.951  1253  7036 D UmdCamera: Camera submit request
07-08 12:29:15.954  1253 20856 D UmdCamera: ShutterCb 
07-08 12:29:15.987  1253 20856 D UmdCamera: ShutterCb 
07-08 12:29:15.990  1253  7036 D UmdCamera: CAMERA_SUBMIT_REQUEST
07-08 12:29:15.990  1253  7036 D UmdCamera: Camera submit request
07-08 12:29:16.015  1253  7036 D UmdCamera: CAMERA_SUBMIT_REQUEST
07-08 12:29:16.015  1253  7036 D UmdCamera: Camera submit request
07-08 12:29:16.020  1253 20856 D UmdCamera: ShutterCb 
07-08 12:29:16.049  1253  7036 D UmdCamera: CAMERA_SUBMIT_REQUEST
07-08 12:29:16.050  1253  7036 D UmdCamera: Camera submit request
07-08 12:29:16.059  1253 20856 D UmdCamera: ShutterCb 
07-08 12:29:16.082  1253  7036 D UmdCamera: CAMERA_SUBMIT_REQUEST
07-08 12:29:16.083  1253  7036 D UmdCamera: Camera submit request
07-08 12:29:16.087  1253 20856 D UmdCamera: ShutterCb 
07-08 12:29:16.116  1253  7036 D UmdCamera: CAMERA_SUBMIT_REQUEST
07-08 12:29:16.118  1253  7036 D UmdCamera: Camera submit request
07-08 12:29:16.122  1253 20856 D UmdCamera: ShutterCb 
07-08 12:29:16.150  1253  7036 D UmdCamera: CAMERA_SUBMIT_REQUEST
07-08 12:29:16.150  1253  7036 D UmdCamera: Camera submit request
07-08 12:29:16.154  1253 20856 D UmdCamera: ShutterCb 
07-08 12:29:16.189  1253 20856 D UmdCamera: ShutterCb 
07-08 12:29:16.191  1253  7036 D UmdCamera: CAMERA_SUBMIT_REQUEST
07-08 12:29:16.191  1253  7036 D UmdCamera: Camera submit request
07-08 12:29:16.216  1253  7036 D UmdCamera: CAMERA_SUBMIT_REQUEST
07-08 12:29:16.216  1253  7036 D UmdCamera: Camera submit request
07-08 12:29:16.221  1253 20856 D UmdCamera: ShutterCb 
07-08 12:29:16.249  1253  7036 D UmdCamera: CAMERA_SUBMIT_REQUEST
07-08 12:29:16.249  1253  7036 D UmdCamera: Camera submit request
07-08 12:29:16.254  1253 20856 D UmdCamera: ShutterCb 
07-08 12:29:16.284  1253  7036 D UmdCamera: CAMERA_SUBMIT_REQUEST
07-08 12:29:16.284  1253  7036 D UmdCamera: Camera submit request
07-08 12:29:16.287  1253 20856 D UmdCamera: ShutterCb 
07-08 12:29:16.316  1253  7036 D UmdCamera: CAMERA_SUBMIT_REQUEST
07-08 12:29:16.318  1253  7036 D UmdCamera: Camera submit request
07-08 12:29:16.320  1253 20856 D UmdCamera: ShutterCb 
07-08 12:29:16.355  1253  7036 D UmdCamera: CAMERA_SUBMIT_REQUEST
07-08 12:29:16.355  1253  7036 D UmdCamera: Camera submit request
07-08 12:29:16.357  1253 20856 D UmdCamera: ShutterCb 
07-08 12:29:16.383  1253  7036 D UmdCamera: CAMERA_SUBMIT_REQUEST
07-08 12:29:16.383  1253  7036 D UmdCamera: Camera submit request
07-08 12:29:16.388  1253 20856 D UmdCamera: ShutterCb 
07-08 12:29:16.420  1253  7036 D UmdCamera: CAMERA_SUBMIT_REQUEST
07-08 12:29:16.420  1253  7036 D UmdCamera: Camera submit request
07-08 12:29:16.421  1253 20856 D UmdCamera: ShutterCb 
07-08 12:29:16.449  1253  7036 D UmdCamera: CAMERA_SUBMIT_REQUEST
07-08 12:29:16.449  1253  7036 D UmdCamera: Camera submit request
07-08 12:29:16.455  1253 20856 D UmdCamera: ShutterCb 
07-08 12:29:16.485  1253  7036 D UmdCamera: CAMERA_SUBMIT_REQUEST
07-08 12:29:16.485  1253  7036 D UmdCamera: Camera submit request
07-08 12:29:16.488  1253 20856 D UmdCamera: ShutterCb 
07-08 12:29:16.517  1253  7036 D UmdCamera: CAMERA_SUBMIT_REQUEST
07-08 12:29:16.517  1253  7036 D UmdCamera: Camera submit request
07-08 12:29:16.521  1253 20856 D UmdCamera: ShutterCb 
07-08 12:29:16.552  1253  7036 D UmdCamera: CAMERA_SUBMIT_REQUEST
07-08 12:29:16.552  1253  7036 D UmdCamera: Camera submit request
07-08 12:29:16.554  1253 20856 D UmdCamera: ShutterCb 
07-08 12:29:16.583  1253  7036 D UmdCamera: CAMERA_SUBMIT_REQUEST
07-08 12:29:16.583  1253  7036 D UmdCamera: Camera submit request
07-08 12:29:16.588  1253 20856 D UmdCamera: ShutterCb 
07-08 12:29:16.619  1253  7036 D UmdCamera: CAMERA_SUBMIT_REQUEST
07-08 12:29:16.619  1253  7036 D UmdCamera: Camera submit request
07-08 12:29:16.624  1253 20856 D UmdCamera: ShutterCb 
07-08 12:29:16.652  1253  7036 D UmdCamera: CAMERA_SUBMIT_REQUEST
07-08 12:29:16.652  1253  7036 D UmdCamera: Camera submit request
07-08 12:29:16.656  1253 20856 D UmdCamera: ShutterCb 
07-08 12:29:16.684  1253  7036 D UmdCamera: CAMERA_SUBMIT_REQUEST
07-08 12:29:16.684  1253  7036 D UmdCamera: Camera submit request
07-08 12:29:16.688  1253 20856 D UmdCamera: ShutterCb 
07-08 12:29:16.714  1253  7036 D UmdCamera: CAMERA_SUBMIT_REQUEST
07-08 12:29:16.714  1253  7036 D UmdCamera: Camera submit request
07-08 12:29:16.721  1253 20856 D UmdCamera: ShutterCb 
07-08 12:29:16.753  1253  7036 D UmdCamera: CAMERA_SUBMIT_REQUEST
07-08 12:29:16.754  1253  7036 D UmdCamera: Camera submit request
07-08 12:29:16.756  1253 20856 D UmdCamera: ShutterCb 
07-08 12:29:16.787  1253  7036 D UmdCamera: CAMERA_SUBMIT_REQUEST
07-08 12:29:16.787  1253  7036 D UmdCamera: Camera submit request
07-08 12:29:16.788  1253 20856 D UmdCamera: ShutterCb 
07-08 12:29:16.816  1253  7036 D UmdCamera: CAMERA_SUBMIT_REQUEST
07-08 12:29:16.817  1253  7036 D UmdCamera: Camera submit request
07-08 12:29:16.821  1253 20856 D UmdCamera: ShutterCb 
07-08 12:29:16.847  1253  7036 D UmdCamera: CAMERA_SUBMIT_REQUEST
07-08 12:29:16.847  1253  7036 D UmdCamera: Camera submit request
07-08 12:29:16.854  1253 20856 D UmdCamera: ShutterCb 
07-08 12:29:16.884  1253  7036 D UmdCamera: CAMERA_SUBMIT_REQUEST
07-08 12:29:16.884  1253  7036 D UmdCamera: Camera submit request
07-08 12:29:16.892  1253 20856 D UmdCamera: ShutterCb 
07-08 12:29:16.914  1253  7036 D UmdCamera: CAMERA_SUBMIT_REQUEST
07-08 12:29:16.914  1253  7036 D UmdCamera: Camera submit request
07-08 12:29:16.920  1253 20856 D UmdCamera: ShutterCb 
07-08 12:29:16.954  1253 20856 D UmdCamera: ShutterCb 
07-08 12:29:16.962  1253  7036 D UmdCamera: CAMERA_SUBMIT_REQUEST
07-08 12:29:16.963  1253  7036 D UmdCamera: Camera submit request
07-08 12:29:16.984  1253  7036 D UmdCamera: CAMERA_SUBMIT_REQUEST
07-08 12:29:16.984  1253  7036 D UmdCamera: Camera submit request
07-08 12:29:16.987  1253 20856 D UmdCamera: ShutterCb 
07-08 12:29:17.018  1253  7036 D UmdCamera: CAMERA_SUBMIT_REQUEST
07-08 12:29:17.018  1253  7036 D UmdCamera: Camera submit request
07-08 12:29:17.020  1253 20856 D UmdCamera: ShutterCb 
07-08 12:29:17.048  1253  7036 D UmdCamera: CAMERA_SUBMIT_REQUEST
07-08 12:29:17.048  1253  7036 D UmdCamera: Camera submit request
07-08 12:29:17.054  1253 20856 D UmdCamera: ShutterCb 
07-08 12:29:17.083  1253  7036 D UmdCamera: CAMERA_SUBMIT_REQUEST
07-08 12:29:17.083  1253  7036 D UmdCamera: Camera submit request
07-08 12:29:17.088  1253 20856 D UmdCamera: ShutterCb 
07-08 12:29:17.117  1253  7036 D UmdCamera: CAMERA_SUBMIT_REQUEST
07-08 12:29:17.117  1253  7036 D UmdCamera: Camera submit request
07-08 12:29:17.121  1253 20856 D UmdCamera: ShutterCb 
07-08 12:29:17.147  1253  7036 D UmdCamera: CAMERA_SUBMIT_REQUEST
07-08 12:29:17.147  1253  7036 D UmdCamera: Camera submit request
07-08 12:29:17.154  1253 20856 D UmdCamera: ShutterCb 
07-08 12:29:17.181  1253  7036 D UmdCamera: CAMERA_SUBMIT_REQUEST
07-08 12:29:17.181  1253  7036 D UmdCamera: Camera submit request
07-08 12:29:17.187  1253 20856 D UmdCamera: ShutterCb 
07-08 12:29:17.215  1253  7036 D UmdCamera: CAMERA_SUBMIT_REQUEST
07-08 12:29:17.215  1253  7036 D UmdCamera: Camera submit request
07-08 12:29:17.222  1253 20856 D UmdCamera: ShutterCb 
07-08 12:29:17.247  1253  7036 D UmdCamera: CAMERA_SUBMIT_REQUEST
07-08 12:29:17.247  1253  7036 D UmdCamera: Camera submit request
07-08 12:29:17.254  1253 20856 D UmdCamera: ShutterCb 
07-08 12:29:17.287  1253  7036 D UmdCamera: CAMERA_SUBMIT_REQUEST
07-08 12:29:17.287  1253  7036 D UmdCamera: Camera submit request
07-08 12:29:17.288  1253  1319 D UmdCamera: ShutterCb 
07-08 12:29:17.315  1253  7036 D UmdCamera: CAMERA_SUBMIT_REQUEST
07-08 12:29:17.315  1253  7036 D UmdCamera: Camera submit request
07-08 12:29:17.321  1253 20856 D UmdCamera: ShutterCb 
07-08 12:29:17.351  1253  7036 D UmdCamera: CAMERA_SUBMIT_REQUEST
07-08 12:29:17.351  1253  7036 D UmdCamera: Camera submit request
07-08 12:29:17.354  1253 20856 D UmdCamera: ShutterCb 
07-08 12:29:17.387  1253 20856 D UmdCamera: ShutterCb 
07-08 12:29:17.397  1253  7036 D UmdCamera: CAMERA_SUBMIT_REQUEST
07-08 12:29:17.397  1253  7036 D UmdCamera: Camera submit request
07-08 12:29:17.416  1253  7036 D UmdCamera: CAMERA_SUBMIT_REQUEST
07-08 12:29:17.416  1253  7036 D UmdCamera: Camera submit request
07-08 12:29:17.421  1253 20856 D UmdCamera: ShutterCb 
07-08 12:29:17.454  1253 20856 D UmdCamera: ShutterCb 
07-08 12:29:17.487  1253 20856 D UmdCamera: ShutterCb 
07-08 12:29:17.520  1253 20856 D UmdCamera: ShutterCb 
07-08 12:29:17.545  1253  7036 D UmdCamera: CAMERA_SUBMIT_REQUEST
07-08 12:29:17.545  1253  7036 D UmdCamera: Camera submit request
07-08 12:29:17.547  1253  7036 D UmdCamera: CAMERA_SUBMIT_REQUEST
07-08 12:29:17.547  1253  7036 D UmdCamera: Camera submit request
07-08 12:29:17.549  1253  7036 D UmdCamera: CAMERA_SUBMIT_REQUEST
07-08 12:29:17.549  1253  7036 D UmdCamera: Camera submit request
07-08 12:29:17.562  1253 20856 D UmdCamera: ShutterCb 
07-08 12:29:17.567  1253  7036 D UmdCamera: CAMERA_SUBMIT_REQUEST
07-08 12:29:17.569  1253  7036 D UmdCamera: Camera submit request
07-08 12:29:17.580  1253  7036 D UmdCamera: CAMERA_SUBMIT_REQUEST
07-08 12:29:17.580  1253  7036 D UmdCamera: Camera submit request
07-08 12:29:17.654  1253 20856 D UmdCamera: ShutterCb 
07-08 12:29:17.687  1253 20856 D UmdCamera: ShutterCb 
07-08 12:29:17.715  1253  7036 D UmdCamera: CAMERA_SUBMIT_REQUEST
07-08 12:29:17.715  1253  7036 D UmdCamera: Camera submit request
07-08 12:29:17.723  1253 20856 D UmdCamera: ShutterCb 
07-08 12:29:17.727  1253  7036 D UmdCamera: CAMERA_SUBMIT_REQUEST
07-08 12:29:17.727  1253  7036 D UmdCamera: Camera submit request
07-08 12:29:17.749  1253  7036 D UmdCamera: CAMERA_SUBMIT_REQUEST
07-08 12:29:17.749  1253  7036 D UmdCamera: Camera submit request
07-08 12:29:17.754  1253 20856 D UmdCamera: ShutterCb 
07-08 12:29:17.787  1253  7036 D UmdCamera: CAMERA_SUBMIT_REQUEST
07-08 12:29:17.787  1253  7036 D UmdCamera: Camera submit request
07-08 12:29:17.790  1253 20856 D UmdCamera: ShutterCb 
07-08 12:29:17.818  1253  7036 D UmdCamera: CAMERA_SUBMIT_REQUEST
07-08 12:29:17.818  1253  7036 D UmdCamera: Camera submit request
07-08 12:29:17.820  1253 20856 D UmdCamera: ShutterCb 
07-08 12:29:17.850  1253  7036 D UmdCamera: CAMERA_SUBMIT_REQUEST
07-08 12:29:17.850  1253  7036 D UmdCamera: Camera submit request
07-08 12:29:17.855  1253 20856 D UmdCamera: ShutterCb 
07-08 12:29:17.890  1253  7036 D UmdCamera: CAMERA_SUBMIT_REQUEST
07-08 12:29:17.890  1253  7036 D UmdCamera: Camera submit request
07-08 12:29:17.892  1253 20856 D UmdCamera: ShutterCb 
07-08 12:29:17.915  1253  7036 D UmdCamera: CAMERA_SUBMIT_REQUEST
07-08 12:29:17.918  1253  7036 D UmdCamera: Camera submit request
07-08 12:29:17.920  1253 20856 D UmdCamera: ShutterCb 
07-08 12:29:17.955  1253 20856 D UmdCamera: ShutterCb 
07-08 12:29:17.956  1253  7036 D UmdCamera: CAMERA_SUBMIT_REQUEST
07-08 12:29:17.956  1253  7036 D UmdCamera: Camera submit request
07-08 12:29:17.984  1253  7036 D UmdCamera: CAMERA_SUBMIT_REQUEST
07-08 12:29:17.984  1253  7036 D UmdCamera: Camera submit request
07-08 12:29:17.987  1253 20856 D UmdCamera: ShutterCb 
07-08 12:29:18.016  1253  7036 D UmdCamera: CAMERA_SUBMIT_REQUEST
07-08 12:29:18.016  1253  7036 D UmdCamera: Camera submit request
07-08 12:29:18.020  1253 20856 D UmdCamera: ShutterCb 
07-08 12:29:18.056  1253  7036 D UmdCamera: CAMERA_SUBMIT_REQUEST
07-08 12:29:18.056  1253  7036 D UmdCamera: Camera submit request
07-08 12:29:18.057  1253 20856 D UmdCamera: ShutterCb 
07-08 12:29:18.085  1253  7036 D UmdCamera: CAMERA_SUBMIT_REQUEST
07-08 12:29:18.085  1253  7036 D UmdCamera: Camera submit request
07-08 12:29:18.089  1253 20856 D UmdCamera: ShutterCb 
07-08 12:29:18.116  1253  7036 D UmdCamera: CAMERA_SUBMIT_REQUEST
07-08 12:29:18.116  1253  7036 D UmdCamera: Camera submit request
07-08 12:29:18.122  1253 20856 D UmdCamera: ShutterCb 
07-08 12:29:18.150  1253  7036 D UmdCamera: CAMERA_SUBMIT_REQUEST
07-08 12:29:18.150  1253  7036 D UmdCamera: Camera submit request
07-08 12:29:18.154  1253 20856 D UmdCamera: ShutterCb 
07-08 12:29:18.184  1253  7036 D UmdCamera: CAMERA_SUBMIT_REQUEST
07-08 12:29:18.185  1253  7036 D UmdCamera: Camera submit request
07-08 12:29:18.189  1253 20856 D UmdCamera: ShutterCb 
07-08 12:29:18.219  1253  7036 D UmdCamera: CAMERA_SUBMIT_REQUEST
07-08 12:29:18.219  1253  7036 D UmdCamera: Camera submit request
07-08 12:29:18.221  1253  1319 D UmdCamera: ShutterCb 
07-08 12:29:18.254  1253  7036 D UmdCamera: CAMERA_SUBMIT_REQUEST
07-08 12:29:18.254  1253  7036 D UmdCamera: Camera submit request
07-08 12:29:18.255  1253  1319 D UmdCamera: ShutterCb 
07-08 12:29:18.286  1253  7036 D UmdCamera: CAMERA_SUBMIT_REQUEST
07-08 12:29:18.286  1253  7036 D UmdCamera: Camera submit request
07-08 12:29:18.287  1253  1319 D UmdCamera: ShutterCb 
07-08 12:29:18.317  1253  7036 D UmdCamera: CAMERA_SUBMIT_REQUEST
07-08 12:29:18.317  1253  7036 D UmdCamera: Camera submit request
07-08 12:29:18.322  1253  1319 D UmdCamera: ShutterCb 
07-08 12:29:18.352  1253  7036 D UmdCamera: CAMERA_SUBMIT_REQUEST
07-08 12:29:18.353  1253  7036 D UmdCamera: Camera submit request
07-08 12:29:18.354  1253 20856 D UmdCamera: ShutterCb 
07-08 12:29:18.381  1253  7036 D UmdCamera: CAMERA_SUBMIT_REQUEST
07-08 12:29:18.381  1253  7036 D UmdCamera: Camera submit request
07-08 12:29:18.387  1253 20856 D UmdCamera: ShutterCb 
07-08 12:29:18.417  1253  7036 D UmdCamera: CAMERA_SUBMIT_REQUEST
07-08 12:29:18.417  1253  7036 D UmdCamera: Camera submit request
07-08 12:29:18.421  1253 20856 D UmdCamera: ShutterCb 
07-08 12:29:18.448  1253  7036 D UmdCamera: CAMERA_SUBMIT_REQUEST
07-08 12:29:18.448  1253  7036 D UmdCamera: Camera submit request
07-08 12:29:18.453  1253 20856 D UmdCamera: ShutterCb 
07-08 12:29:18.482  1253  7036 D UmdCamera: CAMERA_SUBMIT_REQUEST
07-08 12:29:18.482  1253  7036 D UmdCamera: Camera submit request
07-08 12:29:18.487  1253 20856 D UmdCamera: ShutterCb 
07-08 12:29:18.520  1253  7036 D UmdCamera: CAMERA_SUBMIT_REQUEST
07-08 12:29:18.521  1253  7036 D UmdCamera: Camera submit request
07-08 12:29:18.522  1253 20856 D UmdCamera: ShutterCb 
07-08 12:29:18.550  1253  7036 D UmdCamera: CAMERA_SUBMIT_REQUEST
07-08 12:29:18.550  1253  7036 D UmdCamera: Camera submit request
07-08 12:29:18.555  1253 20856 D UmdCamera: ShutterCb 
07-08 12:29:18.584  1253  7036 D UmdCamera: CAMERA_SUBMIT_REQUEST
07-08 12:29:18.585  1253  7036 D UmdCamera: Camera submit request
07-08 12:29:18.589  1253 20856 D UmdCamera: ShutterCb 
07-08 12:29:18.617  1253  7036 D UmdCamera: CAMERA_SUBMIT_REQUEST
07-08 12:29:18.617  1253  7036 D UmdCamera: Camera submit request
07-08 12:29:18.620  1253 20856 D UmdCamera: ShutterCb 
07-08 12:29:18.651  1253  7036 D UmdCamera: CAMERA_SUBMIT_REQUEST
07-08 12:29:18.651  1253  7036 D UmdCamera: Camera submit request
07-08 12:29:18.656  1253 20856 D UmdCamera: ShutterCb 
07-08 12:29:18.687  1253  7036 D UmdCamera: CAMERA_SUBMIT_REQUEST
07-08 12:29:18.687  1253  7036 D UmdCamera: Camera submit request
07-08 12:29:18.689  1253 20856 D UmdCamera: ShutterCb 
07-08 12:29:18.714  1253  7036 D UmdCamera: CAMERA_SUBMIT_REQUEST
07-08 12:29:18.714  1253  7036 D UmdCamera: Camera submit request
07-08 12:29:18.720  1253 20856 D UmdCamera: ShutterCb 
07-08 12:29:18.751  1253  7036 D UmdCamera: CAMERA_SUBMIT_REQUEST
07-08 12:29:18.751  1253  7036 D UmdCamera: Camera submit request
07-08 12:29:18.754  1253 20856 D UmdCamera: ShutterCb 
07-08 12:29:18.787  1253 20856 D UmdCamera: ShutterCb 
07-08 12:29:18.789  1253  7036 D UmdCamera: CAMERA_SUBMIT_REQUEST
07-08 12:29:18.789  1253  7036 D UmdCamera: Camera submit request
07-08 12:29:18.818  1253  7036 D UmdCamera: CAMERA_SUBMIT_REQUEST
07-08 12:29:18.819  1253  7036 D UmdCamera: Camera submit request
07-08 12:29:18.820  1253 20856 D UmdCamera: ShutterCb 
07-08 12:29:18.851  1253  7036 D UmdCamera: CAMERA_SUBMIT_REQUEST
07-08 12:29:18.851  1253  7036 D UmdCamera: Camera submit request
07-08 12:29:18.856  1253 20856 D UmdCamera: ShutterCb 
07-08 12:29:18.882  1253  7036 D UmdCamera: CAMERA_SUBMIT_REQUEST
07-08 12:29:18.883  1253  7036 D UmdCamera: Camera submit request
07-08 12:29:18.887  1253 20856 D UmdCamera: ShutterCb 
07-08 12:29:18.916  1253  7036 D UmdCamera: CAMERA_SUBMIT_REQUEST
07-08 12:29:18.916  1253  7036 D UmdCamera: Camera submit request
07-08 12:29:18.920  1253 20856 D UmdCamera: ShutterCb 
07-08 12:29:18.948  1253  7036 D UmdCamera: CAMERA_SUBMIT_REQUEST
07-08 12:29:18.948  1253  7036 D UmdCamera: Camera submit request
07-08 12:29:18.953  1253 20856 D UmdCamera: ShutterCb 
07-08 12:29:18.982  1253  7036 D UmdCamera: CAMERA_SUBMIT_REQUEST
07-08 12:29:18.983  1253  7036 D UmdCamera: Camera submit request
07-08 12:29:18.987  1253 20856 D UmdCamera: ShutterCb 
07-08 12:29:19.016  1253  7036 D UmdCamera: CAMERA_SUBMIT_REQUEST
07-08 12:29:19.016  1253  7036 D UmdCamera: Camera submit request
07-08 12:29:19.023  1253 20856 D UmdCamera: ShutterCb 
07-08 12:29:19.048  1253  7036 D UmdCamera: CAMERA_SUBMIT_REQUEST
07-08 12:29:19.048  1253  7036 D UmdCamera: Camera submit request
07-08 12:29:19.053  1253 20856 D UmdCamera: ShutterCb 
07-08 12:29:19.087  1253  7036 D UmdCamera: CAMERA_SUBMIT_REQUEST
07-08 12:29:19.088  1253  7036 D UmdCamera: Camera submit request
07-08 12:29:19.090  1253 20856 D UmdCamera: ShutterCb 
07-08 12:29:19.115  1253  7036 D UmdCamera: CAMERA_SUBMIT_REQUEST
07-08 12:29:19.116  1253  7036 D UmdCamera: Camera submit request
07-08 12:29:19.121  1253 20856 D UmdCamera: ShutterCb 
07-08 12:29:19.153  1253  7036 D UmdCamera: CAMERA_SUBMIT_REQUEST
07-08 12:29:19.153  1253 20856 D UmdCamera: ShutterCb 
07-08 12:29:19.155  1253  7036 D UmdCamera: Camera submit request
07-08 12:29:19.181  1253  7036 D UmdCamera: CAMERA_SUBMIT_REQUEST
07-08 12:29:19.181  1253  7036 D UmdCamera: Camera submit request
07-08 12:29:19.188  1253 20856 D UmdCamera: ShutterCb 
07-08 12:29:19.214  1253  7036 D UmdCamera: CAMERA_SUBMIT_REQUEST
07-08 12:29:19.216  1253  7036 D UmdCamera: Camera submit request
07-08 12:29:19.220  1253 20856 D UmdCamera: ShutterCb 
07-08 12:29:19.248  1253  7036 D UmdCamera: CAMERA_SUBMIT_REQUEST
07-08 12:29:19.248  1253  7036 D UmdCamera: Camera submit request
07-08 12:29:19.253  1253 20856 D UmdCamera: ShutterCb 
07-08 12:29:19.283  1253  7036 D UmdCamera: CAMERA_SUBMIT_REQUEST
07-08 12:29:19.285  1253  7036 D UmdCamera: Camera submit request
07-08 12:29:19.288  1253 20856 D UmdCamera: ShutterCb 
07-08 12:29:19.320  1253  7036 D UmdCamera: CAMERA_SUBMIT_REQUEST
07-08 12:29:19.320  1253  7036 D UmdCamera: Camera submit request
07-08 12:29:19.322  1253 20856 D UmdCamera: ShutterCb 
07-08 12:29:19.355  1253 20856 D UmdCamera: ShutterCb 
07-08 12:29:19.358  1253  7036 D UmdCamera: CAMERA_SUBMIT_REQUEST
07-08 12:29:19.358  1253  7036 D UmdCamera: Camera submit request
07-08 12:29:19.384  1253  7036 D UmdCamera: CAMERA_SUBMIT_REQUEST
07-08 12:29:19.384  1253  7036 D UmdCamera: Camera submit request
07-08 12:29:19.387  1253 20856 D UmdCamera: ShutterCb 
07-08 12:29:19.416  1253  7036 D UmdCamera: CAMERA_SUBMIT_REQUEST
07-08 12:29:19.416  1253  7036 D UmdCamera: Camera submit request
07-08 12:29:19.422  1253 20856 D UmdCamera: ShutterCb 
07-08 12:29:19.448  1253  7036 D UmdCamera: CAMERA_SUBMIT_REQUEST
07-08 12:29:19.448  1253  7036 D UmdCamera: Camera submit request
07-08 12:29:19.453  1253 20856 D UmdCamera: ShutterCb 
07-08 12:29:19.486  1253  7036 D UmdCamera: CAMERA_SUBMIT_REQUEST
07-08 12:29:19.486  1253  7036 D UmdCamera: Camera submit request
07-08 12:29:19.488  1253 20856 D UmdCamera: ShutterCb 
07-08 12:29:19.520  1253 20856 D UmdCamera: ShutterCb 
07-08 12:29:19.522  1253  7036 D UmdCamera: CAMERA_SUBMIT_REQUEST
07-08 12:29:19.522  1253  7036 D UmdCamera: Camera submit request
07-08 12:29:19.554  1253  7036 D UmdCamera: CAMERA_SUBMIT_REQUEST
07-08 12:29:19.554  1253  7036 D UmdCamera: Camera submit request
07-08 12:29:19.556  1253 20856 D UmdCamera: ShutterCb 
07-08 12:29:19.587  1253 20856 D UmdCamera: ShutterCb 
07-08 12:29:19.589  1253  7036 D UmdCamera: CAMERA_SUBMIT_REQUEST
07-08 12:29:19.589  1253  7036 D UmdCamera: Camera submit request
07-08 12:29:19.620  1253  7036 D UmdCamera: CAMERA_SUBMIT_REQUEST
07-08 12:29:19.620  1253  7036 D UmdCamera: Camera submit request
07-08 12:29:19.621  1253 20856 D UmdCamera: ShutterCb 
07-08 12:29:19.649  1253  7036 D UmdCamera: CAMERA_SUBMIT_REQUEST
07-08 12:29:19.649  1253  7036 D UmdCamera: Camera submit request
07-08 12:29:19.653  1253 20856 D UmdCamera: ShutterCb 
07-08 12:29:19.683  1253  7036 D UmdCamera: CAMERA_SUBMIT_REQUEST
07-08 12:29:19.683  1253  7036 D UmdCamera: Camera submit request
07-08 12:29:19.687  1253 20856 D UmdCamera: ShutterCb 
07-08 12:29:19.717  1253  7036 D UmdCamera: CAMERA_SUBMIT_REQUEST
07-08 12:29:19.717  1253  7036 D UmdCamera: Camera submit request
07-08 12:29:19.723  1253 20856 D UmdCamera: ShutterCb 
07-08 12:29:19.748  1253  7036 D UmdCamera: CAMERA_SUBMIT_REQUEST
07-08 12:29:19.748  1253  7036 D UmdCamera: Camera submit request
07-08 12:29:19.754  1253 20856 D UmdCamera: ShutterCb 
07-08 12:29:19.780  1253  7036 D UmdCamera: CAMERA_SUBMIT_REQUEST
07-08 12:29:19.785  1253  7036 D UmdCamera: Camera submit request
07-08 12:29:19.787  1253 20856 D UmdCamera: ShutterCb 
07-08 12:29:19.818  1253  7036 D UmdCamera: CAMERA_SUBMIT_REQUEST
07-08 12:29:19.819  1253  7036 D UmdCamera: Camera submit request
07-08 12:29:19.820  1253 20856 D UmdCamera: ShutterCb 
07-08 12:29:19.848  1253  7036 D UmdCamera: CAMERA_SUBMIT_REQUEST
07-08 12:29:19.848  1253  7036 D UmdCamera: Camera submit request
07-08 12:29:19.854  1253 20856 D UmdCamera: ShutterCb 
07-08 12:29:19.884  1253  7036 D UmdCamera: CAMERA_SUBMIT_REQUEST
07-08 12:29:19.885  1253  7036 D UmdCamera: Camera submit request
07-08 12:29:19.888  1253 20856 D UmdCamera: ShutterCb 
07-08 12:29:19.913  1253  7036 D UmdCamera: CAMERA_SUBMIT_REQUEST
07-08 12:29:19.913  1253  7036 D UmdCamera: Camera submit request
07-08 12:29:19.920  1253 20856 D UmdCamera: ShutterCb 
07-08 12:29:19.953  1253 20856 D UmdCamera: ShutterCb 
07-08 12:29:19.949  1253  7036 D UmdCamera: CAMERA_SUBMIT_REQUEST
07-08 12:29:19.958  1253  7036 D UmdCamera: Camera submit request
07-08 12:29:19.981  1253  7036 D UmdCamera: CAMERA_SUBMIT_REQUEST
07-08 12:29:19.981  1253  7036 D UmdCamera: Camera submit request
07-08 12:29:19.987  1253 20856 D UmdCamera: ShutterCb 
07-08 12:29:20.014  1253  7036 D UmdCamera: CAMERA_SUBMIT_REQUEST
07-08 12:29:20.014  1253  7036 D UmdCamera: Camera submit request
07-08 12:29:20.020  1253 20856 D UmdCamera: ShutterCb 
07-08 12:29:20.046  1253  7036 D UmdCamera: CAMERA_SUBMIT_REQUEST
07-08 12:29:20.046  1253  7036 D UmdCamera: Camera submit request
07-08 12:29:20.053  1253 20856 D UmdCamera: ShutterCb 
07-08 12:29:20.084  1253  7036 D UmdCamera: CAMERA_SUBMIT_REQUEST
07-08 12:29:20.084  1253  7036 D UmdCamera: Camera submit request
07-08 12:29:20.086  1253 20856 D UmdCamera: ShutterCb 
07-08 12:29:20.116  1253  7036 D UmdCamera: CAMERA_SUBMIT_REQUEST
07-08 12:29:20.116  1253  7036 D UmdCamera: Camera submit request
07-08 12:29:20.122  1253 20856 D UmdCamera: ShutterCb 
07-08 12:29:20.152  1253  7036 D UmdCamera: CAMERA_SUBMIT_REQUEST
07-08 12:29:20.152  1253  7036 D UmdCamera: Camera submit request
07-08 12:29:20.153  1253 20856 D UmdCamera: ShutterCb 
07-08 12:29:20.181  1253  7036 D UmdCamera: CAMERA_SUBMIT_REQUEST
07-08 12:29:20.181  1253  7036 D UmdCamera: Camera submit request
07-08 12:29:20.190  1253 20856 D UmdCamera: ShutterCb 
07-08 12:29:20.213  1253  7036 D UmdCamera: CAMERA_SUBMIT_REQUEST
07-08 12:29:20.217  1253  7036 D UmdCamera: Camera submit request
07-08 12:29:20.220  1253 20856 D UmdCamera: ShutterCb 
07-08 12:29:20.249  1253  7036 D UmdCamera: CAMERA_SUBMIT_REQUEST
07-08 12:29:20.249  1253  7036 D UmdCamera: Camera submit request
07-08 12:29:20.254  1253 20856 D UmdCamera: ShutterCb 
07-08 12:29:20.283  1253  7036 D UmdCamera: CAMERA_SUBMIT_REQUEST
07-08 12:29:20.283  1253  7036 D UmdCamera: Camera submit request
07-08 12:29:20.287  1253 20856 D UmdCamera: ShutterCb 
07-08 12:29:20.320  1253 20856 D UmdCamera: ShutterCb 
07-08 12:29:20.353  1253 20856 D UmdCamera: ShutterCb 
07-08 12:29:20.371  1253  7036 D UmdCamera: CAMERA_SUBMIT_REQUEST
07-08 12:29:20.371  1253  7036 D UmdCamera: Camera submit request
07-08 12:29:20.375  1253  7036 D UmdCamera: CAMERA_SUBMIT_REQUEST
07-08 12:29:20.375  1253  7036 D UmdCamera: Camera submit request
07-08 12:29:20.387  1253 20856 D UmdCamera: ShutterCb 
07-08 12:29:20.402  1253  7036 D UmdCamera: CAMERA_SUBMIT_REQUEST
07-08 12:29:20.403  1253  7036 D UmdCamera: Camera submit request
07-08 12:29:20.417  1253  7036 D UmdCamera: CAMERA_SUBMIT_REQUEST
07-08 12:29:20.417  1253  7036 D UmdCamera: Camera submit request
07-08 12:29:20.453  1253  1319 D UmdCamera: ShutterCb 
07-08 12:29:20.484  1253  7036 D UmdCamera: CAMERA_SUBMIT_REQUEST
07-08 12:29:20.484  1253  7036 D UmdCamera: Camera submit request
07-08 12:29:20.489  1253  1319 D UmdCamera: ShutterCb 
07-08 12:29:20.518  1253  7036 D UmdCamera: CAMERA_SUBMIT_REQUEST
07-08 12:29:20.518  1253  7036 D UmdCamera: Camera submit request
07-08 12:29:20.520  1253  1319 D UmdCamera: ShutterCb 
07-08 12:29:20.554  1253  7036 D UmdCamera: CAMERA_SUBMIT_REQUEST
07-08 12:29:20.554  1253  7036 D UmdCamera: Camera submit request
07-08 12:29:20.559  1253  1319 D UmdCamera: ShutterCb 
07-08 12:29:20.586  1253  1319 D UmdCamera: ShutterCb 
07-08 12:29:20.596  1253  7036 D UmdCamera: CAMERA_SUBMIT_REQUEST
07-08 12:29:20.596  1253  7036 D UmdCamera: Camera submit request
07-08 12:29:20.619  1253  7036 D UmdCamera: CAMERA_SUBMIT_REQUEST
07-08 12:29:20.620  1253  7036 D UmdCamera: Camera submit request
07-08 12:29:20.621  1253  1319 D UmdCamera: ShutterCb 
07-08 12:29:20.653  1253  1319 D UmdCamera: ShutterCb 
07-08 12:29:20.654  1253  7036 D UmdCamera: CAMERA_SUBMIT_REQUEST
07-08 12:29:20.654  1253  7036 D UmdCamera: Camera submit request
07-08 12:29:20.683  1253  7036 D UmdCamera: CAMERA_SUBMIT_REQUEST
07-08 12:29:20.683  1253  7036 D UmdCamera: Camera submit request
07-08 12:29:20.687  1253  1319 D UmdCamera: ShutterCb 
07-08 12:29:20.718  1253  7036 D UmdCamera: CAMERA_SUBMIT_REQUEST
07-08 12:29:20.718  1253  7036 D UmdCamera: Camera submit request
07-08 12:29:20.720  1253  1319 D UmdCamera: ShutterCb 
07-08 12:29:20.746  1253  7036 D UmdCamera: CAMERA_SUBMIT_REQUEST
07-08 12:29:20.747  1253  7036 D UmdCamera: Camera submit request
07-08 12:29:20.753  1253  1319 D UmdCamera: ShutterCb 
07-08 12:29:20.780  1253  7036 D UmdCamera: CAMERA_SUBMIT_REQUEST
07-08 12:29:20.780  1253  7036 D UmdCamera: Camera submit request
07-08 12:29:20.786  1253  1319 D UmdCamera: ShutterCb 
07-08 12:29:20.813  1253  7036 D UmdCamera: CAMERA_SUBMIT_REQUEST
07-08 12:29:20.813  1253  7036 D UmdCamera: Camera submit request
07-08 12:29:20.820  1253  1319 D UmdCamera: ShutterCb 
07-08 12:29:20.848  1253  7036 D UmdCamera: CAMERA_SUBMIT_REQUEST
07-08 12:29:20.853  1253  7036 D UmdCamera: Camera submit request
07-08 12:29:20.856  1253  1319 D UmdCamera: ShutterCb 
07-08 12:29:20.879  1253  7036 D UmdCamera: CAMERA_SUBMIT_REQUEST
07-08 12:29:20.879  1253  7036 D UmdCamera: Camera submit request
07-08 12:29:20.887  1253  1319 D UmdCamera: ShutterCb 
07-08 12:29:20.915  1253  7036 D UmdCamera: CAMERA_SUBMIT_REQUEST
07-08 12:29:20.915  1253  7036 D UmdCamera: Camera submit request
07-08 12:29:20.920  1253  1319 D UmdCamera: ShutterCb 
07-08 12:29:20.953  1253  7036 D UmdCamera: CAMERA_SUBMIT_REQUEST
07-08 12:29:20.953  1253  7036 D UmdCamera: Camera submit request
07-08 12:29:20.958  1253  1319 D UmdCamera: ShutterCb 
07-08 12:29:20.983  1253  7036 D UmdCamera: CAMERA_SUBMIT_REQUEST
07-08 12:29:20.983  1253  7036 D UmdCamera: Camera submit request
07-08 12:29:20.993  1253  1319 D UmdCamera: ShutterCb 
07-08 12:29:21.015  1253  7036 D UmdCamera: CAMERA_SUBMIT_REQUEST
07-08 12:29:21.015  1253  7036 D UmdCamera: Camera submit request
07-08 12:29:21.020  1253  1319 D UmdCamera: ShutterCb 
07-08 12:29:21.051  1253  7036 D UmdCamera: CAMERA_SUBMIT_REQUEST
07-08 12:29:21.051  1253  7036 D UmdCamera: Camera submit request
07-08 12:29:21.055  1253  1319 D UmdCamera: ShutterCb 
07-08 12:29:21.082  1253  7036 D UmdCamera: CAMERA_SUBMIT_REQUEST
07-08 12:29:21.082  1253  7036 D UmdCamera: Camera submit request
07-08 12:29:21.087  1253  1319 D UmdCamera: ShutterCb 
07-08 12:29:21.113  1253  7036 D UmdCamera: CAMERA_SUBMIT_REQUEST
07-08 12:29:21.113  1253  7036 D UmdCamera: Camera submit request
07-08 12:29:21.120  1253  1319 D UmdCamera: ShutterCb 
07-08 12:29:21.146  1253  7036 D UmdCamera: CAMERA_SUBMIT_REQUEST
07-08 12:29:21.146  1253  7036 D UmdCamera: Camera submit request
07-08 12:29:21.153  1253  1319 D UmdCamera: ShutterCb 
07-08 12:29:21.182  1253  7036 D UmdCamera: CAMERA_SUBMIT_REQUEST
07-08 12:29:21.182  1253  7036 D UmdCamera: Camera submit request
07-08 12:29:21.187  1253  1319 D UmdCamera: ShutterCb 
07-08 12:29:21.216  1253  7036 D UmdCamera: CAMERA_SUBMIT_REQUEST
07-08 12:29:21.216  1253  7036 D UmdCamera: Camera submit request
07-08 12:29:21.220  1253  1319 D UmdCamera: ShutterCb 
07-08 12:29:21.250  1253  7036 D UmdCamera: CAMERA_SUBMIT_REQUEST
07-08 12:29:21.250  1253  7036 D UmdCamera: Camera submit request
07-08 12:29:21.253  1253  1319 D UmdCamera: ShutterCb 
07-08 12:29:21.280  1253  7036 D UmdCamera: CAMERA_SUBMIT_REQUEST
07-08 12:29:21.280  1253  7036 D UmdCamera: Camera submit request
07-08 12:29:21.286  1253  1319 D UmdCamera: ShutterCb 
07-08 12:29:21.316  1253  7036 D UmdCamera: CAMERA_SUBMIT_REQUEST
07-08 12:29:21.316  1253  7036 D UmdCamera: Camera submit request
07-08 12:29:21.320  1253  1319 D UmdCamera: ShutterCb 
07-08 12:29:21.348  1253  7036 D UmdCamera: CAMERA_SUBMIT_REQUEST
07-08 12:29:21.348  1253  7036 D UmdCamera: Camera submit request
07-08 12:29:21.353  1253  1319 D UmdCamera: ShutterCb 
07-08 12:29:21.382  1253  7036 D UmdCamera: CAMERA_SUBMIT_REQUEST
07-08 12:29:21.382  1253  7036 D UmdCamera: Camera submit request
07-08 12:29:21.389  1253  1319 D UmdCamera: ShutterCb 
07-08 12:29:21.414  1253  7036 D UmdCamera: CAMERA_SUBMIT_REQUEST
07-08 12:29:21.415  1253  7036 D UmdCamera: Camera submit request
07-08 12:29:21.420  1253  1319 D UmdCamera: ShutterCb 
07-08 12:29:21.447  1253  7036 D UmdCamera: CAMERA_SUBMIT_REQUEST
07-08 12:29:21.447  1253  7036 D UmdCamera: Camera submit request
07-08 12:29:21.453  1253  1319 D UmdCamera: ShutterCb 
07-08 12:29:21.486  1253  7036 D UmdCamera: CAMERA_SUBMIT_REQUEST
07-08 12:29:21.486  1253  7036 D UmdCamera: Camera submit request
07-08 12:29:21.486  1253  1319 D UmdCamera: ShutterCb 
07-08 12:29:21.519  1253  1319 D UmdCamera: ShutterCb 
07-08 12:29:21.522  1253  7036 D UmdCamera: CAMERA_SUBMIT_REQUEST
07-08 12:29:21.522  1253  7036 D UmdCamera: Camera submit request
07-08 12:29:21.550  1253  7036 D UmdCamera: CAMERA_SUBMIT_REQUEST
07-08 12:29:21.550  1253  7036 D UmdCamera: Camera submit request
07-08 12:29:21.556  1253  1319 D UmdCamera: ShutterCb 
07-08 12:29:21.590  1253  7036 D UmdCamera: CAMERA_SUBMIT_REQUEST
07-08 12:29:21.590  1253  7036 D UmdCamera: Camera submit request
07-08 12:29:21.589  1253  1319 D UmdCamera: ShutterCb 
07-08 12:29:21.614  1253  7036 D UmdCamera: CAMERA_SUBMIT_REQUEST
07-08 12:29:21.614  1253  7036 D UmdCamera: Camera submit request
07-08 12:29:21.619  1253  1319 D UmdCamera: ShutterCb 
07-08 12:29:21.653  1253  1319 D UmdCamera: ShutterCb 
07-08 12:29:21.658  1253  7036 D UmdCamera: CAMERA_SUBMIT_REQUEST
07-08 12:29:21.658  1253  7036 D UmdCamera: Camera submit request
07-08 12:29:21.681  1253  7036 D UmdCamera: CAMERA_SUBMIT_REQUEST
07-08 12:29:21.681  1253  7036 D UmdCamera: Camera submit request
07-08 12:29:21.687  1253  1319 D UmdCamera: ShutterCb 
07-08 12:29:21.715  1253  7036 D UmdCamera: CAMERA_SUBMIT_REQUEST
07-08 12:29:21.715  1253  7036 D UmdCamera: Camera submit request
07-08 12:29:21.720  1253  1319 D UmdCamera: ShutterCb 
07-08 12:29:21.756  1253  1319 D UmdCamera: ShutterCb 
07-08 12:29:21.762  1253  7036 D UmdCamera: CAMERA_SUBMIT_REQUEST
07-08 12:29:21.762  1253  7036 D UmdCamera: Camera submit request
07-08 12:29:21.787  1253  1319 D UmdCamera: ShutterCb 
07-08 12:29:21.793  1253  7036 D UmdCamera: CAMERA_SUBMIT_REQUEST
07-08 12:29:21.793  1253  7036 D UmdCamera: Camera submit request
07-08 12:29:21.813  1253  7036 D UmdCamera: CAMERA_SUBMIT_REQUEST
07-08 12:29:21.813  1253  7036 D UmdCamera: Camera submit request
07-08 12:29:21.820  1253  1319 D UmdCamera: ShutterCb 
07-08 12:29:21.846  1253  7036 D UmdCamera: CAMERA_SUBMIT_REQUEST
07-08 12:29:21.850  1253  7036 D UmdCamera: Camera submit request
07-08 12:29:21.853  1253  1319 D UmdCamera: ShutterCb 
07-08 12:29:21.886  1253  7036 D UmdCamera: CAMERA_SUBMIT_REQUEST
07-08 12:29:21.886  1253  7036 D UmdCamera: Camera submit request
07-08 12:29:21.886  1253  1319 D UmdCamera: ShutterCb 
07-08 12:29:21.920  1253  7036 D UmdCamera: CAMERA_SUBMIT_REQUEST
07-08 12:29:21.920  1253  7036 D UmdCamera: Camera submit request
07-08 12:29:21.922  1253  1319 D UmdCamera: ShutterCb 
07-08 12:29:21.949  1253  7036 D UmdCamera: CAMERA_SUBMIT_REQUEST
07-08 12:29:21.949  1253  7036 D UmdCamera: Camera submit request
07-08 12:29:21.953  1253  1319 D UmdCamera: ShutterCb 
07-08 12:29:21.986  1253  1319 D UmdCamera: ShutterCb 
07-08 12:29:21.982  1253  7036 D UmdCamera: CAMERA_SUBMIT_REQUEST
07-08 12:29:21.987  1253  7036 D UmdCamera: Camera submit request
07-08 12:29:22.015  1253  7036 D UmdCamera: CAMERA_SUBMIT_REQUEST
07-08 12:29:22.015  1253  7036 D UmdCamera: Camera submit request
07-08 12:29:22.021  1253  1319 D UmdCamera: ShutterCb 
07-08 12:29:22.047  1253  7036 D UmdCamera: CAMERA_SUBMIT_REQUEST
07-08 12:29:22.047  1253  7036 D UmdCamera: Camera submit request
07-08 12:29:22.062  1253  1319 D UmdCamera: ShutterCb 
07-08 12:29:22.082  1253  7036 D UmdCamera: CAMERA_SUBMIT_REQUEST
07-08 12:29:22.082  1253  7036 D UmdCamera: Camera submit request
07-08 12:29:22.097  1253  1319 D UmdCamera: ShutterCb 
07-08 12:29:22.118  1253  7036 D UmdCamera: CAMERA_SUBMIT_REQUEST
07-08 12:29:22.118  1253  7036 D UmdCamera: Camera submit request
07-08 12:29:22.120  1253  1319 D UmdCamera: ShutterCb 
07-08 12:29:22.147  1253  7036 D UmdCamera: CAMERA_SUBMIT_REQUEST
07-08 12:29:22.147  1253  7036 D UmdCamera: Camera submit request
07-08 12:29:22.153  1253  1319 D UmdCamera: ShutterCb 
07-08 12:29:22.182  1253  7036 D UmdCamera: CAMERA_SUBMIT_REQUEST
07-08 12:29:22.182  1253  7036 D UmdCamera: Camera submit request
07-08 12:29:22.187  1253  1319 D UmdCamera: ShutterCb 
07-08 12:29:22.220  1253  1319 D UmdCamera: ShutterCb 
07-08 12:29:22.222  1253  7036 D UmdCamera: CAMERA_SUBMIT_REQUEST
07-08 12:29:22.222  1253  7036 D UmdCamera: Camera submit request
07-08 12:29:22.246  1253  7036 D UmdCamera: CAMERA_SUBMIT_REQUEST
07-08 12:29:22.247  1253  7036 D UmdCamera: Camera submit request
07-08 12:29:22.253  1253  1319 D UmdCamera: ShutterCb 
07-08 12:29:22.286  1253  1319 D UmdCamera: ShutterCb 
07-08 12:29:22.287  1253  7036 D UmdCamera: CAMERA_SUBMIT_REQUEST
07-08 12:29:22.287  1253  7036 D UmdCamera: Camera submit request
07-08 12:29:22.319  1253  7036 D UmdCamera: CAMERA_SUBMIT_REQUEST
07-08 12:29:22.319  1253  7036 D UmdCamera: Camera submit request
07-08 12:29:22.320  1253  1319 D UmdCamera: ShutterCb 
07-08 12:29:22.347  1253  7036 D UmdCamera: CAMERA_SUBMIT_REQUEST
07-08 12:29:22.347  1253  7036 D UmdCamera: Camera submit request
07-08 12:29:22.353  1253  1319 D UmdCamera: ShutterCb 
07-08 12:29:22.383  1253  7036 D UmdCamera: CAMERA_SUBMIT_REQUEST
07-08 12:29:22.383  1253  7036 D UmdCamera: Camera submit request
07-08 12:29:22.387  1253  1319 D UmdCamera: ShutterCb 
07-08 12:29:22.414  1253  7036 D UmdCamera: CAMERA_SUBMIT_REQUEST
07-08 12:29:22.414  1253  7036 D UmdCamera: Camera submit request
07-08 12:29:22.421  1253  1319 D UmdCamera: ShutterCb 
07-08 12:29:22.447  1253  7036 D UmdCamera: CAMERA_SUBMIT_REQUEST
07-08 12:29:22.447  1253  7036 D UmdCamera: Camera submit request
07-08 12:29:22.455  1253  1319 D UmdCamera: ShutterCb 
07-08 12:29:22.480  1253  7036 D UmdCamera: CAMERA_SUBMIT_REQUEST
07-08 12:29:22.480  1253  7036 D UmdCamera: Camera submit request
07-08 12:29:22.486  1253  1319 D UmdCamera: ShutterCb 
07-08 12:29:22.516  1253  7036 D UmdCamera: CAMERA_SUBMIT_REQUEST
07-08 12:29:22.516  1253  7036 D UmdCamera: Camera submit request
07-08 12:29:22.520  1253  1319 D UmdCamera: ShutterCb 
07-08 12:29:22.553  1253  7036 D UmdCamera: CAMERA_SUBMIT_REQUEST
07-08 12:29:22.554  1253  1319 D UmdCamera: ShutterCb 
07-08 12:29:22.554  1253  7036 D UmdCamera: Camera submit request
07-08 12:29:22.581  1253  7036 D UmdCamera: CAMERA_SUBMIT_REQUEST
07-08 12:29:22.582  1253  7036 D UmdCamera: Camera submit request
07-08 12:29:22.589  1253  1319 D UmdCamera: ShutterCb 
07-08 12:29:22.620  1253  7036 D UmdCamera: CAMERA_SUBMIT_REQUEST
07-08 12:29:22.620  1253  7036 D UmdCamera: Camera submit request
07-08 12:29:22.622  1253  1319 D UmdCamera: ShutterCb 
07-08 12:29:22.649  1253  7036 D UmdCamera: CAMERA_SUBMIT_REQUEST
07-08 12:29:22.649  1253  7036 D UmdCamera: Camera submit request
07-08 12:29:22.653  1253  1319 D UmdCamera: ShutterCb 
07-08 12:29:22.684  1253  7036 D UmdCamera: CAMERA_SUBMIT_REQUEST
07-08 12:29:22.684  1253  7036 D UmdCamera: Camera submit request
07-08 12:29:22.687  1253  1319 D UmdCamera: ShutterCb 
07-08 12:29:22.718  1253  7036 D UmdCamera: CAMERA_SUBMIT_REQUEST
07-08 12:29:22.718  1253  7036 D UmdCamera: Camera submit request
07-08 12:29:22.725  1253  1319 D UmdCamera: ShutterCb 
07-08 12:29:22.753  1253  1319 D UmdCamera: ShutterCb 
07-08 12:29:22.753  1253  7036 D UmdCamera: CAMERA_SUBMIT_REQUEST
07-08 12:29:22.753  1253  7036 D UmdCamera: Camera submit request
07-08 12:29:22.785  1253  7036 D UmdCamera: CAMERA_SUBMIT_REQUEST
07-08 12:29:22.785  1253  7036 D UmdCamera: Camera submit request
07-08 12:29:22.792  1253  1319 D UmdCamera: ShutterCb 
07-08 12:29:22.819  1253  7036 D UmdCamera: CAMERA_SUBMIT_REQUEST
07-08 12:29:22.819  1253  7036 D UmdCamera: Camera submit request
07-08 12:29:22.824  1253  1319 D UmdCamera: ShutterCb 
07-08 12:29:22.851  1253  7036 D UmdCamera: CAMERA_SUBMIT_REQUEST
07-08 12:29:22.851  1253  7036 D UmdCamera: Camera submit request
07-08 12:29:22.864  1253  1319 D UmdCamera: ShutterCb 
07-08 12:29:22.883  1253  7036 D UmdCamera: CAMERA_SUBMIT_REQUEST
07-08 12:29:22.883  1253  7036 D UmdCamera: Camera submit request
07-08 12:29:22.886  1253  1319 D UmdCamera: ShutterCb 
07-08 12:29:22.919  1253  1319 D UmdCamera: ShutterCb 
07-08 12:29:22.915  1253  7036 D UmdCamera: CAMERA_SUBMIT_REQUEST
07-08 12:29:22.926  1253  7036 D UmdCamera: Camera submit request
07-08 12:29:22.948  1253  7036 D UmdCamera: CAMERA_SUBMIT_REQUEST
07-08 12:29:22.948  1253  7036 D UmdCamera: Camera submit request
07-08 12:29:22.959  1253  1319 D UmdCamera: ShutterCb 
07-08 12:29:22.985  1253  7036 D UmdCamera: CAMERA_SUBMIT_REQUEST
07-08 12:29:22.985  1253  7036 D UmdCamera: Camera submit request
07-08 12:29:22.988  1253  1319 D UmdCamera: ShutterCb 
07-08 12:29:23.014  1253  7036 D UmdCamera: CAMERA_SUBMIT_REQUEST
07-08 12:29:23.014  1253  7036 D UmdCamera: Camera submit request
07-08 12:29:23.021  1253  1319 D UmdCamera: ShutterCb 
07-08 12:29:23.053  1253  7036 D UmdCamera: CAMERA_SUBMIT_REQUEST
07-08 12:29:23.053  1253  7036 D UmdCamera: Camera submit request
07-08 12:29:23.055  1253  1319 D UmdCamera: ShutterCb 
07-08 12:29:23.088  1253  1319 D UmdCamera: ShutterCb 
07-08 12:29:23.090  1253  7036 D UmdCamera: CAMERA_SUBMIT_REQUEST
07-08 12:29:23.090  1253  7036 D UmdCamera: Camera submit request
07-08 12:29:23.116  1253  7036 D UmdCamera: CAMERA_SUBMIT_REQUEST
07-08 12:29:23.116  1253  7036 D UmdCamera: Camera submit request
07-08 12:29:23.121  1253  1319 D UmdCamera: ShutterCb 
07-08 12:29:23.151  1253  7036 D UmdCamera: CAMERA_SUBMIT_REQUEST
07-08 12:29:23.151  1253  7036 D UmdCamera: Camera submit request
07-08 12:29:23.153  1253  1319 D UmdCamera: ShutterCb 
07-08 12:29:23.186  1253  7036 D UmdCamera: CAMERA_SUBMIT_REQUEST
07-08 12:29:23.187  1253  7036 D UmdCamera: Camera submit request
07-08 12:29:23.188  1253  1319 D UmdCamera: ShutterCb 
07-08 12:29:23.218  1253  7036 D UmdCamera: CAMERA_SUBMIT_REQUEST
07-08 12:29:23.219  1253  7036 D UmdCamera: Camera submit request
07-08 12:29:23.221  1253  1319 D UmdCamera: ShutterCb 
07-08 12:29:23.248  1253  7036 D UmdCamera: CAMERA_SUBMIT_REQUEST
07-08 12:29:23.248  1253  7036 D UmdCamera: Camera submit request
07-08 12:29:23.254  1253  1319 D UmdCamera: ShutterCb 
07-08 12:29:23.279  1253  7036 D UmdCamera: CAMERA_SUBMIT_REQUEST
07-08 12:29:23.279  1253  7036 D UmdCamera: Camera submit request
07-08 12:29:23.286  1253  1319 D UmdCamera: ShutterCb 
07-08 12:29:23.313  1253  7036 D UmdCamera: CAMERA_SUBMIT_REQUEST
07-08 12:29:23.314  1253  7036 D UmdCamera: Camera submit request
07-08 12:29:23.319  1253  1319 D UmdCamera: ShutterCb 
07-08 12:29:23.346  1253  7036 D UmdCamera: CAMERA_SUBMIT_REQUEST
07-08 12:29:23.347  1253  7036 D UmdCamera: Camera submit request
07-08 12:29:23.352  1253  1319 D UmdCamera: ShutterCb 
07-08 12:29:23.379  1253  7036 D UmdCamera: CAMERA_SUBMIT_REQUEST
07-08 12:29:23.379  1253  7036 D UmdCamera: Camera submit request
07-08 12:29:23.386  1253  1319 D UmdCamera: ShutterCb 
07-08 12:29:23.419  1253  1319 D UmdCamera: ShutterCb 
07-08 12:29:23.422  1253  7036 D UmdCamera: CAMERA_SUBMIT_REQUEST
07-08 12:29:23.423  1253  7036 D UmdCamera: Camera submit request
07-08 12:29:23.452  1253  7036 D UmdCamera: CAMERA_SUBMIT_REQUEST
07-08 12:29:23.452  1253  7036 D UmdCamera: Camera submit request
07-08 12:29:23.454  1253  1319 D UmdCamera: ShutterCb 
07-08 12:29:23.482  1253  7036 D UmdCamera: CAMERA_SUBMIT_REQUEST
07-08 12:29:23.482  1253  7036 D UmdCamera: Camera submit request
07-08 12:29:23.486  1253  1319 D UmdCamera: ShutterCb 
07-08 12:29:23.513  1253  7036 D UmdCamera: CAMERA_SUBMIT_REQUEST
07-08 12:29:23.513  1253  7036 D UmdCamera: Camera submit request
07-08 12:29:23.519  1253  1319 D UmdCamera: ShutterCb 
07-08 12:29:23.547  1253  7036 D UmdCamera: CAMERA_SUBMIT_REQUEST
07-08 12:29:23.547  1253  7036 D UmdCamera: Camera submit request
07-08 12:29:23.553  1253  1319 D UmdCamera: ShutterCb 
07-08 12:29:23.581  1253  7036 D UmdCamera: CAMERA_SUBMIT_REQUEST
07-08 12:29:23.581  1253  7036 D UmdCamera: Camera submit request
07-08 12:29:23.587  1253  1319 D UmdCamera: ShutterCb 
07-08 12:29:23.619  1253  1319 D UmdCamera: ShutterCb 
07-08 12:29:23.622  1253  7036 D UmdCamera: CAMERA_SUBMIT_REQUEST
07-08 12:29:23.622  1253  7036 D UmdCamera: Camera submit request
07-08 12:29:23.649  1253  7036 D UmdCamera: CAMERA_SUBMIT_REQUEST
07-08 12:29:23.654  1253  1319 D UmdCamera: ShutterCb 
07-08 12:29:23.655  1253  7036 D UmdCamera: Camera submit request
07-08 12:29:23.683  1253  7036 D UmdCamera: CAMERA_SUBMIT_REQUEST
07-08 12:29:23.684  1253  7036 D UmdCamera: Camera submit request
07-08 12:29:23.686  1253  1319 D UmdCamera: ShutterCb 
07-08 12:29:23.720  1253  1319 D UmdCamera: ShutterCb 
07-08 12:29:23.726  1253  7036 D UmdCamera: CAMERA_SUBMIT_REQUEST
07-08 12:29:23.726  1253  7036 D UmdCamera: Camera submit request
07-08 12:29:23.746  1253  7036 D UmdCamera: CAMERA_SUBMIT_REQUEST
07-08 12:29:23.746  1253  7036 D UmdCamera: Camera submit request
07-08 12:29:23.753  1253  1319 D UmdCamera: ShutterCb 
07-08 12:29:23.783  1253  7036 D UmdCamera: CAMERA_SUBMIT_REQUEST
07-08 12:29:23.784  1253  7036 D UmdCamera: Camera submit request
07-08 12:29:23.788  1253  1319 D UmdCamera: ShutterCb 
07-08 12:29:23.812  1253  7036 D UmdCamera: CAMERA_SUBMIT_REQUEST
07-08 12:29:23.812  1253  7036 D UmdCamera: Camera submit request
07-08 12:29:23.819  1253  1319 D UmdCamera: ShutterCb 
07-08 12:29:23.847  1253  7036 D UmdCamera: CAMERA_SUBMIT_REQUEST
07-08 12:29:23.847  1253  7036 D UmdCamera: Camera submit request
07-08 12:29:23.853  1253  1319 D UmdCamera: ShutterCb 
07-08 12:29:23.880  1253  7036 D UmdCamera: CAMERA_SUBMIT_REQUEST
07-08 12:29:23.880  1253  7036 D UmdCamera: Camera submit request
07-08 12:29:23.886  1253  1319 D UmdCamera: ShutterCb 
07-08 12:29:23.915  1253  7036 D UmdCamera: CAMERA_SUBMIT_REQUEST
07-08 12:29:23.915  1253  7036 D UmdCamera: Camera submit request
07-08 12:29:23.919  1253  1319 D UmdCamera: ShutterCb 
07-08 12:29:23.948  1253  7036 D UmdCamera: CAMERA_SUBMIT_REQUEST
07-08 12:29:23.948  1253  7036 D UmdCamera: Camera submit request
07-08 12:29:23.952  1253  1319 D UmdCamera: ShutterCb 
07-08 12:29:23.982  1253  7036 D UmdCamera: CAMERA_SUBMIT_REQUEST
07-08 12:29:23.982  1253  7036 D UmdCamera: Camera submit request
07-08 12:29:23.989  1253  1319 D UmdCamera: ShutterCb 
07-08 12:29:24.018  1253  7036 D UmdCamera: CAMERA_SUBMIT_REQUEST
07-08 12:29:24.018  1253  7036 D UmdCamera: Camera submit request
07-08 12:29:24.020  1253  1319 D UmdCamera: ShutterCb 
07-08 12:29:24.052  1253  7036 D UmdCamera: CAMERA_SUBMIT_REQUEST
07-08 12:29:24.053  1253  7036 D UmdCamera: Camera submit request
07-08 12:29:24.056  1253  1319 D UmdCamera: ShutterCb 
07-08 12:29:24.080  1253  7036 D UmdCamera: CAMERA_SUBMIT_REQUEST
07-08 12:29:24.082  1253  7036 D UmdCamera: Camera submit request
07-08 12:29:24.088  1253  1319 D UmdCamera: ShutterCb 
07-08 12:29:24.119  1253  7036 D UmdCamera: CAMERA_SUBMIT_REQUEST
07-08 12:29:24.119  1253  7036 D UmdCamera: Camera submit request
07-08 12:29:24.122  1253  1319 D UmdCamera: ShutterCb 
07-08 12:29:24.150  1253  7036 D UmdCamera: CAMERA_SUBMIT_REQUEST
07-08 12:29:24.150  1253  7036 D UmdCamera: Camera submit request
07-08 12:29:24.154  1253  1319 D UmdCamera: ShutterCb 
07-08 12:29:24.184  1253  7036 D UmdCamera: CAMERA_SUBMIT_REQUEST
07-08 12:29:24.185  1253  7036 D UmdCamera: Camera submit request
07-08 12:29:24.189  1253  1319 D UmdCamera: ShutterCb 
07-08 12:29:24.219  1253  7036 D UmdCamera: CAMERA_SUBMIT_REQUEST
07-08 12:29:24.219  1253  7036 D UmdCamera: Camera submit request
07-08 12:29:24.221  1253  1319 D UmdCamera: ShutterCb 
07-08 12:29:24.246  1253  7036 D UmdCamera: CAMERA_SUBMIT_REQUEST
07-08 12:29:24.247  1253  7036 D UmdCamera: Camera submit request
07-08 12:29:24.252  1253  1319 D UmdCamera: ShutterCb 
07-08 12:29:24.287  1253  1319 D UmdCamera: ShutterCb 
07-08 12:29:24.290  1253  7036 D UmdCamera: CAMERA_SUBMIT_REQUEST
07-08 12:29:24.290  1253  7036 D UmdCamera: Camera submit request
07-08 12:29:24.318  1253  7036 D UmdCamera: CAMERA_SUBMIT_REQUEST
07-08 12:29:24.319  1253  7036 D UmdCamera: Camera submit request
07-08 12:29:24.319  1253  1319 D UmdCamera: ShutterCb 
07-08 12:29:24.345  1253  7036 D UmdCamera: CAMERA_SUBMIT_REQUEST
07-08 12:29:24.345  1253  7036 D UmdCamera: Camera submit request
07-08 12:29:24.352  1253  1319 D UmdCamera: ShutterCb 
07-08 12:29:24.385  1253  7036 D UmdCamera: CAMERA_SUBMIT_REQUEST
07-08 12:29:24.386  1253  7036 D UmdCamera: Camera submit request
07-08 12:29:24.386  1253  1319 D UmdCamera: ShutterCb 
07-08 12:29:24.415  1253  7036 D UmdCamera: CAMERA_SUBMIT_REQUEST
07-08 12:29:24.415  1253  7036 D UmdCamera: Camera submit request
07-08 12:29:24.419  1253  1319 D UmdCamera: ShutterCb 
07-08 12:29:24.452  1253  7036 D UmdCamera: CAMERA_SUBMIT_REQUEST
07-08 12:29:24.452  1253  7036 D UmdCamera: Camera submit request
07-08 12:29:24.453  1253  1319 D UmdCamera: ShutterCb 
07-08 12:29:24.486  1253  7036 D UmdCamera: CAMERA_SUBMIT_REQUEST
07-08 12:29:24.487  1253  7036 D UmdCamera: Camera submit request
07-08 12:29:24.488  1253  1319 D UmdCamera: ShutterCb 
07-08 12:29:24.516  1253  7036 D UmdCamera: CAMERA_SUBMIT_REQUEST
07-08 12:29:24.516  1253  7036 D UmdCamera: Camera submit request
07-08 12:29:24.520  1253  1319 D UmdCamera: ShutterCb 
07-08 12:29:24.548  1253  7036 D UmdCamera: CAMERA_SUBMIT_REQUEST
07-08 12:29:24.548  1253  7036 D UmdCamera: Camera submit request
07-08 12:29:24.552  1253  1319 D UmdCamera: ShutterCb 
07-08 12:29:24.586  1253  1319 D UmdCamera: ShutterCb 
07-08 12:29:24.592  1253  7036 D UmdCamera: CAMERA_SUBMIT_REQUEST
07-08 12:29:24.592  1253  7036 D UmdCamera: Camera submit request
07-08 12:29:24.617  1253  7036 D UmdCamera: CAMERA_SUBMIT_REQUEST
07-08 12:29:24.617  1253  7036 D UmdCamera: Camera submit request
07-08 12:29:24.619  1253  1319 D UmdCamera: ShutterCb 
07-08 12:29:24.648  1253  7036 D UmdCamera: CAMERA_SUBMIT_REQUEST
07-08 12:29:24.648  1253  7036 D UmdCamera: Camera submit request
07-08 12:29:24.653  1253  1319 D UmdCamera: ShutterCb 
07-08 12:29:24.680  1253  7036 D UmdCamera: CAMERA_SUBMIT_REQUEST
07-08 12:29:24.680  1253  7036 D UmdCamera: Camera submit request
07-08 12:29:24.685  1253  1319 D UmdCamera: ShutterCb 
07-08 12:29:24.714  1253  7036 D UmdCamera: CAMERA_SUBMIT_REQUEST
07-08 12:29:24.714  1253  7036 D UmdCamera: Camera submit request
07-08 12:29:24.719  1253  1319 D UmdCamera: ShutterCb 
07-08 12:29:24.747  1253  7036 D UmdCamera: CAMERA_SUBMIT_REQUEST
07-08 12:29:24.747  1253  7036 D UmdCamera: Camera submit request
07-08 12:29:24.755  1253  1319 D UmdCamera: ShutterCb 
07-08 12:29:24.786  1253  1319 D UmdCamera: ShutterCb 
07-08 12:29:24.787  1253  7036 D UmdCamera: CAMERA_SUBMIT_REQUEST
07-08 12:29:24.787  1253  7036 D UmdCamera: Camera submit request
07-08 12:29:24.815  1253  7036 D UmdCamera: CAMERA_SUBMIT_REQUEST
07-08 12:29:24.815  1253  7036 D UmdCamera: Camera submit request
07-08 12:29:24.819  1253  1319 D UmdCamera: ShutterCb 
07-08 12:29:24.847  1253  7036 D UmdCamera: CAMERA_SUBMIT_REQUEST
07-08 12:29:24.848  1253  7036 D UmdCamera: Camera submit request
07-08 12:29:24.853  1253  1319 D UmdCamera: ShutterCb 
07-08 12:29:24.884  1253  7036 D UmdCamera: CAMERA_SUBMIT_REQUEST
07-08 12:29:24.884  1253  7036 D UmdCamera: Camera submit request
07-08 12:29:24.887  1253  1319 D UmdCamera: ShutterCb 
07-08 12:29:24.919  1253  1319 D UmdCamera: ShutterCb 
07-08 12:29:24.926  1253  7036 D UmdCamera: CAMERA_SUBMIT_REQUEST
07-08 12:29:24.927  1253  7036 D UmdCamera: Camera submit request
07-08 12:29:24.950  1253  7036 D UmdCamera: CAMERA_SUBMIT_REQUEST
07-08 12:29:24.950  1253  7036 D UmdCamera: Camera submit request
07-08 12:29:24.956  1253  1319 D UmdCamera: ShutterCb 
07-08 12:29:24.986  1253  7036 D UmdCamera: CAMERA_SUBMIT_REQUEST
07-08 12:29:24.986  1253  7036 D UmdCamera: Camera submit request
07-08 12:29:24.986  1253  1319 D UmdCamera: ShutterCb 
07-08 12:29:25.016  1253  7036 D UmdCamera: CAMERA_SUBMIT_REQUEST
07-08 12:29:25.016  1253  7036 D UmdCamera: Camera submit request
07-08 12:29:25.020  1253  1319 D UmdCamera: ShutterCb 
07-08 12:29:25.053  1253  1319 D UmdCamera: ShutterCb 
07-08 12:29:25.053  1253  7036 D UmdCamera: CAMERA_SUBMIT_REQUEST
07-08 12:29:25.053  1253  7036 D UmdCamera: Camera submit request
07-08 12:29:25.078  1253  7036 D UmdCamera: CAMERA_SUBMIT_REQUEST
07-08 12:29:25.078  1253  7036 D UmdCamera: Camera submit request
07-08 12:29:25.085  1253  1319 D UmdCamera: ShutterCb 
07-08 12:29:25.116  1253  7036 D UmdCamera: CAMERA_SUBMIT_REQUEST
07-08 12:29:25.116  1253  7036 D UmdCamera: Camera submit request
07-08 12:29:25.119  1253  1319 D UmdCamera: ShutterCb 
07-08 12:29:25.146  1253  7036 D UmdCamera: CAMERA_SUBMIT_REQUEST
07-08 12:29:25.146  1253  7036 D UmdCamera: Camera submit request
07-08 12:29:25.152  1253  1319 D UmdCamera: ShutterCb 
07-08 12:29:25.179  1253  7036 D UmdCamera: CAMERA_SUBMIT_REQUEST
07-08 12:29:25.179  1253  7036 D UmdCamera: Camera submit request
07-08 12:29:25.185  1253  1319 D UmdCamera: ShutterCb 
07-08 12:29:25.213  1253  7036 D UmdCamera: CAMERA_SUBMIT_REQUEST
07-08 12:29:25.213  1253  7036 D UmdCamera: Camera submit request
07-08 12:29:25.220  1253  1319 D UmdCamera: ShutterCb 
07-08 12:29:25.254  1253  7036 D UmdCamera: CAMERA_SUBMIT_REQUEST
07-08 12:29:25.254  1253  7036 D UmdCamera: Camera submit request
07-08 12:29:25.256  1253  1319 D UmdCamera: ShutterCb 
07-08 12:29:25.282  1253  7036 D UmdCamera: CAMERA_SUBMIT_REQUEST
07-08 12:29:25.282  1253  7036 D UmdCamera: Camera submit request
07-08 12:29:25.286  1253  1319 D UmdCamera: ShutterCb 
07-08 12:29:25.318  1253  7036 D UmdCamera: CAMERA_SUBMIT_REQUEST
07-08 12:29:25.318  1253  7036 D UmdCamera: Camera submit request
07-08 12:29:25.319  1253  1319 D UmdCamera: ShutterCb 
07-08 12:29:25.349  1253  7036 D UmdCamera: CAMERA_SUBMIT_REQUEST
07-08 12:29:25.349  1253  7036 D UmdCamera: Camera submit request
07-08 12:29:25.352  1253  1319 D UmdCamera: ShutterCb 
07-08 12:29:25.383  1253  7036 D UmdCamera: CAMERA_SUBMIT_REQUEST
07-08 12:29:25.383  1253  7036 D UmdCamera: Camera submit request
07-08 12:29:25.386  1253  1319 D UmdCamera: ShutterCb 
07-08 12:29:25.415  1253  7036 D UmdCamera: CAMERA_SUBMIT_REQUEST
07-08 12:29:25.415  1253  7036 D UmdCamera: Camera submit request
07-08 12:29:25.419  1253  1319 D UmdCamera: ShutterCb 
07-08 12:29:25.445  1253  7036 D UmdCamera: CAMERA_SUBMIT_REQUEST
07-08 12:29:25.445  1253  7036 D UmdCamera: Camera submit request
07-08 12:29:25.452  1253  1319 D UmdCamera: ShutterCb 
07-08 12:29:25.479  1253  7036 D UmdCamera: CAMERA_SUBMIT_REQUEST
07-08 12:29:25.479  1253  7036 D UmdCamera: Camera submit request
07-08 12:29:25.485  1253  1319 D UmdCamera: ShutterCb 
07-08 12:29:25.519  1253  1319 D UmdCamera: ShutterCb 
07-08 12:29:25.522  1253  7036 D UmdCamera: CAMERA_SUBMIT_REQUEST
07-08 12:29:25.522  1253  7036 D UmdCamera: Camera submit request
07-08 12:29:25.550  1253  7036 D UmdCamera: CAMERA_SUBMIT_REQUEST
07-08 12:29:25.550  1253  7036 D UmdCamera: Camera submit request
07-08 12:29:25.552  1253  1319 D UmdCamera: ShutterCb 
07-08 12:29:25.585  1253  7036 D UmdCamera: CAMERA_SUBMIT_REQUEST
07-08 12:29:25.585  1253  7036 D UmdCamera: Camera submit request
07-08 12:29:25.587  1253  1319 D UmdCamera: ShutterCb 
07-08 12:29:25.615  1253  7036 D UmdCamera: CAMERA_SUBMIT_REQUEST
07-08 12:29:25.615  1253  7036 D UmdCamera: Camera submit request
07-08 12:29:25.619  1253  1319 D UmdCamera: ShutterCb 
07-08 12:29:25.648  1253  7036 D UmdCamera: CAMERA_SUBMIT_REQUEST
07-08 12:29:25.648  1253  7036 D UmdCamera: Camera submit request
07-08 12:29:25.652  1253  1319 D UmdCamera: ShutterCb 
07-08 12:29:25.679  1253  7036 D UmdCamera: CAMERA_SUBMIT_REQUEST
07-08 12:29:25.679  1253  7036 D UmdCamera: Camera submit request
07-08 12:29:25.687  1253  1319 D UmdCamera: ShutterCb 
07-08 12:29:25.712  1253  7036 D UmdCamera: CAMERA_SUBMIT_REQUEST
07-08 12:29:25.718  1253  7036 D UmdCamera: Camera submit request
07-08 12:29:25.719  1253  1319 D UmdCamera: ShutterCb 
07-08 12:29:25.749  1253  7036 D UmdCamera: CAMERA_SUBMIT_REQUEST
07-08 12:29:25.750  1253  7036 D UmdCamera: Camera submit request
07-08 12:29:25.755  1253  1319 D UmdCamera: ShutterCb 
07-08 12:29:25.781  1253  7036 D UmdCamera: CAMERA_SUBMIT_REQUEST
07-08 12:29:25.781  1253  7036 D UmdCamera: Camera submit request
07-08 12:29:25.786  1253  1319 D UmdCamera: ShutterCb 
07-08 12:29:25.811  1253  7036 D UmdCamera: CAMERA_SUBMIT_REQUEST
07-08 12:29:25.811  1253  7036 D UmdCamera: Camera submit request
07-08 12:29:25.819  1253  1319 D UmdCamera: ShutterCb 
07-08 12:29:25.849  1253  7036 D UmdCamera: CAMERA_SUBMIT_REQUEST
07-08 12:29:25.849  1253  7036 D UmdCamera: Camera submit request
07-08 12:29:25.853  1253  1319 D UmdCamera: ShutterCb 
07-08 12:29:25.879  1253  7036 D UmdCamera: CAMERA_SUBMIT_REQUEST
07-08 12:29:25.879  1253  7036 D UmdCamera: Camera submit request
07-08 12:29:25.886  1253  1319 D UmdCamera: ShutterCb 
07-08 12:29:25.915  1253  7036 D UmdCamera: CAMERA_SUBMIT_REQUEST
07-08 12:29:25.916  1253  7036 D UmdCamera: Camera submit request
07-08 12:29:25.921  1253  1319 D UmdCamera: ShutterCb 
07-08 12:29:25.944  1253  7036 D UmdCamera: CAMERA_SUBMIT_REQUEST
07-08 12:29:25.944  1253  7036 D UmdCamera: Camera submit request
07-08 12:29:25.952  1253  1319 D UmdCamera: ShutterCb 
07-08 12:29:25.980  1253  7036 D UmdCamera: CAMERA_SUBMIT_REQUEST
07-08 12:29:25.980  1253  7036 D UmdCamera: Camera submit request
07-08 12:29:25.985  1253  1319 D UmdCamera: ShutterCb 
07-08 12:29:26.012  1253  7036 D UmdCamera: CAMERA_SUBMIT_REQUEST
07-08 12:29:26.012  1253  7036 D UmdCamera: Camera submit request
07-08 12:29:26.018  1253  1319 D UmdCamera: ShutterCb 
07-08 12:29:26.047  1253  7036 D UmdCamera: CAMERA_SUBMIT_REQUEST
07-08 12:29:26.047  1253  7036 D UmdCamera: Camera submit request
07-08 12:29:26.054  1253  1319 D UmdCamera: ShutterCb 
07-08 12:29:26.082  1253  7036 D UmdCamera: CAMERA_SUBMIT_REQUEST
07-08 12:29:26.082  1253  7036 D UmdCamera: Camera submit request
07-08 12:29:26.085  1253  1319 D UmdCamera: ShutterCb 
07-08 12:29:26.110  1253  7036 D UmdCamera: CAMERA_SUBMIT_REQUEST
07-08 12:29:26.110  1253  7036 D UmdCamera: Camera submit request
07-08 12:29:26.119  1253  1319 D UmdCamera: ShutterCb 
07-08 12:29:26.146  1253  7036 D UmdCamera: CAMERA_SUBMIT_REQUEST
07-08 12:29:26.146  1253  7036 D UmdCamera: Camera submit request
07-08 12:29:26.152  1253  1319 D UmdCamera: ShutterCb 
07-08 12:29:26.181  1253  7036 D UmdCamera: CAMERA_SUBMIT_REQUEST
07-08 12:29:26.182  1253  7036 D UmdCamera: Camera submit request
07-08 12:29:26.185  1253  1319 D UmdCamera: ShutterCb 
07-08 12:29:26.214  1253  7036 D UmdCamera: CAMERA_SUBMIT_REQUEST
07-08 12:29:26.214  1253  7036 D UmdCamera: Camera submit request
07-08 12:29:26.220  1253  1319 D UmdCamera: ShutterCb 
07-08 12:29:26.246  1253  7036 D UmdCamera: CAMERA_SUBMIT_REQUEST
07-08 12:29:26.249  1253  7036 D UmdCamera: Camera submit request
07-08 12:29:26.253  1253  1319 D UmdCamera: ShutterCb 
07-08 12:29:26.280  1253  7036 D UmdCamera: CAMERA_SUBMIT_REQUEST
07-08 12:29:26.280  1253  7036 D UmdCamera: Camera submit request
07-08 12:29:26.287  1253  1319 D UmdCamera: ShutterCb 
07-08 12:29:26.319  1253  1319 D UmdCamera: ShutterCb 
