[  102.382167] configfs-gadget.g1 gadget.0: uvc: [UVC-FPS-FIX] prep_requests: nreq=534 req_size=875 max_req_size=21504 uvc_num_requests=534 interval=666666 interval_duration=1250
[  102.400433] configfs-gadget.g1 gadget.0: uvc: [UVC-FPS-FIX] VS request missed xfer (len=0).
[  102.443387] configfs-gadget.g1 gadget.0: uvc: [UVC-FPS-FIX] complete=50 frame=0 elapsed_ms=49 queued=0 req_size=21504
[  102.481094] configfs-gadget.g1 gadget.0: uvc: [UVC-FPS-FIX] complete=50 frame=0 elapsed_ms=36 queued=0 req_size=21504
[  102.518716] configfs-gadget.g1 gadget.0: uvc: [UVC-FPS-FIX] complete=50 frame=0 elapsed_ms=37 queued=0 req_size=21504
[  102.552601] configfs-gadget.g1 gadget.0: uvc: [UVC-FPS-FIX] complete=50 frame=0 elapsed_ms=33 queued=0 req_size=21504
[  102.588878] configfs-gadget.g1 gadget.0: uvc: [UVC-FPS-FIX] complete=50 frame=0 elapsed_ms=35 queued=0 req_size=21504
[  102.627975] configfs-gadget.g1 gadget.0: uvc: [UVC-FPS-FIX] complete=50 frame=0 elapsed_ms=38 queued=0 req_size=21504
[  102.665745] configfs-gadget.g1 gadget.0: uvc: [UVC-FPS-FIX] complete=50 frame=0 elapsed_ms=37 queued=0 req_size=21504
[  102.704753] configfs-gadget.g1 gadget.0: uvc: [UVC-FPS-FIX] complete=50 frame=0 elapsed_ms=38 queued=0 req_size=21504
[  102.742768] configfs-gadget.g1 gadget.0: uvc: [UVC-FPS-FIX] complete=50 frame=0 elapsed_ms=37 queued=0 req_size=21504
[  102.781885] configfs-gadget.g1 gadget.0: uvc: [UVC-FPS-FIX] complete=50 frame=0 elapsed_ms=37 queued=0 req_size=21504
[  102.818623] configfs-gadget.g1 gadget.0: uvc: [UVC-FPS-FIX] complete=50 frame=0 elapsed_ms=36 queued=0 req_size=21504
[  102.857234] configfs-gadget.g1 gadget.0: uvc: [UVC-FPS-FIX] complete=50 frame=0 elapsed_ms=37 queued=0 req_size=21504
[  102.893895] configfs-gadget.g1 gadget.0: uvc: [UVC-FPS-FIX] complete=50 frame=0 elapsed_ms=35 queued=0 req_size=21504
[  102.907454] configfs-gadget.g1 gadget.0: uvc: [UVC-FPS-FIX] VS request missed xfer (len=0).
[  102.942732] configfs-gadget.g1 gadget.0: uvc: [UVC-FPS-FIX] complete=50 frame=0 elapsed_ms=48 queued=0 req_size=21504
[  102.980888] configfs-gadget.g1 gadget.0: uvc: [UVC-FPS-FIX] complete=50 frame=0 elapsed_ms=37 queued=0 req_size=21504
[  103.018337] configfs-gadget.g1 gadget.0: uvc: [UVC-FPS-FIX] complete=50 frame=0 elapsed_ms=36 queued=0 req_size=21504
[  103.055390] configfs-gadget.g1 gadget.0: uvc: [UVC-FPS-FIX] complete=50 frame=0 elapsed_ms=36 queued=0 req_size=21504
[  103.093366] configfs-gadget.g1 gadget.0: uvc: [UVC-FPS-FIX] complete=50 frame=0 elapsed_ms=37 queued=0 req_size=21504
[  103.130213] configfs-gadget.g1 gadget.0: uvc: [UVC-FPS-FIX] complete=50 frame=0 elapsed_ms=36 queued=0 req_size=21504
[  103.163216] configfs-gadget.g1 gadget.0: uvc: [UVC-FPS-FIX] complete=50 frame=0 elapsed_ms=32 queued=0 req_size=21504
[  103.199866] configfs-gadget.g1 gadget.0: uvc: [UVC-FPS-FIX] complete=50 frame=0 elapsed_ms=35 queued=0 req_size=21504
[  103.235998] configfs-gadget.g1 gadget.0: uvc: [UVC-FPS-FIX] complete=50 frame=0 elapsed_ms=35 queued=0 req_size=21504
[  103.274594] configfs-gadget.g1 gadget.0: uvc: [UVC-FPS-FIX] complete=50 frame=0 elapsed_ms=37 queued=0 req_size=21504
[  103.314393] configfs-gadget.g1 gadget.0: uvc: [UVC-FPS-FIX] complete=50 frame=0 elapsed_ms=39 queued=0 req_size=21504
[  103.351816] configfs-gadget.g1 gadget.0: uvc: [UVC-FPS-FIX] complete=50 frame=0 elapsed_ms=36 queued=0 req_size=21504
[  103.390395] configfs-gadget.g1 gadget.0: uvc: [UVC-FPS-FIX] complete=50 frame=0 elapsed_ms=37 queued=0 req_size=21504
[  103.430320] configfs-gadget.g1 gadget.0: uvc: [UVC-FPS-FIX] complete=50 frame=0 elapsed_ms=39 queued=0 req_size=21504
[  103.473457] configfs-gadget.g1 gadget.0: uvc: [UVC-FPS-FIX] complete=50 frame=0 elapsed_ms=42 queued=0 req_size=21504
[  103.512820] configfs-gadget.g1 gadget.0: uvc: [UVC-FPS-FIX] complete=50 frame=0 elapsed_ms=38 queued=0 req_size=21504
[  103.549955] configfs-gadget.g1 gadget.0: uvc: [UVC-FPS-FIX] complete=50 frame=0 elapsed_ms=36 queued=0 req_size=21504
[  103.590094] configfs-gadget.g1 gadget.0: uvc: [UVC-FPS-FIX] complete=50 frame=0 elapsed_ms=39 queued=0 req_size=21504
[  103.628833] configfs-gadget.g1 gadget.0: uvc: [UVC-FPS-FIX] complete=50 frame=0 elapsed_ms=38 queued=0 req_size=21504
[  103.665643] configfs-gadget.g1 gadget.0: uvc: [UVC-FPS-FIX] complete=50 frame=0 elapsed_ms=36 queued=0 req_size=21504
[  103.703791] configfs-gadget.g1 gadget.0: uvc: [UVC-FPS-FIX] complete=50 frame=0 elapsed_ms=37 queued=0 req_size=21504
[  103.730982] [UVC-FPS-FIX] buf_prepare: bytesused=24896 req_payload_size=21504 req_size=21504 max_req_size=21504
[  103.744328] configfs-gadget.g1 gadget.0: uvc: [UVC-FPS-FIX] complete=50 frame=1 elapsed_ms=39 queued=0 req_size=21504
[  103.749699] [UVC-FPS-FIX] buf_prepare: bytesused=6608 req_payload_size=21504 req_size=21504 max_req_size=21504
[  103.767903] [UVC-FPS-FIX] buf_prepare: bytesused=5712 req_payload_size=21504 req_size=21504 max_req_size=21504
[  103.781957] configfs-gadget.g1 gadget.0: uvc: [UVC-FPS-FIX] complete=50 frame=2 elapsed_ms=36 queued=0 req_size=21504
[  103.816322] configfs-gadget.g1 gadget.0: uvc: [UVC-FPS-FIX] direct encode path active, count=1
[  103.816859] configfs-gadget.g1 gadget.0: uvc: [UVC-FPS-FIX] VS request missed xfer (len=21504).
[  103.827341] configfs-gadget.g1 gadget.0: uvc: [UVC-FPS-FIX] VS request missed xfer (len=3492).
[  103.842820] configfs-gadget.g1 gadget.0: uvc: [UVC-FPS-FIX] complete=50 frame=1 elapsed_ms=60 queued=0 req_size=21504
[  103.854915] configfs-gadget.g1 gadget.0: uvc: [UVC-FPS-FIX] direct encode path active, count=2
[  103.855639] configfs-gadget.g1 gadget.0: uvc: [UVC-FPS-FIX] VS request missed xfer (len=21504).
[  103.866104] configfs-gadget.g1 gadget.0: uvc: [UVC-FPS-FIX] VS request missed xfer (len=13524).
[  103.898208] configfs-gadget.g1 gadget.0: uvc: [UVC-FPS-FIX] direct encode path active, count=3
[  103.898901] configfs-gadget.g1 gadget.0: uvc: [UVC-FPS-FIX] VS request missed xfer (len=21504).
[  103.909222] configfs-gadget.g1 gadget.0: uvc: [UVC-FPS-FIX] VS request missed xfer (len=19108).
[  103.925233] configfs-gadget.g1 gadget.0: uvc: [UVC-FPS-FIX] complete=50 frame=2 elapsed_ms=81 queued=0 req_size=21504
[  103.957685] configfs-gadget.g1 gadget.0: uvc: [UVC-FPS-FIX] direct encode path active, count=4
[  103.957896] configfs-gadget.g1 gadget.0: uvc: [UVC-FPS-FIX] VS request missed xfer (len=21504).
[  103.968346] configfs-gadget.g1 gadget.0: uvc: [UVC-FPS-FIX] VS request missed xfer (len=12052).
[  103.979946] configfs-gadget.g1 gadget.0: uvc: [UVC-FPS-FIX] complete=50 frame=2 elapsed_ms=53 queued=0 req_size=21504
[  104.003767] configfs-gadget.g1 gadget.0: uvc: [UVC-FPS-FIX] direct encode path active, count=5
[  104.004315] configfs-gadget.g1 gadget.0: uvc: [UVC-FPS-FIX] VS request missed xfer (len=21504).
[  104.014488] configfs-gadget.g1 gadget.0: uvc: [UVC-FPS-FIX] VS request missed xfer (len=580).
[  104.034798] configfs-gadget.g1 gadget.0: uvc: [UVC-FPS-FIX] complete=50 frame=1 elapsed_ms=54 queued=0 req_size=21504
[  104.074227] configfs-gadget.g1 gadget.0: uvc: [UVC-FPS-FIX] complete=50 frame=0 elapsed_ms=38 queued=0 req_size=21504
[  104.082414] configfs-gadget.g1 gadget.0: uvc: [UVC-FPS-FIX] VS request missed xfer (len=0).
[  104.121130] configfs-gadget.g1 gadget.0: uvc: [UVC-FPS-FIX] complete=50 frame=1 elapsed_ms=45 queued=0 req_size=21504
[  104.122397] configfs-gadget.g1 gadget.0: uvc: [UVC-FPS-FIX] VS request missed xfer (len=21504).
[  104.132322] configfs-gadget.g1 gadget.0: uvc: [UVC-FPS-FIX] VS request missed xfer (len=7924).
[  104.152858] configfs-gadget.g1 gadget.0: uvc: [UVC-FPS-FIX] VS request missed xfer (len=18604).
[  104.186306] configfs-gadget.g1 gadget.0: uvc: [UVC-FPS-FIX] complete=50 frame=2 elapsed_ms=64 queued=0 req_size=21504
[  104.223426] configfs-gadget.g1 gadget.0: uvc: [UVC-FPS-FIX] complete=50 frame=0 elapsed_ms=36 queued=0 req_size=21504
[  104.224614] configfs-gadget.g1 gadget.0: uvc: [UVC-FPS-FIX] VS request missed xfer (len=21504).
[  104.234510] configfs-gadget.g1 gadget.0: uvc: [UVC-FPS-FIX] VS request missed xfer (len=4804).
[  104.279778] configfs-gadget.g1 gadget.0: uvc: [UVC-FPS-FIX] complete=50 frame=2 elapsed_ms=55 queued=0 req_size=21504
[  104.318186] configfs-gadget.g1 gadget.0: uvc: [UVC-FPS-FIX] complete=50 frame=1 elapsed_ms=37 queued=0 req_size=21504
[  104.356291] configfs-gadget.g1 gadget.0: uvc: [UVC-FPS-FIX] complete=50 frame=0 elapsed_ms=37 queued=0 req_size=21504
[  104.372527] configfs-gadget.g1 gadget.0: uvc: [UVC-FPS-FIX] VS request missed xfer (len=21504).
[  104.382457] configfs-gadget.g1 gadget.0: uvc: [UVC-FPS-FIX] VS request missed xfer (len=1876).
[  104.392665] configfs-gadget.g1 gadget.0: uvc: [UVC-FPS-FIX] VS request missed xfer (len=0).
[  104.420662] configfs-gadget.g1 gadget.0: uvc: [UVC-FPS-FIX] complete=50 frame=1 elapsed_ms=63 queued=0 req_size=21504
[  104.457439] configfs-gadget.g1 gadget.0: uvc: [UVC-FPS-FIX] complete=50 frame=1 elapsed_ms=35 queued=0 req_size=21504
[  104.492298] configfs-gadget.g1 gadget.0: uvc: [UVC-FPS-FIX] complete=50 frame=0 elapsed_ms=34 queued=0 req_size=21504
[  104.495836] configfs-gadget.g1 gadget.0: uvc: [UVC-FPS-FIX] VS request missed xfer (len=19852).
[  104.536147] configfs-gadget.g1 gadget.0: uvc: [UVC-FPS-FIX] VS request missed xfer (len=15340).
[  104.549929] configfs-gadget.g1 gadget.0: uvc: [UVC-FPS-FIX] complete=50 frame=2 elapsed_ms=56 queued=0 req_size=21504
[  104.598735] configfs-gadget.g1 gadget.0: uvc: [UVC-FPS-FIX] complete=50 frame=0 elapsed_ms=48 queued=0 req_size=21504
[  104.619863] configfs-gadget.g1 gadget.0: uvc: [UVC-FPS-FIX] VS request missed xfer (len=19580).
[  104.653056] configfs-gadget.g1 gadget.0: uvc: [UVC-FPS-FIX] complete=50 frame=1 elapsed_ms=53 queued=0 req_size=21504
[  104.660673] configfs-gadget.g1 gadget.0: uvc: [UVC-FPS-FIX] VS request missed xfer (len=18748).
[  104.703569] configfs-gadget.g1 gadget.0: uvc: [UVC-FPS-FIX] complete=50 frame=1 elapsed_ms=49 queued=0 req_size=21504
[  104.739573] configfs-gadget.g1 gadget.0: uvc: [UVC-FPS-FIX] complete=50 frame=1 elapsed_ms=35 queued=0 req_size=21504
[  104.770286] configfs-gadget.g1 gadget.0: uvc: [UVC-FPS-FIX] VS request missed xfer (len=18396).
[  104.785043] configfs-gadget.g1 gadget.0: uvc: [UVC-FPS-FIX] complete=50 frame=1 elapsed_ms=44 queued=0 req_size=21504
[  104.822230] configfs-gadget.g1 gadget.0: uvc: [UVC-FPS-FIX] complete=50 frame=0 elapsed_ms=36 queued=0 req_size=21504
[  104.828784] configfs-gadget.g1 gadget.0: uvc: [UVC-FPS-FIX] VS request missed xfer (len=18508).
[  104.868160] configfs-gadget.g1 gadget.0: uvc: [UVC-FPS-FIX] complete=50 frame=1 elapsed_ms=44 queued=1 req_size=21504
[  104.868470] configfs-gadget.g1 gadget.0: uvc: [UVC-FPS-FIX] VS request missed xfer (len=18156).
[  104.907538] configfs-gadget.g1 gadget.0: uvc: [UVC-FPS-FIX] VS request missed xfer (len=16652).
[  104.920295] configfs-gadget.g1 gadget.0: uvc: [UVC-FPS-FIX] complete=50 frame=2 elapsed_ms=51 queued=0 req_size=21504
[  104.947956] configfs-gadget.g1 gadget.0: uvc: [UVC-FPS-FIX] VS request missed xfer (len=16684).
[  104.965927] configfs-gadget.g1 gadget.0: uvc: [UVC-FPS-FIX] complete=50 frame=1 elapsed_ms=44 queued=0 req_size=21504
[  104.988647] configfs-gadget.g1 gadget.0: uvc: [UVC-FPS-FIX] VS request missed xfer (len=17340).
[  105.010717] configfs-gadget.g1 gadget.0: uvc: [UVC-FPS-FIX] complete=50 frame=1 elapsed_ms=44 queued=0 req_size=21504
[  105.010754] configfs-gadget.g1 gadget.0: uvc: [UVC-FPS-FIX] VS request missed xfer (len=15852).
[  105.057055] configfs-gadget.g1 gadget.0: uvc: [UVC-FPS-FIX] complete=50 frame=2 elapsed_ms=35 queued=0 req_size=21504
[  105.095336] configfs-gadget.g1 gadget.0: uvc: [UVC-FPS-FIX] VS request missed xfer (len=21504).
[  105.105315] configfs-gadget.g1 gadget.0: uvc: [UVC-FPS-FIX] complete=50 frame=0 elapsed_ms=47 queued=1 req_size=21504
[  105.105333] configfs-gadget.g1 gadget.0: uvc: [UVC-FPS-FIX] VS request missed xfer (len=21504).
[  105.115200] configfs-gadget.g1 gadget.0: uvc: [UVC-FPS-FIX] VS request missed xfer (len=10508).
[  105.125579] configfs-gadget.g1 gadget.0: uvc: [UVC-FPS-FIX] VS request missed xfer (len=16780).
[  105.150383] configfs-gadget.g1 gadget.0: uvc: [UVC-FPS-FIX] VS request missed xfer (len=15484).
[  105.178931] configfs-gadget.g1 gadget.0: uvc: [UVC-FPS-FIX] complete=50 frame=3 elapsed_ms=63 queued=0 req_size=21504
[  105.190090] configfs-gadget.g1 gadget.0: uvc: [UVC-FPS-FIX] VS request missed xfer (len=16780).
[  105.210740] configfs-gadget.g1 gadget.0: uvc: [UVC-FPS-FIX] VS request missed xfer (len=14028).
[  105.233917] configfs-gadget.g1 gadget.0: uvc: [UVC-FPS-FIX] complete=50 frame=2 elapsed_ms=54 queued=0 req_size=21504
[  105.269179] configfs-gadget.g1 gadget.0: uvc: [UVC-FPS-FIX] complete=50 frame=1 elapsed_ms=34 queued=0 req_size=21504
[  105.290347] configfs-gadget.g1 gadget.0: uvc: [UVC-FPS-FIX] VS request missed xfer (len=13564).
[  105.314307] configfs-gadget.g1 gadget.0: uvc: [UVC-FPS-FIX] VS request missed xfer (len=14508).
[  105.324476] configfs-gadget.g1 gadget.0: uvc: [UVC-FPS-FIX] complete=50 frame=2 elapsed_ms=54 queued=0 req_size=21504
[  105.324494] configfs-gadget.g1 gadget.0: uvc: [UVC-FPS-FIX] VS request missed xfer (len=0).
[  105.353117] configfs-gadget.g1 gadget.0: uvc: [UVC-FPS-FIX] VS request missed xfer (len=16524).
[  105.378533] configfs-gadget.g1 gadget.0: uvc: [UVC-FPS-FIX] complete=50 frame=1 elapsed_ms=43 queued=0 req_size=21504
[  105.391257] configfs-gadget.g1 gadget.0: uvc: [UVC-FPS-FIX] VS request missed xfer (len=13660).
[  105.414113] configfs-gadget.g1 gadget.0: uvc: [UVC-FPS-FIX] VS request missed xfer (len=13132).
[  105.435172] configfs-gadget.g1 gadget.0: uvc: [UVC-FPS-FIX] complete=50 frame=2 elapsed_ms=56 queued=0 req_size=21504
[  105.451461] configfs-gadget.g1 gadget.0: uvc: [UVC-FPS-FIX] VS request missed xfer (len=12956).
[  105.479428] configfs-gadget.g1 gadget.0: uvc: [UVC-FPS-FIX] complete=50 frame=1 elapsed_ms=43 queued=0 req_size=21504
[  105.489810] configfs-gadget.g1 gadget.0: uvc: [UVC-FPS-FIX] VS request missed xfer (len=13212).
[  105.511037] configfs-gadget.g1 gadget.0: uvc: [UVC-FPS-FIX] VS request missed xfer (len=13532).
[  105.535185] configfs-gadget.g1 gadget.0: uvc: [UVC-FPS-FIX] complete=50 frame=2 elapsed_ms=54 queued=0 req_size=21504
[  105.550485] configfs-gadget.g1 gadget.0: uvc: [UVC-FPS-FIX] VS request missed xfer (len=12828).
[  105.580417] configfs-gadget.g1 gadget.0: uvc: [UVC-FPS-FIX] complete=50 frame=1 elapsed_ms=44 queued=0 req_size=21504
[  105.590423] configfs-gadget.g1 gadget.0: uvc: [UVC-FPS-FIX] VS request missed xfer (len=12220).
[  105.628021] configfs-gadget.g1 gadget.0: uvc: [UVC-FPS-FIX] complete=50 frame=1 elapsed_ms=46 queued=0 req_size=21504
[  105.647000] configfs-gadget.g1 gadget.0: uvc: [UVC-FPS-FIX] VS request missed xfer (len=0).
[  105.656815] configfs-gadget.g1 gadget.0: uvc: [UVC-FPS-FIX] VS request missed xfer (len=12012).
[  105.681168] configfs-gadget.g1 gadget.0: uvc: [UVC-FPS-FIX] complete=50 frame=2 elapsed_ms=52 queued=0 req_size=21504
[  105.689634] configfs-gadget.g1 gadget.0: uvc: [UVC-FPS-FIX] VS request missed xfer (len=12700).
[  105.729147] configfs-gadget.g1 gadget.0: uvc: [UVC-FPS-FIX] VS request missed xfer (len=13004).
[  105.751109] configfs-gadget.g1 gadget.0: uvc: [UVC-FPS-FIX] complete=50 frame=2 elapsed_ms=69 queued=0 req_size=21504
[  105.786590] configfs-gadget.g1 gadget.0: uvc: [UVC-FPS-FIX] VS request missed xfer (len=13500).
[  105.798076] configfs-gadget.g1 gadget.0: uvc: [UVC-FPS-FIX] complete=50 frame=2 elapsed_ms=45 queued=0 req_size=21504
[  105.823608] configfs-gadget.g1 gadget.0: uvc: [UVC-FPS-FIX] VS request missed xfer (len=14108).
[  105.843535] configfs-gadget.g1 gadget.0: uvc: [UVC-FPS-FIX] complete=50 frame=1 elapsed_ms=44 queued=0 req_size=21504
[  105.861011] configfs-gadget.g1 gadget.0: uvc: [UVC-FPS-FIX] VS request missed xfer (len=15692).
[  105.883559] configfs-gadget.g1 gadget.0: uvc: [UVC-FPS-FIX] VS request missed xfer (len=17372).
[  105.898770] configfs-gadget.g1 gadget.0: uvc: [UVC-FPS-FIX] complete=50 frame=2 elapsed_ms=54 queued=0 req_size=21504
[  105.934676] configfs-gadget.g1 gadget.0: uvc: [UVC-FPS-FIX] complete=50 frame=1 elapsed_ms=35 queued=0 req_size=21504
[  105.962108] configfs-gadget.g1 gadget.0: uvc: [UVC-FPS-FIX] VS request missed xfer (len=21504).
[  105.972408] configfs-gadget.g1 gadget.0: uvc: [UVC-FPS-FIX] VS request missed xfer (len=372).
[  105.985023] configfs-gadget.g1 gadget.0: uvc: [UVC-FPS-FIX] VS request missed xfer (len=3716).
[  105.999920] configfs-gadget.g1 gadget.0: uvc: [UVC-FPS-FIX] complete=50 frame=2 elapsed_ms=64 queued=0 req_size=21504
[  106.023797] configfs-gadget.g1 gadget.0: uvc: [UVC-FPS-FIX] VS request missed xfer (len=21504).
[  106.033741] configfs-gadget.g1 gadget.0: uvc: [UVC-FPS-FIX] VS request missed xfer (len=1348).
[  106.055939] configfs-gadget.g1 gadget.0: uvc: [UVC-FPS-FIX] complete=50 frame=1 elapsed_ms=55 queued=0 req_size=21504
[  106.061993] configfs-gadget.g1 gadget.0: uvc: [UVC-FPS-FIX] VS request missed xfer (len=21504).
[  106.071935] configfs-gadget.g1 gadget.0: uvc: [UVC-FPS-FIX] VS request missed xfer (len=6628).
[  106.086868] configfs-gadget.g1 gadget.0: uvc: [UVC-FPS-FIX] VS request missed xfer (len=21504).
[  106.096969] configfs-gadget.g1 gadget.0: uvc: [UVC-FPS-FIX] VS request missed xfer (len=21504).
[  106.106873] configfs-gadget.g1 gadget.0: uvc: [UVC-FPS-FIX] VS request missed xfer (len=18268).
[  106.121997] configfs-gadget.g1 gadget.0: uvc: [UVC-FPS-FIX] VS request missed xfer (len=21504).
[  106.131949] configfs-gadget.g1 gadget.0: uvc: [UVC-FPS-FIX] VS request missed xfer (len=2100).
[  106.157207] configfs-gadget.g1 gadget.0: uvc: [UVC-FPS-FIX] complete=50 frame=3 elapsed_ms=100 queued=0 req_size=21504
[  106.192405] configfs-gadget.g1 gadget.0: uvc: [UVC-FPS-FIX] complete=50 frame=2 elapsed_ms=34 queued=0 req_size=21504
[  106.227385] configfs-gadget.g1 gadget.0: uvc: [UVC-FPS-FIX] complete=50 frame=1 elapsed_ms=34 queued=0 req_size=21504
[  106.262165] configfs-gadget.g1 gadget.0: uvc: [UVC-FPS-FIX] complete=50 frame=0 elapsed_ms=33 queued=0 req_size=21504
[  106.264138] configfs-gadget.g1 gadget.0: uvc: [UVC-FPS-FIX] VS request missed xfer (len=21504).
[  106.274366] configfs-gadget.g1 gadget.0: uvc: [UVC-FPS-FIX] VS request missed xfer (len=8084).
[  106.286741] configfs-gadget.g1 gadget.0: uvc: [UVC-FPS-FIX] VS request missed xfer (len=21504).
[  106.296822] configfs-gadget.g1 gadget.0: uvc: [UVC-FPS-FIX] VS request missed xfer (len=4420).
[  106.325551] configfs-gadget.g1 gadget.0: uvc: [UVC-FPS-FIX] VS request missed xfer (len=21504).
[  106.335746] configfs-gadget.g1 gadget.0: uvc: [UVC-FPS-FIX] VS request missed xfer (len=5460).
[  106.348999] configfs-gadget.g1 gadget.0: uvc: [UVC-FPS-FIX] VS request missed xfer (len=21504).
[  106.359193] configfs-gadget.g1 gadget.0: uvc: [UVC-FPS-FIX] VS request missed xfer (len=5044).
[  106.374281] configfs-gadget.g1 gadget.0: uvc: [UVC-FPS-FIX] complete=50 frame=4 elapsed_ms=111 queued=0 req_size=21504
[  106.386755] configfs-gadget.g1 gadget.0: uvc: [UVC-FPS-FIX] VS request missed xfer (len=21504).
[  106.397009] configfs-gadget.g1 gadget.0: uvc: [UVC-FPS-FIX] VS request missed xfer (len=4212).
[  106.427524] configfs-gadget.g1 gadget.0: uvc: [UVC-FPS-FIX] complete=50 frame=1 elapsed_ms=52 queued=0 req_size=21504
[  106.430707] configfs-gadget.g1 gadget.0: uvc: [UVC-FPS-FIX] VS request missed xfer (len=21504).
[  106.440636] configfs-gadget.g1 gadget.0: uvc: [UVC-FPS-FIX] VS request missed xfer (len=3620).
[  106.464070] configfs-gadget.g1 gadget.0: uvc: [UVC-FPS-FIX] VS request missed xfer (len=21504).
[  106.474446] configfs-gadget.g1 gadget.0: uvc: [UVC-FPS-FIX] VS request missed xfer (len=4660).
[  106.486914] configfs-gadget.g1 gadget.0: uvc: [UVC-FPS-FIX] VS request missed xfer (len=21504).
[  106.496808] configfs-gadget.g1 gadget.0: uvc: [UVC-FPS-FIX] VS request missed xfer (len=2820).
[  106.519026] configfs-gadget.g1 gadget.0: uvc: [UVC-FPS-FIX] complete=50 frame=3 elapsed_ms=90 queued=0 req_size=21504
[  106.526984] configfs-gadget.g1 gadget.0: uvc: [UVC-FPS-FIX] VS request missed xfer (len=21504).
[  106.537304] configfs-gadget.g1 gadget.0: uvc: [UVC-FPS-FIX] VS request missed xfer (len=3524).
[  106.565540] configfs-gadget.g1 gadget.0: uvc: [UVC-FPS-FIX] VS request missed xfer (len=20268).
[  106.582554] configfs-gadget.g1 gadget.0: uvc: [UVC-FPS-FIX] complete=50 frame=2 elapsed_ms=62 queued=0 req_size=21504
[  106.588867] configfs-gadget.g1 gadget.0: uvc: [UVC-FPS-FIX] VS request missed xfer (len=18684).
[  106.626869] configfs-gadget.g1 gadget.0: uvc: [UVC-FPS-FIX] complete=50 frame=1 elapsed_ms=43 queued=0 req_size=21504
[  106.664526] configfs-gadget.g1 gadget.0: uvc: [UVC-FPS-FIX] complete=50 frame=1 elapsed_ms=36 queued=0 req_size=21504
[  106.667511] configfs-gadget.g1 gadget.0: uvc: [UVC-FPS-FIX] VS request missed xfer (len=15052).
[  106.700739] configfs-gadget.g1 gadget.0: uvc: [UVC-FPS-FIX] VS request missed xfer (len=12044).
[  106.718522] configfs-gadget.g1 gadget.0: uvc: [UVC-FPS-FIX] complete=50 frame=2 elapsed_ms=52 queued=0 req_size=21504
[  106.754491] configfs-gadget.g1 gadget.0: uvc: [UVC-FPS-FIX] complete=50 frame=1 elapsed_ms=35 queued=0 req_size=21504
[  106.789686] configfs-gadget.g1 gadget.0: uvc: [UVC-FPS-FIX] complete=50 frame=1 elapsed_ms=34 queued=0 req_size=21504
[  106.822128] configfs-gadget.g1 gadget.0: uvc: [UVC-FPS-FIX] VS request missed xfer (len=11932).
[  106.837760] configfs-gadget.g1 gadget.0: uvc: [UVC-FPS-FIX] complete=50 frame=2 elapsed_ms=47 queued=0 req_size=21504
[  106.859461] configfs-gadget.g1 gadget.0: uvc: [UVC-FPS-FIX] VS request missed xfer (len=13740).
[  106.882894] configfs-gadget.g1 gadget.0: uvc: [UVC-FPS-FIX] complete=50 frame=1 elapsed_ms=44 queued=0 req_size=21504
[  106.918380] configfs-gadget.g1 gadget.0: uvc: [UVC-FPS-FIX] complete=50 frame=1 elapsed_ms=34 queued=0 req_size=21504
[  106.954639] configfs-gadget.g1 gadget.0: uvc: [UVC-FPS-FIX] complete=50 frame=1 elapsed_ms=35 queued=0 req_size=21504
[  106.958789] configfs-gadget.g1 gadget.0: uvc: [UVC-FPS-FIX] VS request missed xfer (len=11980).
[  106.999251] configfs-gadget.g1 gadget.0: uvc: [UVC-FPS-FIX] complete=50 frame=1 elapsed_ms=43 queued=0 req_size=21504
[  106.999296] configfs-gadget.g1 gadget.0: uvc: [UVC-FPS-FIX] VS request missed xfer (len=15180).
[  107.037161] configfs-gadget.g1 gadget.0: uvc: [UVC-FPS-FIX] VS request missed xfer (len=13292).
[  107.055512] configfs-gadget.g1 gadget.0: uvc: [UVC-FPS-FIX] complete=50 frame=2 elapsed_ms=45 queued=0 req_size=21504
[  107.058713] configfs-gadget.g1 gadget.0: uvc: [UVC-FPS-FIX] VS request missed xfer (len=14732).
[  107.102888] configfs-gadget.g1 gadget.0: uvc: [UVC-FPS-FIX] complete=50 frame=1 elapsed_ms=46 queued=2 req_size=21504
[  107.102941] configfs-gadget.g1 gadget.0: uvc: [UVC-FPS-FIX] VS request missed xfer (len=21504).
[  107.112892] configfs-gadget.g1 gadget.0: uvc: [UVC-FPS-FIX] VS request missed xfer (len=21504).
[  107.130871] configfs-gadget.g1 gadget.0: uvc: [UVC-FPS-FIX] VS request missed xfer (len=10492).
[  107.141330] configfs-gadget.g1 gadget.0: uvc: [UVC-FPS-FIX] VS request missed xfer (len=15212).
[  107.184628] configfs-gadget.g1 gadget.0: uvc: [UVC-FPS-FIX] complete=50 frame=3 elapsed_ms=71 queued=0 req_size=21504
[  107.200167] configfs-gadget.g1 gadget.0: uvc: [UVC-FPS-FIX] VS request missed xfer (len=14508).
[  107.229652] configfs-gadget.g1 gadget.0: uvc: [UVC-FPS-FIX] complete=50 frame=1 elapsed_ms=44 queued=0 req_size=21504
[  107.237713] configfs-gadget.g1 gadget.0: uvc: [UVC-FPS-FIX] VS request missed xfer (len=13868).
[  107.278171] configfs-gadget.g1 gadget.0: uvc: [UVC-FPS-FIX] complete=50 frame=2 elapsed_ms=47 queued=0 req_size=21504
[  107.298840] configfs-gadget.g1 gadget.0: uvc: [UVC-FPS-FIX] VS request missed xfer (len=12652).
[  107.326993] configfs-gadget.g1 gadget.0: uvc: [UVC-FPS-FIX] complete=50 frame=1 elapsed_ms=48 queued=0 req_size=21504
[  107.338437] configfs-gadget.g1 gadget.0: uvc: [UVC-FPS-FIX] VS request missed xfer (len=12684).
[  107.361254] configfs-gadget.g1 gadget.0: uvc: [UVC-FPS-FIX] VS request missed xfer (len=12796).
[  107.385138] configfs-gadget.g1 gadget.0: uvc: [UVC-FPS-FIX] complete=50 frame=2 elapsed_ms=57 queued=0 req_size=21504
[  107.393165] configfs-gadget.g1 gadget.0: uvc: [UVC-FPS-FIX] VS request missed xfer (len=11276).
[  107.429449] configfs-gadget.g1 gadget.0: uvc: [UVC-FPS-FIX] complete=50 frame=1 elapsed_ms=43 queued=0 req_size=21504
[  107.433884] configfs-gadget.g1 gadget.0: uvc: [UVC-FPS-FIX] VS request missed xfer (len=10492).
[  107.475766] configfs-gadget.g1 gadget.0: uvc: [UVC-FPS-FIX] complete=50 frame=2 elapsed_ms=45 queued=0 req_size=21504
[  107.485512] configfs-gadget.g1 gadget.0: uvc: [UVC-FPS-FIX] VS request missed xfer (len=0).
[  107.495213] configfs-gadget.g1 gadget.0: uvc: [UVC-FPS-FIX] VS request missed xfer (len=10780).
[  107.530143] configfs-gadget.g1 gadget.0: uvc: [UVC-FPS-FIX] complete=50 frame=1 elapsed_ms=53 queued=0 req_size=21504
[  107.532738] configfs-gadget.g1 gadget.0: uvc: [UVC-FPS-FIX] VS request missed xfer (len=10076).
[  107.569326] configfs-gadget.g1 gadget.0: uvc: [UVC-FPS-FIX] VS request missed xfer (len=10844).
[  107.585502] configfs-gadget.g1 gadget.0: uvc: [UVC-FPS-FIX] complete=50 frame=2 elapsed_ms=54 queued=0 req_size=21504
[  107.620627] configfs-gadget.g1 gadget.0: uvc: [UVC-FPS-FIX] complete=50 frame=1 elapsed_ms=34 queued=0 req_size=21504
[  107.629533] configfs-gadget.g1 gadget.0: uvc: [UVC-FPS-FIX] VS request missed xfer (len=9628).
[  107.664402] configfs-gadget.g1 gadget.0: uvc: [UVC-FPS-FIX] complete=50 frame=1 elapsed_ms=43 queued=0 req_size=21504
[  107.670078] configfs-gadget.g1 gadget.0: uvc: [UVC-FPS-FIX] VS request missed xfer (len=10668).
[  107.710697] configfs-gadget.g1 gadget.0: uvc: [UVC-FPS-FIX] complete=50 frame=2 elapsed_ms=45 queued=0 req_size=21504
[  107.747518] configfs-gadget.g1 gadget.0: uvc: [UVC-FPS-FIX] complete=50 frame=1 elapsed_ms=36 queued=0 req_size=21504
[  107.768072] configfs-gadget.g1 gadget.0: uvc: [UVC-FPS-FIX] VS request missed xfer (len=10076).
[  107.792255] configfs-gadget.g1 gadget.0: uvc: [UVC-FPS-FIX] complete=50 frame=1 elapsed_ms=43 queued=0 req_size=21504
[  107.807029] configfs-gadget.g1 gadget.0: uvc: [UVC-FPS-FIX] VS request missed xfer (len=10044).
[  107.839138] configfs-gadget.g1 gadget.0: uvc: [UVC-FPS-FIX] complete=50 frame=2 elapsed_ms=46 queued=0 req_size=21504
[  107.866407] configfs-gadget.g1 gadget.0: uvc: [UVC-FPS-FIX] VS request missed xfer (len=11180).
[  107.884246] configfs-gadget.g1 gadget.0: uvc: [UVC-FPS-FIX] complete=50 frame=1 elapsed_ms=44 queued=0 req_size=21504
[  107.919896] configfs-gadget.g1 gadget.0: uvc: [UVC-FPS-FIX] complete=50 frame=1 elapsed_ms=34 queued=0 req_size=21504
[  107.929229] configfs-gadget.g1 gadget.0: uvc: [UVC-FPS-FIX] VS request missed xfer (len=9532).
[  107.966127] configfs-gadget.g1 gadget.0: uvc: [UVC-FPS-FIX] complete=50 frame=1 elapsed_ms=45 queued=0 req_size=21504
[  108.002876] configfs-gadget.g1 gadget.0: uvc: [UVC-FPS-FIX] complete=50 frame=1 elapsed_ms=36 queued=0 req_size=21504
[  108.028305] configfs-gadget.g1 gadget.0: uvc: [UVC-FPS-FIX] VS request missed xfer (len=0).
[  108.048616] configfs-gadget.g1 gadget.0: uvc: [UVC-FPS-FIX] complete=50 frame=2 elapsed_ms=45 queued=0 req_size=21504
[  108.066917] configfs-gadget.g1 gadget.0: uvc: [UVC-FPS-FIX] VS request missed xfer (len=9884).
[  108.093376] configfs-gadget.g1 gadget.0: uvc: [UVC-FPS-FIX] complete=50 frame=1 elapsed_ms=44 queued=0 req_size=21504
[  108.111131] configfs-gadget.g1 gadget.0: uvc: [UVC-FPS-FIX] VS request missed xfer (len=21504).
[  108.121390] configfs-gadget.g1 gadget.0: uvc: [UVC-FPS-FIX] VS request missed xfer (len=21504).
[  108.131281] configfs-gadget.g1 gadget.0: uvc: [UVC-FPS-FIX] VS request missed xfer (len=7068).
[  108.141641] configfs-gadget.g1 gadget.0: uvc: [UVC-FPS-FIX] VS request missed xfer (len=10988).
[  108.166875] configfs-gadget.g1 gadget.0: uvc: [UVC-FPS-FIX] complete=50 frame=2 elapsed_ms=72 queued=0 req_size=21504
[  108.171687] configfs-gadget.g1 gadget.0: uvc: [UVC-FPS-FIX] VS request missed xfer (len=0).
[  108.211089] configfs-gadget.g1 gadget.0: uvc: [UVC-FPS-FIX] complete=50 frame=1 elapsed_ms=43 queued=0 req_size=21504
[  108.211125] configfs-gadget.g1 gadget.0: uvc: [UVC-FPS-FIX] VS request missed xfer (len=9468).
[  108.221325] configfs-gadget.g1 gadget.0: uvc: [UVC-FPS-FIX] VS request missed xfer (len=0).
[  108.232177] configfs-gadget.g1 gadget.0: uvc: [UVC-FPS-FIX] VS request missed xfer (len=10092).
[  108.268308] configfs-gadget.g1 gadget.0: uvc: [UVC-FPS-FIX] VS request missed xfer (len=0).
[  108.278044] configfs-gadget.g1 gadget.0: uvc: [UVC-FPS-FIX] VS request missed xfer (len=10236).
[  108.297598] configfs-gadget.g1 gadget.0: uvc: [UVC-FPS-FIX] complete=50 frame=3 elapsed_ms=76 queued=0 req_size=21504
[  108.310005] configfs-gadget.g1 gadget.0: uvc: [UVC-FPS-FIX] VS request missed xfer (len=10060).
[  108.333394] configfs-gadget.g1 gadget.0: uvc: [UVC-FPS-FIX] VS request missed xfer (len=9868).
[  108.353242] configfs-gadget.g1 gadget.0: uvc: [UVC-FPS-FIX] complete=50 frame=2 elapsed_ms=55 queued=0 req_size=21504
[  108.371202] configfs-gadget.g1 gadget.0: uvc: [UVC-FPS-FIX] VS request missed xfer (len=9548).
[  108.397625] configfs-gadget.g1 gadget.0: uvc: [UVC-FPS-FIX] complete=50 frame=1 elapsed_ms=43 queued=0 req_size=21504
[  108.411797] configfs-gadget.g1 gadget.0: uvc: [UVC-FPS-FIX] VS request missed xfer (len=9756).
[  108.444147] configfs-gadget.g1 gadget.0: uvc: [UVC-FPS-FIX] complete=50 frame=2 elapsed_ms=45 queued=0 req_size=21504
[  108.473683] configfs-gadget.g1 gadget.0: uvc: [UVC-FPS-FIX] VS request missed xfer (len=9388).
[  108.489966] configfs-gadget.g1 gadget.0: uvc: [UVC-FPS-FIX] complete=50 frame=1 elapsed_ms=45 queued=0 req_size=21504
[  108.511461] configfs-gadget.g1 gadget.0: uvc: [UVC-FPS-FIX] VS request missed xfer (len=9948).
[  108.533719] configfs-gadget.g1 gadget.0: uvc: [UVC-FPS-FIX] complete=50 frame=2 elapsed_ms=42 queued=0 req_size=21504
[  108.533753] configfs-gadget.g1 gadget.0: uvc: [UVC-FPS-FIX] VS request missed xfer (len=0).
[  108.572177] configfs-gadget.g1 gadget.0: uvc: [UVC-FPS-FIX] VS request missed xfer (len=9324).
[  108.586727] configfs-gadget.g1 gadget.0: uvc: [UVC-FPS-FIX] complete=50 frame=1 elapsed_ms=42 queued=0 req_size=21504
[  108.621993] configfs-gadget.g1 gadget.0: uvc: [UVC-FPS-FIX] complete=50 frame=1 elapsed_ms=34 queued=0 req_size=21504
[  108.634382] configfs-gadget.g1 gadget.0: uvc: [UVC-FPS-FIX] VS request missed xfer (len=10460).
[  108.665749] configfs-gadget.g1 gadget.0: uvc: [UVC-FPS-FIX] complete=50 frame=1 elapsed_ms=43 queued=0 req_size=21504
[  108.673289] configfs-gadget.g1 gadget.0: uvc: [UVC-FPS-FIX] VS request missed xfer (len=9740).
[  108.711399] configfs-gadget.g1 gadget.0: uvc: [UVC-FPS-FIX] complete=50 frame=1 elapsed_ms=44 queued=0 req_size=21504
[  108.713326] configfs-gadget.g1 gadget.0: uvc: [UVC-FPS-FIX] VS request missed xfer (len=9756).
[  108.758484] configfs-gadget.g1 gadget.0: uvc: [UVC-FPS-FIX] complete=50 frame=2 elapsed_ms=46 queued=0 req_size=21504
[  108.774434] configfs-gadget.g1 gadget.0: uvc: [UVC-FPS-FIX] VS request missed xfer (len=9116).
[  108.802978] configfs-gadget.g1 gadget.0: uvc: [UVC-FPS-FIX] complete=50 frame=1 elapsed_ms=43 queued=0 req_size=21504
[  108.812118] configfs-gadget.g1 gadget.0: uvc: [UVC-FPS-FIX] VS request missed xfer (len=10044).
[  108.848497] configfs-gadget.g1 gadget.0: uvc: [UVC-FPS-FIX] complete=50 frame=2 elapsed_ms=44 queued=0 req_size=21504
[  108.886396] configfs-gadget.g1 gadget.0: uvc: [UVC-FPS-FIX] complete=50 frame=1 elapsed_ms=37 queued=0 req_size=21504
[  108.923604] configfs-gadget.g1 gadget.0: uvc: [UVC-FPS-FIX] complete=50 frame=1 elapsed_ms=36 queued=0 req_size=21504
[  108.948342] configfs-gadget.g1 gadget.0: uvc: [UVC-FPS-FIX] VS request missed xfer (len=0).
[  108.958323] configfs-gadget.g1 gadget.0: uvc: [UVC-FPS-FIX] VS request missed xfer (len=10364).
[  108.976704] configfs-gadget.g1 gadget.0: uvc: [UVC-FPS-FIX] complete=50 frame=2 elapsed_ms=52 queued=0 req_size=21504
[  109.011181] configfs-gadget.g1 gadget.0: uvc: [UVC-FPS-FIX] complete=50 frame=0 elapsed_ms=33 queued=0 req_size=21504
[  109.048479] configfs-gadget.g1 gadget.0: uvc: [UVC-FPS-FIX] complete=50 frame=1 elapsed_ms=35 queued=0 req_size=21504
[  109.085472] configfs-gadget.g1 gadget.0: uvc: [UVC-FPS-FIX] complete=50 frame=2 elapsed_ms=36 queued=0 req_size=21504
[  109.119524] configfs-gadget.g1 gadget.0: uvc: [UVC-FPS-FIX] VS request missed xfer (len=21504).
[  109.129893] configfs-gadget.g1 gadget.0: uvc: [UVC-FPS-FIX] VS request missed xfer (len=21504).
[  109.139818] configfs-gadget.g1 gadget.0: uvc: [UVC-FPS-FIX] complete=50 frame=0 elapsed_ms=53 queued=1 req_size=21504
[  109.139840] configfs-gadget.g1 gadget.0: uvc: [UVC-FPS-FIX] VS request missed xfer (len=6908).
[  109.150294] configfs-gadget.g1 gadget.0: uvc: [UVC-FPS-FIX] VS request missed xfer (len=11100).
[  109.178142] configfs-gadget.g1 gadget.0: uvc: [UVC-FPS-FIX] VS request missed xfer (len=10476).
[  109.203335] configfs-gadget.g1 gadget.0: uvc: [UVC-FPS-FIX] complete=50 frame=3 elapsed_ms=53 queued=0 req_size=21504
[  109.239952] configfs-gadget.g1 gadget.0: uvc: [UVC-FPS-FIX] complete=50 frame=1 elapsed_ms=35 queued=0 req_size=21504
[  109.275347] configfs-gadget.g1 gadget.0: uvc: [UVC-FPS-FIX] complete=50 frame=1 elapsed_ms=34 queued=0 req_size=21504
[  109.312260] configfs-gadget.g1 gadget.0: uvc: [UVC-FPS-FIX] complete=50 frame=1 elapsed_ms=36 queued=0 req_size=21504
[  109.320578] configfs-gadget.g1 gadget.0: uvc: [UVC-FPS-FIX] VS request missed xfer (len=10044).
[  109.342828] configfs-gadget.g1 gadget.0: uvc: [UVC-FPS-FIX] VS request missed xfer (len=9964).
[  109.369094] configfs-gadget.g1 gadget.0: uvc: [UVC-FPS-FIX] complete=50 frame=2 elapsed_ms=56 queued=0 req_size=21504
[  109.404739] configfs-gadget.g1 gadget.0: uvc: [UVC-FPS-FIX] complete=50 frame=1 elapsed_ms=35 queued=0 req_size=21504
[  109.419147] configfs-gadget.g1 gadget.0: uvc: [UVC-FPS-FIX] VS request missed xfer (len=9708).
[  109.440385] configfs-gadget.g1 gadget.0: uvc: [UVC-FPS-FIX] VS request missed xfer (len=9340).
[  109.461834] configfs-gadget.g1 gadget.0: uvc: [UVC-FPS-FIX] complete=50 frame=2 elapsed_ms=56 queued=0 req_size=21504
[  109.497105] configfs-gadget.g1 gadget.0: uvc: [UVC-FPS-FIX] complete=50 frame=1 elapsed_ms=34 queued=0 req_size=21504
[  109.532478] configfs-gadget.g1 gadget.0: uvc: [UVC-FPS-FIX] complete=50 frame=1 elapsed_ms=34 queued=0 req_size=21504
[  109.539866] configfs-gadget.g1 gadget.0: uvc: [UVC-FPS-FIX] VS request missed xfer (len=9596).
[  109.578330] configfs-gadget.g1 gadget.0: uvc: [UVC-FPS-FIX] complete=50 frame=1 elapsed_ms=45 queued=0 req_size=21504
[  109.579214] configfs-gadget.g1 gadget.0: uvc: [UVC-FPS-FIX] VS request missed xfer (len=10012).
[  109.618360] configfs-gadget.g1 gadget.0: uvc: [UVC-FPS-FIX] VS request missed xfer (len=9340).
[  109.634451] configfs-gadget.g1 gadget.0: uvc: [UVC-FPS-FIX] complete=50 frame=2 elapsed_ms=55 queued=0 req_size=21504
[  109.643107] configfs-gadget.g1 gadget.0: uvc: [UVC-FPS-FIX] VS request missed xfer (len=0).
[  109.677839] configfs-gadget.g1 gadget.0: uvc: [UVC-FPS-FIX] complete=50 frame=1 elapsed_ms=42 queued=0 req_size=21504
[  109.682193] configfs-gadget.g1 gadget.0: uvc: [UVC-FPS-FIX] VS request missed xfer (len=10044).
[  109.705251] configfs-gadget.g1 gadget.0: uvc: [UVC-FPS-FIX] VS request missed xfer (len=9372).
[  109.730582] configfs-gadget.g1 gadget.0: uvc: [UVC-FPS-FIX] complete=50 frame=2 elapsed_ms=52 queued=0 req_size=21504
[  109.743131] configfs-gadget.g1 gadget.0: uvc: [UVC-FPS-FIX] VS request missed xfer (len=9660).
[  109.774330] configfs-gadget.g1 gadget.0: uvc: [UVC-FPS-FIX] complete=50 frame=1 elapsed_ms=43 queued=0 req_size=21504
[  109.783951] configfs-gadget.g1 gadget.0: uvc: [UVC-FPS-FIX] VS request missed xfer (len=0).
[  109.806176] configfs-gadget.g1 gadget.0: uvc: [UVC-FPS-FIX] VS request missed xfer (len=9116).
[  109.829834] configfs-gadget.g1 gadget.0: uvc: [UVC-FPS-FIX] complete=50 frame=2 elapsed_ms=53 queued=0 req_size=21504
[  109.863993] configfs-gadget.g1 gadget.0: uvc: [UVC-FPS-FIX] complete=50 frame=1 elapsed_ms=33 queued=0 req_size=21504
[  109.898077] configfs-gadget.g1 gadget.0: uvc: [UVC-FPS-FIX] complete=50 frame=1 elapsed_ms=33 queued=0 req_size=21504
[  109.932330] configfs-gadget.g1 gadget.0: uvc: [UVC-FPS-FIX] complete=50 frame=1 elapsed_ms=33 queued=0 req_size=21504
[  109.945618] configfs-gadget.g1 gadget.0: uvc: [UVC-FPS-FIX] VS request missed xfer (len=9388).
[  109.977586] configfs-gadget.g1 gadget.0: uvc: [UVC-FPS-FIX] complete=50 frame=1 elapsed_ms=44 queued=0 req_size=21504
[  109.986278] configfs-gadget.g1 gadget.0: uvc: [UVC-FPS-FIX] VS request missed xfer (len=8972).
[  110.023522] configfs-gadget.g1 gadget.0: uvc: [UVC-FPS-FIX] complete=50 frame=2 elapsed_ms=45 queued=0 req_size=21504
[  110.059840] configfs-gadget.g1 gadget.0: uvc: [UVC-FPS-FIX] complete=50 frame=1 elapsed_ms=35 queued=0 req_size=21504
[  110.099603] configfs-gadget.g1 gadget.0: uvc: [UVC-FPS-FIX] complete=50 frame=1 elapsed_ms=38 queued=0 req_size=21504
[  110.136083] configfs-gadget.g1 gadget.0: uvc: [UVC-FPS-FIX] complete=50 frame=1 elapsed_ms=35 queued=0 req_size=21504
[  110.173468] configfs-gadget.g1 gadget.0: uvc: [UVC-FPS-FIX] complete=50 frame=1 elapsed_ms=36 queued=0 req_size=21504
[  110.210730] configfs-gadget.g1 gadget.0: uvc: [UVC-FPS-FIX] complete=50 frame=1 elapsed_ms=36 queued=0 req_size=21504
[  110.211987] configfs-gadget.g1 gadget.0: uvc: [UVC-FPS-FIX] VS request missed xfer (len=9724).
[  110.256952] configfs-gadget.g1 gadget.0: uvc: [UVC-FPS-FIX] complete=50 frame=2 elapsed_ms=45 queued=0 req_size=21504
[  110.289503] configfs-gadget.g1 gadget.0: uvc: [UVC-FPS-FIX] VS request missed xfer (len=9708).
[  110.305739] configfs-gadget.g1 gadget.0: uvc: [UVC-FPS-FIX] complete=50 frame=1 elapsed_ms=48 queued=0 req_size=21504
[  110.313434] configfs-gadget.g1 gadget.0: uvc: [UVC-FPS-FIX] VS request missed xfer (len=10316).
[  110.353334] configfs-gadget.g1 gadget.0: uvc: [UVC-FPS-FIX] complete=50 frame=2 elapsed_ms=46 queued=0 req_size=21504
[  110.389969] configfs-gadget.g1 gadget.0: uvc: [UVC-FPS-FIX] complete=50 frame=0 elapsed_ms=35 queued=0 req_size=21504
[  110.390001] configfs-gadget.g1 gadget.0: uvc: [UVC-FPS-FIX] VS request missed xfer (len=10908).
[  110.414219] configfs-gadget.g1 gadget.0: uvc: [UVC-FPS-FIX] VS request missed xfer (len=11436).
[  110.445205] configfs-gadget.g1 gadget.0: uvc: [UVC-FPS-FIX] complete=50 frame=2 elapsed_ms=44 queued=0 req_size=21504
[  110.453392] configfs-gadget.g1 gadget.0: uvc: [UVC-FPS-FIX] VS request missed xfer (len=14572).
[  110.491755] configfs-gadget.g1 gadget.0: uvc: [UVC-FPS-FIX] complete=50 frame=1 elapsed_ms=45 queued=0 req_size=21504
[  110.493075] configfs-gadget.g1 gadget.0: uvc: [UVC-FPS-FIX] VS request missed xfer (len=13420).
[  110.515231] configfs-gadget.g1 gadget.0: uvc: [UVC-FPS-FIX] VS request missed xfer (len=11836).
[  110.545562] configfs-gadget.g1 gadget.0: uvc: [UVC-FPS-FIX] complete=50 frame=2 elapsed_ms=52 queued=0 req_size=21504
[  110.555504] configfs-gadget.g1 gadget.0: uvc: [UVC-FPS-FIX] VS request missed xfer (len=11676).
[  110.591434] configfs-gadget.g1 gadget.0: uvc: [UVC-FPS-FIX] complete=50 frame=1 elapsed_ms=45 queued=0 req_size=21504
[  110.594369] configfs-gadget.g1 gadget.0: uvc: [UVC-FPS-FIX] VS request missed xfer (len=13068).
[  110.636441] configfs-gadget.g1 gadget.0: uvc: [UVC-FPS-FIX] complete=50 frame=2 elapsed_ms=44 queued=0 req_size=21504
[  110.672575] configfs-gadget.g1 gadget.0: uvc: [UVC-FPS-FIX] complete=50 frame=1 elapsed_ms=35 queued=0 req_size=21504
[  110.709191] configfs-gadget.g1 gadget.0: uvc: [UVC-FPS-FIX] complete=50 frame=1 elapsed_ms=34 queued=0 req_size=21504
[  110.716637] configfs-gadget.g1 gadget.0: uvc: [UVC-FPS-FIX] VS request missed xfer (len=14284).
[  110.752952] configfs-gadget.g1 gadget.0: uvc: [UVC-FPS-FIX] complete=50 frame=1 elapsed_ms=43 queued=0 req_size=21504
[  110.756259] configfs-gadget.g1 gadget.0: uvc: [UVC-FPS-FIX] VS request missed xfer (len=13548).
[  110.795505] configfs-gadget.g1 gadget.0: uvc: [UVC-FPS-FIX] VS request missed xfer (len=16236).
[  110.809327] configfs-gadget.g1 gadget.0: uvc: [UVC-FPS-FIX] complete=50 frame=2 elapsed_ms=55 queued=0 req_size=21504
[  110.827045] configfs-gadget.g1 gadget.0: uvc: [UVC-FPS-FIX] VS request missed xfer (len=16876).
[  110.848749] configfs-gadget.g1 gadget.0: uvc: [UVC-FPS-FIX] VS request missed xfer (len=13804).
[  110.877479] configfs-gadget.g1 gadget.0: uvc: [UVC-FPS-FIX] complete=50 frame=2 elapsed_ms=55 queued=0 req_size=21504
[  110.888357] configfs-gadget.g1 gadget.0: uvc: [UVC-FPS-FIX] VS request missed xfer (len=13468).
[  110.924697] configfs-gadget.g1 gadget.0: uvc: [UVC-FPS-FIX] complete=50 frame=1 elapsed_ms=46 queued=0 req_size=21504
[  110.929208] configfs-gadget.g1 gadget.0: uvc: [UVC-FPS-FIX] VS request missed xfer (len=16140).
[  110.971172] configfs-gadget.g1 gadget.0: uvc: [UVC-FPS-FIX] complete=50 frame=1 elapsed_ms=45 queued=0 req_size=21504
[  111.006076] configfs-gadget.g1 gadget.0: uvc: [UVC-FPS-FIX] complete=50 frame=1 elapsed_ms=34 queued=0 req_size=21504
[  111.043337] configfs-gadget.g1 gadget.0: uvc: [UVC-FPS-FIX] complete=50 frame=1 elapsed_ms=36 queued=0 req_size=21504
[  111.052042] configfs-gadget.g1 gadget.0: uvc: [UVC-FPS-FIX] VS request missed xfer (len=13756).
[  111.087336] configfs-gadget.g1 gadget.0: uvc: [UVC-FPS-FIX] complete=50 frame=1 elapsed_ms=43 queued=0 req_size=21504
[  111.124709] configfs-gadget.g1 gadget.0: uvc: [UVC-FPS-FIX] complete=50 frame=1 elapsed_ms=36 queued=0 req_size=21504
[  111.131682] configfs-gadget.g1 gadget.0: uvc: [UVC-FPS-FIX] VS request missed xfer (len=13308).
[  111.142030] configfs-gadget.g1 gadget.0: uvc: [UVC-FPS-FIX] VS request missed xfer (len=0).
[  111.158092] configfs-gadget.g1 gadget.0: uvc: [UVC-FPS-FIX] VS request missed xfer (len=21504).
[  111.168176] configfs-gadget.g1 gadget.0: uvc: [UVC-FPS-FIX] VS request missed xfer (len=21504).
[  111.178052] configfs-gadget.g1 gadget.0: uvc: [UVC-FPS-FIX] VS request missed xfer (len=14428).
[  111.194116] configfs-gadget.g1 gadget.0: uvc: [UVC-FPS-FIX] VS request missed xfer (len=15324).
[  111.217562] configfs-gadget.g1 gadget.0: uvc: [UVC-FPS-FIX] complete=50 frame=3 elapsed_ms=92 queued=0 req_size=21504
[  111.231596] configfs-gadget.g1 gadget.0: uvc: [UVC-FPS-FIX] VS request missed xfer (len=15516).
[  111.253950] configfs-gadget.g1 gadget.0: uvc: [UVC-FPS-FIX] VS request missed xfer (len=15308).
[  111.264359] configfs-gadget.g1 gadget.0: uvc: [UVC-FPS-FIX] VS request missed xfer (len=0).
[  111.282930] configfs-gadget.g1 gadget.0: uvc: [UVC-FPS-FIX] complete=50 frame=2 elapsed_ms=64 queued=0 req_size=21504
[  111.290876] configfs-gadget.g1 gadget.0: uvc: [UVC-FPS-FIX] VS request missed xfer (len=14716).
[  111.328048] configfs-gadget.g1 gadget.0: uvc: [UVC-FPS-FIX] complete=50 frame=1 elapsed_ms=44 queued=0 req_size=21504
[  111.331324] configfs-gadget.g1 gadget.0: uvc: [UVC-FPS-FIX] VS request missed xfer (len=13708).
[  111.354199] configfs-gadget.g1 gadget.0: uvc: [UVC-FPS-FIX] VS request missed xfer (len=12540).
[  111.384689] configfs-gadget.g1 gadget.0: uvc: [UVC-FPS-FIX] complete=50 frame=2 elapsed_ms=55 queued=0 req_size=21504
[  111.391744] configfs-gadget.g1 gadget.0: uvc: [UVC-FPS-FIX] VS request missed xfer (len=13612).
[  111.430344] configfs-gadget.g1 gadget.0: uvc: [UVC-FPS-FIX] complete=50 frame=1 elapsed_ms=44 queued=0 req_size=21504
[  111.432448] configfs-gadget.g1 gadget.0: uvc: [UVC-FPS-FIX] VS request missed xfer (len=12844).
[  111.454483] configfs-gadget.g1 gadget.0: uvc: [UVC-FPS-FIX] VS request missed xfer (len=12668).
[  111.486443] configfs-gadget.g1 gadget.0: uvc: [UVC-FPS-FIX] complete=50 frame=2 elapsed_ms=54 queued=0 req_size=21504
[  111.492576] configfs-gadget.g1 gadget.0: uvc: [UVC-FPS-FIX] VS request missed xfer (len=12604).
[  111.532953] configfs-gadget.g1 gadget.0: uvc: [UVC-FPS-FIX] complete=50 frame=2 elapsed_ms=45 queued=0 req_size=21504
[  111.555940] configfs-gadget.g1 gadget.0: uvc: [UVC-FPS-FIX] VS request missed xfer (len=12668).
[  111.579690] configfs-gadget.g1 gadget.0: uvc: [UVC-FPS-FIX] complete=50 frame=1 elapsed_ms=45 queued=0 req_size=21504
[  111.594486] configfs-gadget.g1 gadget.0: uvc: [UVC-FPS-FIX] VS request missed xfer (len=13644).
[  111.626810] configfs-gadget.g1 gadget.0: uvc: [UVC-FPS-FIX] complete=50 frame=1 elapsed_ms=46 queued=0 req_size=21504
[  111.634387] configfs-gadget.g1 gadget.0: uvc: [UVC-FPS-FIX] VS request missed xfer (len=13340).
[  111.671160] configfs-gadget.g1 gadget.0: uvc: [UVC-FPS-FIX] complete=50 frame=2 elapsed_ms=43 queued=0 req_size=21504
[  111.706192] configfs-gadget.g1 gadget.0: uvc: [UVC-FPS-FIX] complete=50 frame=1 elapsed_ms=34 queued=0 req_size=21504
[  111.743311] configfs-gadget.g1 gadget.0: uvc: [UVC-FPS-FIX] complete=50 frame=1 elapsed_ms=36 queued=0 req_size=21504
[  111.758745] configfs-gadget.g1 gadget.0: uvc: [UVC-FPS-FIX] VS request missed xfer (len=14940).
[  111.789558] configfs-gadget.g1 gadget.0: uvc: [UVC-FPS-FIX] complete=50 frame=1 elapsed_ms=45 queued=0 req_size=21504
[  111.798755] configfs-gadget.g1 gadget.0: uvc: [UVC-FPS-FIX] VS request missed xfer (len=13932).
[  111.822357] configfs-gadget.g1 gadget.0: uvc: [UVC-FPS-FIX] VS request missed xfer (len=13916).
[  111.846686] configfs-gadget.g1 gadget.0: uvc: [UVC-FPS-FIX] complete=50 frame=2 elapsed_ms=56 queued=0 req_size=21504
[  111.859560] configfs-gadget.g1 gadget.0: uvc: [UVC-FPS-FIX] VS request missed xfer (len=14316).
[  111.891172] configfs-gadget.g1 gadget.0: uvc: [UVC-FPS-FIX] complete=50 frame=1 elapsed_ms=43 queued=0 req_size=21504
[  111.899221] configfs-gadget.g1 gadget.0: uvc: [UVC-FPS-FIX] VS request missed xfer (len=12620).
[  111.936325] configfs-gadget.g1 gadget.0: uvc: [UVC-FPS-FIX] complete=50 frame=1 elapsed_ms=44 queued=0 req_size=21504
[  111.937427] configfs-gadget.g1 gadget.0: uvc: [UVC-FPS-FIX] VS request missed xfer (len=13004).
[  111.960130] configfs-gadget.g1 gadget.0: uvc: [UVC-FPS-FIX] VS request missed xfer (len=14172).
[  111.990309] configfs-gadget.g1 gadget.0: uvc: [UVC-FPS-FIX] complete=50 frame=2 elapsed_ms=53 queued=0 req_size=21504
[  112.027839] configfs-gadget.g1 gadget.0: uvc: [UVC-FPS-FIX] complete=50 frame=1 elapsed_ms=36 queued=0 req_size=21504
[  112.037941] configfs-gadget.g1 gadget.0: uvc: [UVC-FPS-FIX] VS request missed xfer (len=12220).
[  112.074036] configfs-gadget.g1 gadget.0: uvc: [UVC-FPS-FIX] complete=50 frame=2 elapsed_ms=45 queued=0 req_size=21504
[  112.111106] configfs-gadget.g1 gadget.0: uvc: [UVC-FPS-FIX] complete=50 frame=1 elapsed_ms=36 queued=0 req_size=21504
[  112.122624] configfs-gadget.g1 gadget.0: uvc: [UVC-FPS-FIX] VS request missed xfer (len=13052).
[  112.156293] configfs-gadget.g1 gadget.0: uvc: [UVC-FPS-FIX] complete=50 frame=1 elapsed_ms=44 queued=0 req_size=21504
[  112.168489] configfs-gadget.g1 gadget.0: uvc: [UVC-FPS-FIX] VS request missed xfer (len=0).
[  112.201574] configfs-gadget.g1 gadget.0: uvc: [UVC-FPS-FIX] complete=50 frame=1 elapsed_ms=44 queued=0 req_size=21504
[  112.226018] configfs-gadget.g1 gadget.0: uvc: [UVC-FPS-FIX] VS request missed xfer (len=13948).
[  112.247289] configfs-gadget.g1 gadget.0: uvc: [UVC-FPS-FIX] complete=50 frame=2 elapsed_ms=45 queued=0 req_size=21504
[  112.265009] configfs-gadget.g1 gadget.0: uvc: [UVC-FPS-FIX] VS request missed xfer (len=13532).
[  112.291522] configfs-gadget.g1 gadget.0: uvc: [UVC-FPS-FIX] complete=50 frame=1 elapsed_ms=43 queued=0 req_size=21504
[  112.304109] configfs-gadget.g1 gadget.0: uvc: [UVC-FPS-FIX] VS request missed xfer (len=12812).
[  112.336672] configfs-gadget.g1 gadget.0: uvc: [UVC-FPS-FIX] complete=50 frame=2 elapsed_ms=44 queued=0 req_size=21504
[  112.366643] configfs-gadget.g1 gadget.0: uvc: [UVC-FPS-FIX] VS request missed xfer (len=12380).
[  112.384421] configfs-gadget.g1 gadget.0: uvc: [UVC-FPS-FIX] complete=50 frame=1 elapsed_ms=46 queued=0 req_size=21504
[  112.404274] configfs-gadget.g1 gadget.0: uvc: [UVC-FPS-FIX] VS request missed xfer (len=11452).
[  112.426762] configfs-gadget.g1 gadget.0: uvc: [UVC-FPS-FIX] VS request missed xfer (len=12220).
[  112.438658] configfs-gadget.g1 gadget.0: uvc: [UVC-FPS-FIX] complete=50 frame=2 elapsed_ms=53 queued=0 req_size=21504
[  112.465959] configfs-gadget.g1 gadget.0: uvc: [UVC-FPS-FIX] VS request missed xfer (len=11308).
[  112.483615] configfs-gadget.g1 gadget.0: uvc: [UVC-FPS-FIX] complete=50 frame=1 elapsed_ms=44 queued=0 req_size=21504
[  112.504833] configfs-gadget.g1 gadget.0: uvc: [UVC-FPS-FIX] VS request missed xfer (len=12284).
[  112.529662] configfs-gadget.g1 gadget.0: uvc: [UVC-FPS-FIX] complete=50 frame=1 elapsed_ms=45 queued=0 req_size=21504
[  112.544953] configfs-gadget.g1 gadget.0: uvc: [UVC-FPS-FIX] VS request missed xfer (len=12236).
[  112.565983] configfs-gadget.g1 gadget.0: uvc: [UVC-FPS-FIX] VS request missed xfer (len=11356).
[  112.586533] configfs-gadget.g1 gadget.0: uvc: [UVC-FPS-FIX] complete=50 frame=2 elapsed_ms=56 queued=0 req_size=21504
[  112.605097] configfs-gadget.g1 gadget.0: uvc: [UVC-FPS-FIX] VS request missed xfer (len=12364).
[  112.632173] configfs-gadget.g1 gadget.0: uvc: [UVC-FPS-FIX] complete=50 frame=1 elapsed_ms=45 queued=0 req_size=21504
[  112.640741] configfs-gadget.g1 gadget.0: uvc: [UVC-FPS-FIX] VS request missed xfer (len=13004).
[  112.662976] configfs-gadget.g1 gadget.0: uvc: [UVC-FPS-FIX] VS request missed xfer (len=12124).
[  112.687281] configfs-gadget.g1 gadget.0: uvc: [UVC-FPS-FIX] complete=50 frame=2 elapsed_ms=54 queued=0 req_size=21504
[  112.701315] configfs-gadget.g1 gadget.0: uvc: [UVC-FPS-FIX] VS request missed xfer (len=13372).
[  112.733292] configfs-gadget.g1 gadget.0: uvc: [UVC-FPS-FIX] complete=50 frame=1 elapsed_ms=45 queued=0 req_size=21504
[  112.739501] configfs-gadget.g1 gadget.0: uvc: [UVC-FPS-FIX] VS request missed xfer (len=12476).
[  112.760048] configfs-gadget.g1 gadget.0: uvc: [UVC-FPS-FIX] VS request missed xfer (len=12748).
[  112.787406] configfs-gadget.g1 gadget.0: uvc: [UVC-FPS-FIX] complete=50 frame=2 elapsed_ms=53 queued=0 req_size=21504
[  112.799623] configfs-gadget.g1 gadget.0: uvc: [UVC-FPS-FIX] VS request missed xfer (len=12748).
[  112.810005] configfs-gadget.g1 gadget.0: uvc: [UVC-FPS-FIX] VS request missed xfer (len=0).
[  112.839240] configfs-gadget.g1 gadget.0: uvc: [UVC-FPS-FIX] VS request missed xfer (len=12332).
[  112.851956] configfs-gadget.g1 gadget.0: uvc: [UVC-FPS-FIX] complete=50 frame=2 elapsed_ms=63 queued=0 req_size=21504
[  112.889665] configfs-gadget.g1 gadget.0: uvc: [UVC-FPS-FIX] complete=50 frame=1 elapsed_ms=36 queued=0 req_size=21504
[  112.900019] configfs-gadget.g1 gadget.0: uvc: [UVC-FPS-FIX] VS request missed xfer (len=12604).
[  112.935894] configfs-gadget.g1 gadget.0: uvc: [UVC-FPS-FIX] complete=50 frame=1 elapsed_ms=45 queued=0 req_size=21504
[  112.940181] configfs-gadget.g1 gadget.0: uvc: [UVC-FPS-FIX] VS request missed xfer (len=12396).
[  112.963358] configfs-gadget.g1 gadget.0: uvc: [UVC-FPS-FIX] VS request missed xfer (len=12444).
[  112.991026] configfs-gadget.g1 gadget.0: uvc: [UVC-FPS-FIX] complete=50 frame=2 elapsed_ms=54 queued=0 req_size=21504
[  112.999257] configfs-gadget.g1 gadget.0: uvc: [UVC-FPS-FIX] VS request missed xfer (len=0).
[  113.009063] configfs-gadget.g1 gadget.0: uvc: [UVC-FPS-FIX] VS request missed xfer (len=12700).
[  113.041102] configfs-gadget.g1 gadget.0: uvc: [UVC-FPS-FIX] VS request missed xfer (len=11932).
[  113.053532] configfs-gadget.g1 gadget.0: uvc: [UVC-FPS-FIX] complete=50 frame=2 elapsed_ms=61 queued=0 req_size=21504
[  113.064272] configfs-gadget.g1 gadget.0: uvc: [UVC-FPS-FIX] VS request missed xfer (len=12364).
[  113.097914] configfs-gadget.g1 gadget.0: uvc: [UVC-FPS-FIX] complete=50 frame=1 elapsed_ms=43 queued=0 req_size=21504
[  113.134165] configfs-gadget.g1 gadget.0: uvc: [UVC-FPS-FIX] complete=50 frame=1 elapsed_ms=35 queued=0 req_size=21504
[  113.141999] configfs-gadget.g1 gadget.0: uvc: [UVC-FPS-FIX] VS request missed xfer (len=11180).
[  113.168146] configfs-gadget.g1 gadget.0: uvc: [UVC-FPS-FIX] VS request missed xfer (len=21504).
[  113.178371] configfs-gadget.g1 gadget.0: uvc: [UVC-FPS-FIX] VS request missed xfer (len=11148).
[  113.198655] configfs-gadget.g1 gadget.0: uvc: [UVC-FPS-FIX] complete=50 frame=2 elapsed_ms=63 queued=0 req_size=21504
[  113.204076] configfs-gadget.g1 gadget.0: uvc: [UVC-FPS-FIX] VS request missed xfer (len=15692).
[  113.244024] configfs-gadget.g1 gadget.0: uvc: [UVC-FPS-FIX] complete=50 frame=1 elapsed_ms=44 queued=0 req_size=21504
[  113.244074] configfs-gadget.g1 gadget.0: uvc: [UVC-FPS-FIX] VS request missed xfer (len=13740).
[  113.290156] configfs-gadget.g1 gadget.0: uvc: [UVC-FPS-FIX] complete=50 frame=2 elapsed_ms=35 queued=0 req_size=21504
[  113.305012] configfs-gadget.g1 gadget.0: uvc: [UVC-FPS-FIX] VS request missed xfer (len=13724).
[  113.335409] configfs-gadget.g1 gadget.0: uvc: [UVC-FPS-FIX] complete=50 frame=1 elapsed_ms=44 queued=0 req_size=21504
[  113.345603] configfs-gadget.g1 gadget.0: uvc: [UVC-FPS-FIX] VS request missed xfer (len=13692).
[  113.367898] configfs-gadget.g1 gadget.0: uvc: [UVC-FPS-FIX] VS request missed xfer (len=0).
[  113.389130] configfs-gadget.g1 gadget.0: uvc: [UVC-FPS-FIX] complete=50 frame=2 elapsed_ms=52 queued=0 req_size=21504
[  113.408082] configfs-gadget.g1 gadget.0: uvc: [UVC-FPS-FIX] VS request missed xfer (len=13500).
[  113.433891] configfs-gadget.g1 gadget.0: uvc: [UVC-FPS-FIX] complete=50 frame=1 elapsed_ms=44 queued=0 req_size=21504
[  113.447057] configfs-gadget.g1 gadget.0: uvc: [UVC-FPS-FIX] VS request missed xfer (len=12732).
[  113.471859] configfs-gadget.g1 gadget.0: uvc: [UVC-FPS-FIX] VS request missed xfer (len=13468).
[  113.488499] configfs-gadget.g1 gadget.0: uvc: [UVC-FPS-FIX] complete=50 frame=2 elapsed_ms=53 queued=0 req_size=21504
[  113.526018] configfs-gadget.g1 gadget.0: uvc: [UVC-FPS-FIX] complete=50 frame=1 elapsed_ms=36 queued=0 req_size=21504
[  113.546239] configfs-gadget.g1 gadget.0: uvc: [UVC-FPS-FIX] VS request missed xfer (len=13100).
[  113.569952] configfs-gadget.g1 gadget.0: uvc: [UVC-FPS-FIX] VS request missed xfer (len=13068).
[  113.581270] configfs-gadget.g1 gadget.0: uvc: [UVC-FPS-FIX] complete=50 frame=2 elapsed_ms=54 queued=0 req_size=21504
[  113.607450] configfs-gadget.g1 gadget.0: uvc: [UVC-FPS-FIX] VS request missed xfer (len=12524).
[  113.627393] configfs-gadget.g1 gadget.0: uvc: [UVC-FPS-FIX] complete=50 frame=1 elapsed_ms=45 queued=0 req_size=21504
[  113.646808] configfs-gadget.g1 gadget.0: uvc: [UVC-FPS-FIX] VS request missed xfer (len=12652).
[  113.674135] configfs-gadget.g1 gadget.0: uvc: [UVC-FPS-FIX] complete=50 frame=1 elapsed_ms=45 queued=0 req_size=21504
[  113.689969] configfs-gadget.g1 gadget.0: uvc: [UVC-FPS-FIX] VS request missed xfer (len=12636).
[  113.719256] configfs-gadget.g1 gadget.0: uvc: [UVC-FPS-FIX] complete=50 frame=1 elapsed_ms=44 queued=0 req_size=21504
[  113.742968] configfs-gadget.g1 gadget.0: uvc: [UVC-FPS-FIX] VS request missed xfer (len=13052).
[  113.763395] configfs-gadget.g1 gadget.0: uvc: [UVC-FPS-FIX] complete=50 frame=2 elapsed_ms=43 queued=0 req_size=21504
[  113.781936] configfs-gadget.g1 gadget.0: uvc: [UVC-FPS-FIX] VS request missed xfer (len=10988).
[  113.805403] configfs-gadget.g1 gadget.0: uvc: [UVC-FPS-FIX] VS request missed xfer (len=11068).
[  113.815719] configfs-gadget.g1 gadget.0: uvc: [UVC-FPS-FIX] VS request missed xfer (len=0).
[  113.827927] configfs-gadget.g1 gadget.0: uvc: [UVC-FPS-FIX] complete=50 frame=2 elapsed_ms=63 queued=0 req_size=21504
[  113.845865] configfs-gadget.g1 gadget.0: uvc: [UVC-FPS-FIX] VS request missed xfer (len=11548).
[  113.881394] configfs-gadget.g1 gadget.0: uvc: [UVC-FPS-FIX] complete=50 frame=1 elapsed_ms=47 queued=0 req_size=21504
[  113.881438] configfs-gadget.g1 gadget.0: uvc: [UVC-FPS-FIX] VS request missed xfer (len=11004).
[  113.928023] configfs-gadget.g1 gadget.0: uvc: [UVC-FPS-FIX] complete=50 frame=2 elapsed_ms=35 queued=0 req_size=21504
[  113.942986] configfs-gadget.g1 gadget.0: uvc: [UVC-FPS-FIX] VS request missed xfer (len=11484).
[  113.974046] configfs-gadget.g1 gadget.0: uvc: [UVC-FPS-FIX] complete=50 frame=1 elapsed_ms=45 queued=0 req_size=21504
[  113.982149] configfs-gadget.g1 gadget.0: uvc: [UVC-FPS-FIX] VS request missed xfer (len=10860).
[  114.004888] configfs-gadget.g1 gadget.0: uvc: [UVC-FPS-FIX] VS request missed xfer (len=11212).
[  114.029118] configfs-gadget.g1 gadget.0: uvc: [UVC-FPS-FIX] complete=50 frame=2 elapsed_ms=54 queued=0 req_size=21504
[  114.066282] configfs-gadget.g1 gadget.0: uvc: [UVC-FPS-FIX] complete=50 frame=1 elapsed_ms=36 queued=0 req_size=21504
[  114.082057] configfs-gadget.g1 gadget.0: uvc: [UVC-FPS-FIX] VS request missed xfer (len=11068).
[  114.102850] configfs-gadget.g1 gadget.0: uvc: [UVC-FPS-FIX] VS request missed xfer (len=0).
[  114.112614] configfs-gadget.g1 gadget.0: uvc: [UVC-FPS-FIX] VS request missed xfer (len=11628).
[  114.131972] configfs-gadget.g1 gadget.0: uvc: [UVC-FPS-FIX] complete=50 frame=2 elapsed_ms=64 queued=0 req_size=21504
[  114.142606] configfs-gadget.g1 gadget.0: uvc: [UVC-FPS-FIX] VS request missed xfer (len=11884).
[  114.176025] configfs-gadget.g1 gadget.0: uvc: [UVC-FPS-FIX] complete=50 frame=1 elapsed_ms=43 queued=0 req_size=21504
[  114.186325] configfs-gadget.g1 gadget.0: uvc: [UVC-FPS-FIX] VS request missed xfer (len=21504).
[  114.196315] configfs-gadget.g1 gadget.0: uvc: [UVC-FPS-FIX] VS request missed xfer (len=21504).
[  114.206579] configfs-gadget.g1 gadget.0: uvc: [UVC-FPS-FIX] VS request missed xfer (len=11868).
[  114.216543] configfs-gadget.g1 gadget.0: uvc: [UVC-FPS-FIX] VS request missed xfer (len=14716).
[  114.244087] configfs-gadget.g1 gadget.0: uvc: [UVC-FPS-FIX] VS request missed xfer (len=13452).
[  114.260741] configfs-gadget.g1 gadget.0: uvc: [UVC-FPS-FIX] complete=50 frame=3 elapsed_ms=83 queued=0 req_size=21504
[  114.283164] configfs-gadget.g1 gadget.0: uvc: [UVC-FPS-FIX] VS request missed xfer (len=14092).
[  114.305888] configfs-gadget.g1 gadget.0: uvc: [UVC-FPS-FIX] complete=50 frame=1 elapsed_ms=44 queued=0 req_size=21504
[  114.342414] configfs-gadget.g1 gadget.0: uvc: [UVC-FPS-FIX] complete=50 frame=1 elapsed_ms=35 queued=1 req_size=21504
[  114.342729] configfs-gadget.g1 gadget.0: uvc: [UVC-FPS-FIX] VS request missed xfer (len=14812).
[  114.381102] configfs-gadget.g1 gadget.0: uvc: [UVC-FPS-FIX] VS request missed xfer (len=12732).
[  114.396871] configfs-gadget.g1 gadget.0: uvc: [UVC-FPS-FIX] complete=50 frame=2 elapsed_ms=54 queued=0 req_size=21504
[  114.433518] configfs-gadget.g1 gadget.0: uvc: [UVC-FPS-FIX] complete=50 frame=1 elapsed_ms=35 queued=0 req_size=21504
[  114.440434] configfs-gadget.g1 gadget.0: uvc: [UVC-FPS-FIX] VS request missed xfer (len=11068).
[  114.478404] configfs-gadget.g1 gadget.0: uvc: [UVC-FPS-FIX] complete=50 frame=2 elapsed_ms=44 queued=0 req_size=21504
[  114.515364] configfs-gadget.g1 gadget.0: uvc: [UVC-FPS-FIX] complete=50 frame=0 elapsed_ms=36 queued=0 req_size=21504
[  114.551744] configfs-gadget.g1 gadget.0: uvc: [UVC-FPS-FIX] complete=50 frame=2 elapsed_ms=35 queued=0 req_size=21504
[  114.580070] configfs-gadget.g1 gadget.0: uvc: [UVC-FPS-FIX] VS request missed xfer (len=11596).
[  114.597610] configfs-gadget.g1 gadget.0: uvc: [UVC-FPS-FIX] complete=50 frame=1 elapsed_ms=45 queued=0 req_size=21504
[  114.621478] configfs-gadget.g1 gadget.0: uvc: [UVC-FPS-FIX] VS request missed xfer (len=13820).
[  114.648363] configfs-gadget.g1 gadget.0: uvc: [UVC-FPS-FIX] complete=50 frame=2 elapsed_ms=50 queued=0 req_size=21504
[  114.681238] configfs-gadget.g1 gadget.0: uvc: [UVC-FPS-FIX] VS request missed xfer (len=12860).
[  114.693214] configfs-gadget.g1 gadget.0: uvc: [UVC-FPS-FIX] complete=50 frame=1 elapsed_ms=44 queued=0 req_size=21504
[  114.721623] configfs-gadget.g1 gadget.0: uvc: [UVC-FPS-FIX] VS request missed xfer (len=13324).
[  114.738244] configfs-gadget.g1 gadget.0: uvc: [UVC-FPS-FIX] complete=50 frame=1 elapsed_ms=44 queued=0 req_size=21504
[  114.773620] configfs-gadget.g1 gadget.0: uvc: [UVC-FPS-FIX] complete=50 frame=1 elapsed_ms=34 queued=0 req_size=21504
[  114.784117] configfs-gadget.g1 gadget.0: uvc: [UVC-FPS-FIX] VS request missed xfer (len=11836).
[  114.818733] configfs-gadget.g1 gadget.0: uvc: [UVC-FPS-FIX] complete=50 frame=1 elapsed_ms=44 queued=0 req_size=21504
[  114.823100] configfs-gadget.g1 gadget.0: uvc: [UVC-FPS-FIX] VS request missed xfer (len=13212).
[  114.864990] configfs-gadget.g1 gadget.0: uvc: [UVC-FPS-FIX] complete=50 frame=2 elapsed_ms=45 queued=0 req_size=21504
[  114.884705] configfs-gadget.g1 gadget.0: uvc: [UVC-FPS-FIX] VS request missed xfer (len=13084).
[  114.914351] configfs-gadget.g1 gadget.0: uvc: [UVC-FPS-FIX] complete=50 frame=1 elapsed_ms=44 queued=0 req_size=21504
[  114.924587] configfs-gadget.g1 gadget.0: uvc: [UVC-FPS-FIX] VS request missed xfer (len=10668).
[  114.935029] configfs-gadget.g1 gadget.0: uvc: [UVC-FPS-FIX] VS request missed xfer (len=0).
[  114.947236] configfs-gadget.g1 gadget.0: uvc: [UVC-FPS-FIX] VS request missed xfer (len=12364).
[  114.978871] configfs-gadget.g1 gadget.0: uvc: [UVC-FPS-FIX] complete=50 frame=2 elapsed_ms=63 queued=0 req_size=21504
[  114.986352] configfs-gadget.g1 gadget.0: uvc: [UVC-FPS-FIX] VS request missed xfer (len=11116).
[  115.024500] configfs-gadget.g1 gadget.0: uvc: [UVC-FPS-FIX] complete=50 frame=2 elapsed_ms=44 queued=0 req_size=21504
[  115.061487] configfs-gadget.g1 gadget.0: uvc: [UVC-FPS-FIX] complete=50 frame=1 elapsed_ms=35 queued=0 req_size=21504
[  115.084239] configfs-gadget.g1 gadget.0: uvc: [UVC-FPS-FIX] VS request missed xfer (len=13036).
[  115.107499] configfs-gadget.g1 gadget.0: uvc: [UVC-FPS-FIX] complete=50 frame=1 elapsed_ms=45 queued=0 req_size=21504
[  115.123365] configfs-gadget.g1 gadget.0: uvc: [UVC-FPS-FIX] VS request missed xfer (len=10060).
[  115.146093] configfs-gadget.g1 gadget.0: uvc: [UVC-FPS-FIX] VS request missed xfer (len=12572).
[  115.161724] configfs-gadget.g1 gadget.0: uvc: [UVC-FPS-FIX] complete=50 frame=2 elapsed_ms=53 queued=0 req_size=21504
[  115.190755] configfs-gadget.g1 gadget.0: uvc: [UVC-FPS-FIX] VS request missed xfer (len=11596).
[  115.205856] configfs-gadget.g1 gadget.0: uvc: [UVC-FPS-FIX] complete=50 frame=1 elapsed_ms=43 queued=0 req_size=21504
[  115.241108] configfs-gadget.g1 gadget.0: uvc: [UVC-FPS-FIX] complete=50 frame=1 elapsed_ms=34 queued=0 req_size=21504
[  115.250001] configfs-gadget.g1 gadget.0: uvc: [UVC-FPS-FIX] VS request missed xfer (len=14220).
[  115.286995] configfs-gadget.g1 gadget.0: uvc: [UVC-FPS-FIX] complete=50 frame=1 elapsed_ms=45 queued=0 req_size=21504
[  115.289738] configfs-gadget.g1 gadget.0: uvc: [UVC-FPS-FIX] VS request missed xfer (len=13548).
[  115.327809] configfs-gadget.g1 gadget.0: uvc: [UVC-FPS-FIX] VS request missed xfer (len=12460).
[  115.343382] configfs-gadget.g1 gadget.0: uvc: [UVC-FPS-FIX] complete=50 frame=2 elapsed_ms=55 queued=0 req_size=21504
[  115.379992] configfs-gadget.g1 gadget.0: uvc: [UVC-FPS-FIX] complete=50 frame=1 elapsed_ms=35 queued=0 req_size=21504
[  115.389151] configfs-gadget.g1 gadget.0: uvc: [UVC-FPS-FIX] VS request missed xfer (len=12908).
[  115.426085] configfs-gadget.g1 gadget.0: uvc: [UVC-FPS-FIX] complete=50 frame=1 elapsed_ms=45 queued=1 req_size=21504
[  115.426361] configfs-gadget.g1 gadget.0: uvc: [UVC-FPS-FIX] VS request missed xfer (len=11916).
[  115.470736] configfs-gadget.g1 gadget.0: uvc: [UVC-FPS-FIX] complete=50 frame=2 elapsed_ms=44 queued=0 req_size=21504
[  115.486824] configfs-gadget.g1 gadget.0: uvc: [UVC-FPS-FIX] VS request missed xfer (len=12940).
[  115.515986] configfs-gadget.g1 gadget.0: uvc: [UVC-FPS-FIX] complete=50 frame=1 elapsed_ms=44 queued=0 req_size=21504
[  115.524112] configfs-gadget.g1 gadget.0: uvc: [UVC-FPS-FIX] VS request missed xfer (len=11596).
[  115.546934] configfs-gadget.g1 gadget.0: uvc: [UVC-FPS-FIX] VS request missed xfer (len=13004).
[  115.570964] configfs-gadget.g1 gadget.0: uvc: [UVC-FPS-FIX] complete=50 frame=2 elapsed_ms=54 queued=0 req_size=21504
[  115.585025] configfs-gadget.g1 gadget.0: uvc: [UVC-FPS-FIX] VS request missed xfer (len=12124).
[  115.614853] configfs-gadget.g1 gadget.0: uvc: [UVC-FPS-FIX] complete=50 frame=1 elapsed_ms=42 queued=0 req_size=21504
[  115.648869] configfs-gadget.g1 gadget.0: uvc: [UVC-FPS-FIX] VS request missed xfer (len=12956).
[  115.661975] configfs-gadget.g1 gadget.0: uvc: [UVC-FPS-FIX] complete=50 frame=2 elapsed_ms=46 queued=0 req_size=21504
[  115.686854] configfs-gadget.g1 gadget.0: uvc: [UVC-FPS-FIX] VS request missed xfer (len=12604).
[  115.708738] configfs-gadget.g1 gadget.0: uvc: [UVC-FPS-FIX] complete=50 frame=1 elapsed_ms=46 queued=0 req_size=21504
[  115.745733] configfs-gadget.g1 gadget.0: uvc: [UVC-FPS-FIX] complete=50 frame=1 elapsed_ms=36 queued=0 req_size=21504
[  115.766339] configfs-gadget.g1 gadget.0: uvc: [UVC-FPS-FIX] VS request missed xfer (len=13084).
[  115.786463] configfs-gadget.g1 gadget.0: uvc: [UVC-FPS-FIX] VS request missed xfer (len=0).
[  115.801833] configfs-gadget.g1 gadget.0: uvc: [UVC-FPS-FIX] complete=50 frame=2 elapsed_ms=55 queued=0 req_size=21504
[  115.836851] configfs-gadget.g1 gadget.0: uvc: [UVC-FPS-FIX] complete=50 frame=1 elapsed_ms=34 queued=0 req_size=21504
[  115.863592] configfs-gadget.g1 gadget.0: uvc: [UVC-FPS-FIX] VS request missed xfer (len=12540).
[  115.883375] configfs-gadget.g1 gadget.0: uvc: [UVC-FPS-FIX] complete=50 frame=1 elapsed_ms=45 queued=0 req_size=21504
[  115.887105] configfs-gadget.g1 gadget.0: uvc: [UVC-FPS-FIX] VS request missed xfer (len=11420).
[  115.930343] configfs-gadget.g1 gadget.0: uvc: [UVC-FPS-FIX] complete=50 frame=2 elapsed_ms=43 queued=0 req_size=21504
[  115.962647] configfs-gadget.g1 gadget.0: uvc: [UVC-FPS-FIX] VS request missed xfer (len=12476).
[  115.976369] configfs-gadget.g1 gadget.0: uvc: [UVC-FPS-FIX] complete=50 frame=1 elapsed_ms=45 queued=0 req_size=21504
[  116.012970] configfs-gadget.g1 gadget.0: uvc: [UVC-FPS-FIX] complete=50 frame=1 elapsed_ms=35 queued=0 req_size=21504
[  116.024626] configfs-gadget.g1 gadget.0: uvc: [UVC-FPS-FIX] VS request missed xfer (len=12972).
[  116.035199] configfs-gadget.g1 gadget.0: uvc: [UVC-FPS-FIX] VS request missed xfer (len=0).
[  116.064019] configfs-gadget.g1 gadget.0: uvc: [UVC-FPS-FIX] VS request missed xfer (len=12044).
[  116.076950] configfs-gadget.g1 gadget.0: uvc: [UVC-FPS-FIX] complete=50 frame=2 elapsed_ms=63 queued=0 req_size=21504
[  116.086978] configfs-gadget.g1 gadget.0: uvc: [UVC-FPS-FIX] VS request missed xfer (len=12412).
[  116.121107] configfs-gadget.g1 gadget.0: uvc: [UVC-FPS-FIX] complete=50 frame=1 elapsed_ms=43 queued=0 req_size=21504
[  116.126340] configfs-gadget.g1 gadget.0: uvc: [UVC-FPS-FIX] VS request missed xfer (len=12700).
[  116.167111] configfs-gadget.g1 gadget.0: uvc: [UVC-FPS-FIX] complete=50 frame=2 elapsed_ms=45 queued=0 req_size=21504
[  116.189557] configfs-gadget.g1 gadget.0: uvc: [UVC-FPS-FIX] VS request missed xfer (len=21504).
[  116.199937] configfs-gadget.g1 gadget.0: uvc: [UVC-FPS-FIX] VS request missed xfer (len=21504).
[  116.209877] configfs-gadget.g1 gadget.0: uvc: [UVC-FPS-FIX] VS request missed xfer (len=15996).
[  116.225144] configfs-gadget.g1 gadget.0: uvc: [UVC-FPS-FIX] VS request missed xfer (len=15564).
[  116.243090] configfs-gadget.g1 gadget.0: uvc: [UVC-FPS-FIX] complete=50 frame=2 elapsed_ms=75 queued=0 req_size=21504
[  116.265341] configfs-gadget.g1 gadget.0: uvc: [UVC-FPS-FIX] VS request missed xfer (len=13532).
[  116.287175] configfs-gadget.g1 gadget.0: uvc: [UVC-FPS-FIX] VS request missed xfer (len=13148).
[  116.297835] configfs-gadget.g1 gadget.0: uvc: [UVC-FPS-FIX] complete=50 frame=2 elapsed_ms=53 queued=0 req_size=21504
[  116.325681] configfs-gadget.g1 gadget.0: uvc: [UVC-FPS-FIX] VS request missed xfer (len=13180).
[  116.344211] configfs-gadget.g1 gadget.0: uvc: [UVC-FPS-FIX] complete=50 frame=1 elapsed_ms=45 queued=0 req_size=21504
[  116.379733] configfs-gadget.g1 gadget.0: uvc: [UVC-FPS-FIX] complete=50 frame=1 elapsed_ms=34 queued=0 req_size=21504
[  116.389370] configfs-gadget.g1 gadget.0: uvc: [UVC-FPS-FIX] VS request missed xfer (len=12652).
[  116.423595] configfs-gadget.g1 gadget.0: uvc: [UVC-FPS-FIX] complete=50 frame=1 elapsed_ms=43 queued=0 req_size=21504
[  116.459337] configfs-gadget.g1 gadget.0: uvc: [UVC-FPS-FIX] complete=50 frame=1 elapsed_ms=34 queued=0 req_size=21504
[  116.497079] configfs-gadget.g1 gadget.0: uvc: [UVC-FPS-FIX] complete=50 frame=1 elapsed_ms=36 queued=0 req_size=21504
[  116.508363] configfs-gadget.g1 gadget.0: uvc: [UVC-FPS-FIX] VS request missed xfer (len=12380).
[  116.530065] configfs-gadget.g1 gadget.0: uvc: [UVC-FPS-FIX] VS request missed xfer (len=12812).
[  116.551587] configfs-gadget.g1 gadget.0: uvc: [UVC-FPS-FIX] complete=50 frame=2 elapsed_ms=53 queued=0 req_size=21504
[  116.562929] configfs-gadget.g1 gadget.0: uvc: [UVC-FPS-FIX] VS request missed xfer (len=0).
[  116.572973] configfs-gadget.g1 gadget.0: uvc: [UVC-FPS-FIX] VS request missed xfer (len=11244).
[  116.588088] configfs-gadget.g1 gadget.0: uvc: [UVC-FPS-FIX] VS request missed xfer (len=12716).
[  116.615711] configfs-gadget.g1 gadget.0: uvc: [UVC-FPS-FIX] complete=50 frame=2 elapsed_ms=63 queued=0 req_size=21504
[  116.627230] configfs-gadget.g1 gadget.0: uvc: [UVC-FPS-FIX] VS request missed xfer (len=12540).
[  116.660577] configfs-gadget.g1 gadget.0: uvc: [UVC-FPS-FIX] complete=50 frame=1 elapsed_ms=44 queued=0 req_size=21504
[  116.665914] configfs-gadget.g1 gadget.0: uvc: [UVC-FPS-FIX] VS request missed xfer (len=12156).
[  116.689263] configfs-gadget.g1 gadget.0: uvc: [UVC-FPS-FIX] VS request missed xfer (len=13212).
[  116.715091] configfs-gadget.g1 gadget.0: uvc: [UVC-FPS-FIX] complete=50 frame=2 elapsed_ms=53 queued=0 req_size=21504
[  116.752634] configfs-gadget.g1 gadget.0: uvc: [UVC-FPS-FIX] complete=50 frame=1 elapsed_ms=36 queued=0 req_size=21504
[  116.768565] configfs-gadget.g1 gadget.0: uvc: [UVC-FPS-FIX] VS request missed xfer (len=12556).
[  116.791932] configfs-gadget.g1 gadget.0: uvc: [UVC-FPS-FIX] VS request missed xfer (len=12892).
[  116.811833] configfs-gadget.g1 gadget.0: uvc: [UVC-FPS-FIX] complete=50 frame=2 elapsed_ms=58 queued=0 req_size=21504
[  116.829234] configfs-gadget.g1 gadget.0: uvc: [UVC-FPS-FIX] VS request missed xfer (len=12636).
[  116.856196] configfs-gadget.g1 gadget.0: uvc: [UVC-FPS-FIX] complete=50 frame=1 elapsed_ms=43 queued=0 req_size=21504
[  116.868763] configfs-gadget.g1 gadget.0: uvc: [UVC-FPS-FIX] VS request missed xfer (len=12572).
[  116.890089] configfs-gadget.g1 gadget.0: uvc: [UVC-FPS-FIX] VS request missed xfer (len=12812).
[  116.910434] configfs-gadget.g1 gadget.0: uvc: [UVC-FPS-FIX] complete=50 frame=2 elapsed_ms=53 queued=0 req_size=21504
[  116.926805] configfs-gadget.g1 gadget.0: uvc: [UVC-FPS-FIX] VS request missed xfer (len=12476).
[  116.954067] configfs-gadget.g1 gadget.0: uvc: [UVC-FPS-FIX] complete=50 frame=1 elapsed_ms=42 queued=0 req_size=21504
[  116.964791] configfs-gadget.g1 gadget.0: uvc: [UVC-FPS-FIX] VS request missed xfer (len=12492).
[  116.986204] configfs-gadget.g1 gadget.0: uvc: [UVC-FPS-FIX] VS request missed xfer (len=12444).
[  117.007187] configfs-gadget.g1 gadget.0: uvc: [UVC-FPS-FIX] complete=50 frame=2 elapsed_ms=52 queued=0 req_size=21504
[  117.025188] configfs-gadget.g1 gadget.0: uvc: [UVC-FPS-FIX] VS request missed xfer (len=11868).
[  117.053064] configfs-gadget.g1 gadget.0: uvc: [UVC-FPS-FIX] complete=50 frame=1 elapsed_ms=45 queued=0 req_size=21504
[  117.086952] configfs-gadget.g1 gadget.0: uvc: [UVC-FPS-FIX] complete=50 frame=1 elapsed_ms=33 queued=0 req_size=21504
[  117.102580] configfs-gadget.g1 gadget.0: uvc: [UVC-FPS-FIX] VS request missed xfer (len=11916).
[  117.125609] configfs-gadget.g1 gadget.0: uvc: [UVC-FPS-FIX] VS request missed xfer (len=11916).
[  117.142689] configfs-gadget.g1 gadget.0: uvc: [UVC-FPS-FIX] complete=50 frame=2 elapsed_ms=55 queued=0 req_size=21504
[  117.162422] configfs-gadget.g1 gadget.0: uvc: [UVC-FPS-FIX] VS request missed xfer (len=12668).
[  117.186336] configfs-gadget.g1 gadget.0: uvc: [UVC-FPS-FIX] complete=50 frame=1 elapsed_ms=42 queued=0 req_size=21504
[  117.205516] configfs-gadget.g1 gadget.0: uvc: [UVC-FPS-FIX] VS request missed xfer (len=21504).
[  117.216079] configfs-gadget.g1 gadget.0: uvc: [UVC-FPS-FIX] VS request missed xfer (len=21504).
[  117.225957] configfs-gadget.g1 gadget.0: uvc: [UVC-FPS-FIX] VS request missed xfer (len=16108).
[  117.236352] configfs-gadget.g1 gadget.0: uvc: [UVC-FPS-FIX] VS request missed xfer (len=15052).
[  117.260931] configfs-gadget.g1 gadget.0: uvc: [UVC-FPS-FIX] complete=50 frame=2 elapsed_ms=73 queued=0 req_size=21504
[  117.264868] configfs-gadget.g1 gadget.0: uvc: [UVC-FPS-FIX] VS request missed xfer (len=14220).
[  117.303107] configfs-gadget.g1 gadget.0: uvc: [UVC-FPS-FIX] VS request missed xfer (len=12188).
[  117.314829] configfs-gadget.g1 gadget.0: uvc: [UVC-FPS-FIX] complete=50 frame=2 elapsed_ms=53 queued=0 req_size=21504
[  117.325861] configfs-gadget.g1 gadget.0: uvc: [UVC-FPS-FIX] VS request missed xfer (len=13068).
[  117.360313] configfs-gadget.g1 gadget.0: uvc: [UVC-FPS-FIX] complete=50 frame=1 elapsed_ms=44 queued=0 req_size=21504
[  117.364973] configfs-gadget.g1 gadget.0: uvc: [UVC-FPS-FIX] VS request missed xfer (len=13228).
[  117.404412] configfs-gadget.g1 gadget.0: uvc: [UVC-FPS-FIX] VS request missed xfer (len=11900).
[  117.415950] configfs-gadget.g1 gadget.0: uvc: [UVC-FPS-FIX] complete=50 frame=2 elapsed_ms=54 queued=0 req_size=21504
[  117.427492] configfs-gadget.g1 gadget.0: uvc: [UVC-FPS-FIX] VS request missed xfer (len=12428).
[  117.461465] configfs-gadget.g1 gadget.0: uvc: [UVC-FPS-FIX] complete=50 frame=1 elapsed_ms=44 queued=0 req_size=21504
[  117.464043] configfs-gadget.g1 gadget.0: uvc: [UVC-FPS-FIX] VS request missed xfer (len=12780).
[  117.507211] configfs-gadget.g1 gadget.0: uvc: [UVC-FPS-FIX] complete=50 frame=2 elapsed_ms=45 queued=0 req_size=21504
[  117.545768] configfs-gadget.g1 gadget.0: uvc: [UVC-FPS-FIX] complete=50 frame=0 elapsed_ms=37 queued=0 req_size=21504
[  117.545814] configfs-gadget.g1 gadget.0: uvc: [UVC-FPS-FIX] VS request missed xfer (len=12460).
[  117.587340] configfs-gadget.g1 gadget.0: uvc: [UVC-FPS-FIX] VS request missed xfer (len=12716).
[  117.602423] configfs-gadget.g1 gadget.0: uvc: [UVC-FPS-FIX] complete=50 frame=2 elapsed_ms=45 queued=0 req_size=21504
[  117.638447] configfs-gadget.g1 gadget.0: uvc: [UVC-FPS-FIX] complete=50 frame=1 elapsed_ms=35 queued=0 req_size=21504
[  117.664512] configfs-gadget.g1 gadget.0: uvc: [UVC-FPS-FIX] VS request missed xfer (len=12476).
[  117.684925] configfs-gadget.g1 gadget.0: uvc: [UVC-FPS-FIX] complete=50 frame=1 elapsed_ms=45 queued=0 req_size=21504
[  117.722080] configfs-gadget.g1 gadget.0: uvc: [UVC-FPS-FIX] complete=50 frame=1 elapsed_ms=36 queued=0 req_size=21504
[  117.726870] configfs-gadget.g1 gadget.0: uvc: [UVC-FPS-FIX] VS request missed xfer (len=12844).
[  117.765703] configfs-gadget.g1 gadget.0: uvc: [UVC-FPS-FIX] VS request missed xfer (len=12908).
[  117.778297] configfs-gadget.g1 gadget.0: uvc: [UVC-FPS-FIX] complete=50 frame=2 elapsed_ms=55 queued=0 req_size=21504
[  117.805306] configfs-gadget.g1 gadget.0: uvc: [UVC-FPS-FIX] VS request missed xfer (len=12060).
[  117.823694] configfs-gadget.g1 gadget.0: uvc: [UVC-FPS-FIX] complete=50 frame=1 elapsed_ms=44 queued=0 req_size=21504
[  117.844038] configfs-gadget.g1 gadget.0: uvc: [UVC-FPS-FIX] VS request missed xfer (len=12716).
[  117.869169] configfs-gadget.g1 gadget.0: uvc: [UVC-FPS-FIX] complete=50 frame=2 elapsed_ms=44 queued=0 req_size=21504
[  117.903937] configfs-gadget.g1 gadget.0: uvc: [UVC-FPS-FIX] VS request missed xfer (len=12380).
[  117.915431] configfs-gadget.g1 gadget.0: uvc: [UVC-FPS-FIX] complete=50 frame=1 elapsed_ms=45 queued=0 req_size=21504
[  117.953562] configfs-gadget.g1 gadget.0: uvc: [UVC-FPS-FIX] complete=50 frame=1 elapsed_ms=37 queued=0 req_size=21504
[  117.990054] configfs-gadget.g1 gadget.0: uvc: [UVC-FPS-FIX] complete=50 frame=1 elapsed_ms=35 queued=0 req_size=21504
[  118.026442] configfs-gadget.g1 gadget.0: uvc: [UVC-FPS-FIX] complete=50 frame=1 elapsed_ms=35 queued=0 req_size=21504
[  118.042175] configfs-gadget.g1 gadget.0: uvc: [UVC-FPS-FIX] VS request missed xfer (len=12092).
[  118.065368] configfs-gadget.g1 gadget.0: uvc: [UVC-FPS-FIX] VS request missed xfer (len=11916).
[  118.081912] configfs-gadget.g1 gadget.0: uvc: [UVC-FPS-FIX] complete=50 frame=2 elapsed_ms=54 queued=0 req_size=21504
[  118.104336] configfs-gadget.g1 gadget.0: uvc: [UVC-FPS-FIX] VS request missed xfer (len=12156).
[  118.127680] configfs-gadget.g1 gadget.0: uvc: [UVC-FPS-FIX] complete=50 frame=1 elapsed_ms=44 queued=0 req_size=21504
[  118.142807] configfs-gadget.g1 gadget.0: uvc: [UVC-FPS-FIX] VS request missed xfer (len=12748).
[  118.173918] configfs-gadget.g1 gadget.0: uvc: [UVC-FPS-FIX] complete=50 frame=2 elapsed_ms=45 queued=0 req_size=21504
[  118.210179] configfs-gadget.g1 gadget.0: uvc: [UVC-FPS-FIX] complete=50 frame=1 elapsed_ms=35 queued=0 req_size=21504
[  118.245700] configfs-gadget.g1 gadget.0: uvc: [UVC-FPS-FIX] complete=50 frame=0 elapsed_ms=34 queued=0 req_size=21504
[  118.248169] configfs-gadget.g1 gadget.0: uvc: [UVC-FPS-FIX] VS request missed xfer (len=21504).
[  118.258146] configfs-gadget.g1 gadget.0: uvc: [UVC-FPS-FIX] VS request missed xfer (len=21504).
[  118.268391] configfs-gadget.g1 gadget.0: uvc: [UVC-FPS-FIX] VS request missed xfer (len=16348).
[  118.278604] configfs-gadget.g1 gadget.0: uvc: [UVC-FPS-FIX] VS request missed xfer (len=14780).
[  118.304021] configfs-gadget.g1 gadget.0: uvc: [UVC-FPS-FIX] VS request missed xfer (len=14380).
[  118.328962] configfs-gadget.g1 gadget.0: uvc: [UVC-FPS-FIX] complete=50 frame=3 elapsed_ms=82 queued=0 req_size=21504
[  118.338900] configfs-gadget.g1 gadget.0: uvc: [UVC-FPS-FIX] VS request missed xfer (len=0).
[  118.348618] configfs-gadget.g1 gadget.0: uvc: [UVC-FPS-FIX] VS request missed xfer (len=12300).
[  118.381925] configfs-gadget.g1 gadget.0: uvc: [UVC-FPS-FIX] complete=50 frame=1 elapsed_ms=52 queued=0 req_size=21504
[  118.384467] configfs-gadget.g1 gadget.0: uvc: [UVC-FPS-FIX] VS request missed xfer (len=13100).
[  118.424002] configfs-gadget.g1 gadget.0: uvc: [UVC-FPS-FIX] VS request missed xfer (len=0).
[  118.435428] configfs-gadget.g1 gadget.0: uvc: [UVC-FPS-FIX] complete=50 frame=2 elapsed_ms=52 queued=0 req_size=21504
[  118.461924] configfs-gadget.g1 gadget.0: uvc: [UVC-FPS-FIX] VS request missed xfer (len=12300).
[  118.481171] configfs-gadget.g1 gadget.0: uvc: [UVC-FPS-FIX] complete=50 frame=1 elapsed_ms=44 queued=0 req_size=21504
[  118.502923] configfs-gadget.g1 gadget.0: uvc: [UVC-FPS-FIX] VS request missed xfer (len=13148).
[  118.527041] configfs-gadget.g1 gadget.0: uvc: [UVC-FPS-FIX] complete=50 frame=1 elapsed_ms=45 queued=0 req_size=21504
[  118.541961] configfs-gadget.g1 gadget.0: uvc: [UVC-FPS-FIX] VS request missed xfer (len=11452).
[  118.565438] configfs-gadget.g1 gadget.0: uvc: [UVC-FPS-FIX] VS request missed xfer (len=12748).
[  118.581173] configfs-gadget.g1 gadget.0: uvc: [UVC-FPS-FIX] complete=50 frame=2 elapsed_ms=53 queued=0 req_size=21504
[  118.604016] configfs-gadget.g1 gadget.0: uvc: [UVC-FPS-FIX] VS request missed xfer (len=12876).
[  118.626665] configfs-gadget.g1 gadget.0: uvc: [UVC-FPS-FIX] complete=50 frame=1 elapsed_ms=44 queued=0 req_size=21504
[  118.643283] configfs-gadget.g1 gadget.0: uvc: [UVC-FPS-FIX] VS request missed xfer (len=11740).
[  118.671042] configfs-gadget.g1 gadget.0: uvc: [UVC-FPS-FIX] complete=50 frame=1 elapsed_ms=43 queued=0 req_size=21504
[  118.682056] configfs-gadget.g1 gadget.0: uvc: [UVC-FPS-FIX] VS request missed xfer (len=13084).
[  118.717736] configfs-gadget.g1 gadget.0: uvc: [UVC-FPS-FIX] complete=50 frame=2 elapsed_ms=45 queued=0 req_size=21504
[  118.742890] configfs-gadget.g1 gadget.0: uvc: [UVC-FPS-FIX] VS request missed xfer (len=11996).
[  118.765284] configfs-gadget.g1 gadget.0: uvc: [UVC-FPS-FIX] complete=50 frame=1 elapsed_ms=46 queued=0 req_size=21504
[  118.781425] configfs-gadget.g1 gadget.0: uvc: [UVC-FPS-FIX] VS request missed xfer (len=12732).
[  118.804219] configfs-gadget.g1 gadget.0: uvc: [UVC-FPS-FIX] VS request missed xfer (len=12364).
[  118.821778] configfs-gadget.g1 gadget.0: uvc: [UVC-FPS-FIX] complete=50 frame=2 elapsed_ms=55 queued=0 req_size=21504
[  118.843612] configfs-gadget.g1 gadget.0: uvc: [UVC-FPS-FIX] VS request missed xfer (len=12140).
[  118.867544] configfs-gadget.g1 gadget.0: uvc: [UVC-FPS-FIX] complete=50 frame=1 elapsed_ms=45 queued=0 req_size=21504
[  118.882793] configfs-gadget.g1 gadget.0: uvc: [UVC-FPS-FIX] VS request missed xfer (len=13116).
[  118.911078] configfs-gadget.g1 gadget.0: uvc: [UVC-FPS-FIX] complete=50 frame=2 elapsed_ms=42 queued=0 req_size=21504
[  118.945905] configfs-gadget.g1 gadget.0: uvc: [UVC-FPS-FIX] complete=50 frame=0 elapsed_ms=34 queued=1 req_size=21504
[  118.985303] configfs-gadget.g1 gadget.0: uvc: [UVC-FPS-FIX] complete=50 frame=1 elapsed_ms=35 queued=0 req_size=21504
[  118.986456] configfs-gadget.g1 gadget.0: uvc: [UVC-FPS-FIX] VS request missed xfer (len=12684).
[  119.031679] configfs-gadget.g1 gadget.0: uvc: [UVC-FPS-FIX] complete=50 frame=2 elapsed_ms=45 queued=0 req_size=21504
[  119.069408] configfs-gadget.g1 gadget.0: uvc: [UVC-FPS-FIX] complete=50 frame=1 elapsed_ms=37 queued=0 req_size=21504
[  119.085576] configfs-gadget.g1 gadget.0: uvc: [UVC-FPS-FIX] VS request missed xfer (len=12332).
[  119.113530] configfs-gadget.g1 gadget.0: uvc: [UVC-FPS-FIX] complete=50 frame=2 elapsed_ms=43 queued=0 req_size=21504
[  119.146675] configfs-gadget.g1 gadget.0: uvc: [UVC-FPS-FIX] VS request missed xfer (len=13276).
[  119.157499] configfs-gadget.g1 gadget.0: uvc: [UVC-FPS-FIX] complete=50 frame=1 elapsed_ms=43 queued=0 req_size=21504
[  119.184814] configfs-gadget.g1 gadget.0: uvc: [UVC-FPS-FIX] VS request missed xfer (len=14028).
[  119.203998] configfs-gadget.g1 gadget.0: uvc: [UVC-FPS-FIX] complete=50 frame=1 elapsed_ms=45 queued=0 req_size=21504
[  119.240171] configfs-gadget.g1 gadget.0: uvc: [UVC-FPS-FIX] complete=50 frame=1 elapsed_ms=35 queued=0 req_size=21504
[  119.246491] configfs-gadget.g1 gadget.0: uvc: [UVC-FPS-FIX] VS request missed xfer (len=15372).
[  119.284596] configfs-gadget.g1 gadget.0: uvc: [UVC-FPS-FIX] complete=50 frame=1 elapsed_ms=43 queued=0 req_size=21504
[  119.306670] configfs-gadget.g1 gadget.0: uvc: [UVC-FPS-FIX] VS request missed xfer (len=17164).
[  119.330397] configfs-gadget.g1 gadget.0: uvc: [UVC-FPS-FIX] complete=50 frame=2 elapsed_ms=44 queued=0 req_size=21504
[  119.343595] configfs-gadget.g1 gadget.0: uvc: [UVC-FPS-FIX] VS request missed xfer (len=0).
[  119.353439] configfs-gadget.g1 gadget.0: uvc: [UVC-FPS-FIX] VS request missed xfer (len=16700).
[  119.385244] configfs-gadget.g1 gadget.0: uvc: [UVC-FPS-FIX] complete=50 frame=1 elapsed_ms=53 queued=1 req_size=21504
[  119.385576] configfs-gadget.g1 gadget.0: uvc: [UVC-FPS-FIX] VS request missed xfer (len=15868).
[  119.408099] configfs-gadget.g1 gadget.0: uvc: [UVC-FPS-FIX] VS request missed xfer (len=14156).
[  119.440879] configfs-gadget.g1 gadget.0: uvc: [UVC-FPS-FIX] complete=50 frame=2 elapsed_ms=55 queued=0 req_size=21504
[  119.446679] configfs-gadget.g1 gadget.0: uvc: [UVC-FPS-FIX] VS request missed xfer (len=14636).
[  119.485399] configfs-gadget.g1 gadget.0: uvc: [UVC-FPS-FIX] complete=50 frame=1 elapsed_ms=43 queued=0 req_size=21504
[  119.485772] configfs-gadget.g1 gadget.0: uvc: [UVC-FPS-FIX] VS request missed xfer (len=13292).
[  119.524215] configfs-gadget.g1 gadget.0: uvc: [UVC-FPS-FIX] VS request missed xfer (len=14300).
[  119.542898] configfs-gadget.g1 gadget.0: uvc: [UVC-FPS-FIX] complete=50 frame=2 elapsed_ms=57 queued=0 req_size=21504
[  119.545800] configfs-gadget.g1 gadget.0: uvc: [UVC-FPS-FIX] VS request missed xfer (len=14284).
[  119.579583] configfs-gadget.g1 gadget.0: uvc: [UVC-FPS-FIX] VS request missed xfer (len=13004).
[  119.598140] configfs-gadget.g1 gadget.0: uvc: [UVC-FPS-FIX] complete=50 frame=2 elapsed_ms=54 queued=0 req_size=21504
[  119.619535] configfs-gadget.g1 gadget.0: uvc: [UVC-FPS-FIX] VS request missed xfer (len=13516).
[  119.642152] configfs-gadget.g1 gadget.0: uvc: [UVC-FPS-FIX] complete=50 frame=1 elapsed_ms=43 queued=0 req_size=21504
[  119.656005] configfs-gadget.g1 gadget.0: uvc: [UVC-FPS-FIX] VS request missed xfer (len=0).
[  119.687718] configfs-gadget.g1 gadget.0: uvc: [UVC-FPS-FIX] complete=50 frame=2 elapsed_ms=44 queued=0 req_size=21504
[  119.732380] configfs-gadget.g1 gadget.0: uvc: [UVC-FPS-FIX] complete=50 frame=1 elapsed_ms=36 queued=0 req_size=21504
[  119.755624] configfs-gadget.g1 gadget.0: uvc: [UVC-FPS-FIX] VS request missed xfer (len=13548).
[  119.779483] configfs-gadget.g1 gadget.0: uvc: [UVC-FPS-FIX] VS request missed xfer (len=12796).
[  119.790274] configfs-gadget.g1 gadget.0: uvc: [UVC-FPS-FIX] complete=50 frame=2 elapsed_ms=57 queued=0 req_size=21504
[  119.820555] configfs-gadget.g1 gadget.0: uvc: [UVC-FPS-FIX] VS request missed xfer (len=13740).
[  119.836286] configfs-gadget.g1 gadget.0: uvc: [UVC-FPS-FIX] complete=50 frame=1 elapsed_ms=45 queued=0 req_size=21504
[  119.873135] configfs-gadget.g1 gadget.0: uvc: [UVC-FPS-FIX] complete=50 frame=1 elapsed_ms=35 queued=0 req_size=21504
[  119.909642] configfs-gadget.g1 gadget.0: uvc: [UVC-FPS-FIX] complete=50 frame=1 elapsed_ms=35 queued=0 req_size=21504
[  119.919570] configfs-gadget.g1 gadget.0: uvc: [UVC-FPS-FIX] VS request missed xfer (len=13756).
[  119.953796] configfs-gadget.g1 gadget.0: uvc: [UVC-FPS-FIX] complete=50 frame=1 elapsed_ms=43 queued=0 req_size=21504
[  119.962918] configfs-gadget.g1 gadget.0: uvc: [UVC-FPS-FIX] VS request missed xfer (len=13644).
[  119.999319] configfs-gadget.g1 gadget.0: uvc: [UVC-FPS-FIX] VS request missed xfer (len=13084).
[  120.021138] configfs-gadget.g1 gadget.0: uvc: [UVC-FPS-FIX] complete=50 frame=2 elapsed_ms=61 queued=0 req_size=21504
[  120.043814] configfs-gadget.g1 gadget.0: uvc: [UVC-FPS-FIX] VS request missed xfer (len=14396).
[  120.066616] configfs-gadget.g1 gadget.0: uvc: [UVC-FPS-FIX] complete=50 frame=1 elapsed_ms=44 queued=0 req_size=21504
[  120.105027] configfs-gadget.g1 gadget.0: uvc: [UVC-FPS-FIX] complete=50 frame=1 elapsed_ms=37 queued=0 req_size=21504
[  120.122936] configfs-gadget.g1 gadget.0: uvc: [UVC-FPS-FIX] VS request missed xfer (len=16764).
[  120.147126] configfs-gadget.g1 gadget.0: uvc: [UVC-FPS-FIX] VS request missed xfer (len=14908).
[  120.159661] configfs-gadget.g1 gadget.0: uvc: [UVC-FPS-FIX] complete=50 frame=2 elapsed_ms=53 queued=0 req_size=21504
[  120.185799] configfs-gadget.g1 gadget.0: uvc: [UVC-FPS-FIX] VS request missed xfer (len=15356).
[  120.206016] configfs-gadget.g1 gadget.0: uvc: [UVC-FPS-FIX] complete=50 frame=1 elapsed_ms=45 queued=0 req_size=21504
[  120.224797] configfs-gadget.g1 gadget.0: uvc: [UVC-FPS-FIX] VS request missed xfer (len=15548).
[  120.247752] configfs-gadget.g1 gadget.0: uvc: [UVC-FPS-FIX] VS request missed xfer (len=13916).
[  120.259990] configfs-gadget.g1 gadget.0: uvc: [UVC-FPS-FIX] complete=50 frame=2 elapsed_ms=53 queued=0 req_size=21504
[  120.286683] configfs-gadget.g1 gadget.0: uvc: [UVC-FPS-FIX] VS request missed xfer (len=14780).
[  120.305268] configfs-gadget.g1 gadget.0: uvc: [UVC-FPS-FIX] complete=50 frame=1 elapsed_ms=44 queued=0 req_size=21504
[  120.327822] configfs-gadget.g1 gadget.0: uvc: [UVC-FPS-FIX] VS request missed xfer (len=21504).
[  120.337782] configfs-gadget.g1 gadget.0: uvc: [UVC-FPS-FIX] VS request missed xfer (len=21504).
[  120.348152] configfs-gadget.g1 gadget.0: uvc: [UVC-FPS-FIX] VS request missed xfer (len=14940).
[  120.358677] configfs-gadget.g1 gadget.0: uvc: [UVC-FPS-FIX] VS request missed xfer (len=16060).
[  120.381758] configfs-gadget.g1 gadget.0: uvc: [UVC-FPS-FIX] complete=50 frame=2 elapsed_ms=75 queued=0 req_size=21504
[  120.387362] configfs-gadget.g1 gadget.0: uvc: [UVC-FPS-FIX] VS request missed xfer (len=15804).
[  120.426764] configfs-gadget.g1 gadget.0: uvc: [UVC-FPS-FIX] VS request missed xfer (len=15260).
[  120.439868] configfs-gadget.g1 gadget.0: uvc: [UVC-FPS-FIX] complete=50 frame=2 elapsed_ms=57 queued=0 req_size=21504
[  120.448990] configfs-gadget.g1 gadget.0: uvc: [UVC-FPS-FIX] VS request missed xfer (len=15452).
[  120.486615] configfs-gadget.g1 gadget.0: uvc: [UVC-FPS-FIX] complete=50 frame=1 elapsed_ms=45 queued=0 req_size=21504
[  120.486654] configfs-gadget.g1 gadget.0: uvc: [UVC-FPS-FIX] VS request missed xfer (len=16556).
[  120.526847] configfs-gadget.g1 gadget.0: uvc: [UVC-FPS-FIX] VS request missed xfer (len=14172).
[  120.542255] configfs-gadget.g1 gadget.0: uvc: [UVC-FPS-FIX] complete=50 frame=2 elapsed_ms=44 queued=0 req_size=21504
[  120.578404] configfs-gadget.g1 gadget.0: uvc: [UVC-FPS-FIX] complete=50 frame=1 elapsed_ms=35 queued=0 req_size=21504
[  120.587583] configfs-gadget.g1 gadget.0: uvc: [UVC-FPS-FIX] VS request missed xfer (len=15340).
[  120.622869] configfs-gadget.g1 gadget.0: uvc: [UVC-FPS-FIX] complete=50 frame=1 elapsed_ms=43 queued=0 req_size=21504
[  120.626207] configfs-gadget.g1 gadget.0: uvc: [UVC-FPS-FIX] VS request missed xfer (len=15132).
[  120.648580] configfs-gadget.g1 gadget.0: uvc: [UVC-FPS-FIX] VS request missed xfer (len=15724).
[  120.678126] configfs-gadget.g1 gadget.0: uvc: [UVC-FPS-FIX] complete=50 frame=2 elapsed_ms=54 queued=0 req_size=21504
[  120.687862] configfs-gadget.g1 gadget.0: uvc: [UVC-FPS-FIX] VS request missed xfer (len=16092).
[  120.722509] configfs-gadget.g1 gadget.0: uvc: [UVC-FPS-FIX] complete=50 frame=1 elapsed_ms=43 queued=0 req_size=21504
[  120.761922] configfs-gadget.g1 gadget.0: uvc: [UVC-FPS-FIX] complete=50 frame=2 elapsed_ms=38 queued=0 req_size=21504
[  120.787469] configfs-gadget.g1 gadget.0: uvc: [UVC-FPS-FIX] VS request missed xfer (len=15068).
[  120.812514] configfs-gadget.g1 gadget.0: uvc: [UVC-FPS-FIX] complete=50 frame=1 elapsed_ms=49 queued=0 req_size=21504
[  120.839494] configfs-gadget.g1 gadget.0: uvc: [UVC-FPS-FIX] VS request missed xfer (len=16428).
[  120.859370] configfs-gadget.g1 gadget.0: uvc: [UVC-FPS-FIX] complete=50 frame=1 elapsed_ms=46 queued=0 req_size=21504
[  120.878730] configfs-gadget.g1 gadget.0: uvc: [UVC-FPS-FIX] VS request missed xfer (len=14716).
[  120.904990] configfs-gadget.g1 gadget.0: uvc: [UVC-FPS-FIX] complete=50 frame=1 elapsed_ms=44 queued=0 req_size=21504
[  120.919264] configfs-gadget.g1 gadget.0: uvc: [UVC-FPS-FIX] VS request missed xfer (len=14412).
[  120.950655] configfs-gadget.g1 gadget.0: uvc: [UVC-FPS-FIX] complete=50 frame=1 elapsed_ms=44 queued=0 req_size=21504
[  120.958211] configfs-gadget.g1 gadget.0: uvc: [UVC-FPS-FIX] VS request missed xfer (len=15996).
[  120.997121] configfs-gadget.g1 gadget.0: uvc: [UVC-FPS-FIX] complete=50 frame=1 elapsed_ms=45 queued=0 req_size=21504
[  121.005625] configfs-gadget.g1 gadget.0: uvc: [UVC-FPS-FIX] VS request missed xfer (len=15532).
[  121.022662] configfs-gadget.g1 gadget.0: uvc: [UVC-FPS-FIX] VS request missed xfer (len=14812).
[  121.062651] configfs-gadget.g1 gadget.0: uvc: [UVC-FPS-FIX] complete=50 frame=3 elapsed_ms=57 queued=0 req_size=21504
[  121.100182] configfs-gadget.g1 gadget.0: uvc: [UVC-FPS-FIX] complete=50 frame=0 elapsed_ms=36 queued=0 req_size=21504
[  121.100229] configfs-gadget.g1 gadget.0: uvc: [UVC-FPS-FIX] VS request missed xfer (len=15212).
[  121.145621] configfs-gadget.g1 gadget.0: uvc: [UVC-FPS-FIX] complete=50 frame=2 elapsed_ms=34 queued=0 req_size=21504
[  121.181722] configfs-gadget.g1 gadget.0: uvc: [UVC-FPS-FIX] complete=50 frame=1 elapsed_ms=35 queued=0 req_size=21504
[  121.199967] configfs-gadget.g1 gadget.0: uvc: [UVC-FPS-FIX] VS request missed xfer (len=12924).
[  121.227227] configfs-gadget.g1 gadget.0: uvc: [UVC-FPS-FIX] complete=50 frame=2 elapsed_ms=44 queued=0 req_size=21504
[  121.262040] configfs-gadget.g1 gadget.0: uvc: [UVC-FPS-FIX] complete=50 frame=0 elapsed_ms=34 queued=0 req_size=21504
[  121.262092] configfs-gadget.g1 gadget.0: uvc: [UVC-FPS-FIX] VS request missed xfer (len=13980).
[  121.310123] configfs-gadget.g1 gadget.0: uvc: [UVC-FPS-FIX] complete=50 frame=2 elapsed_ms=37 queued=0 req_size=21504
[  121.325715] configfs-gadget.g1 gadget.0: uvc: [UVC-FPS-FIX] VS request missed xfer (len=13628).
[  121.354870] configfs-gadget.g1 gadget.0: uvc: [UVC-FPS-FIX] complete=50 frame=1 elapsed_ms=43 queued=0 req_size=21504
[  121.369180] configfs-gadget.g1 gadget.0: uvc: [UVC-FPS-FIX] VS request missed xfer (len=21504).
[  121.379596] configfs-gadget.g1 gadget.0: uvc: [UVC-FPS-FIX] VS request missed xfer (len=21504).
[  121.390005] configfs-gadget.g1 gadget.0: uvc: [UVC-FPS-FIX] VS request missed xfer (len=6060).
[  121.400211] configfs-gadget.g1 gadget.0: uvc: [UVC-FPS-FIX] VS request missed xfer (len=14572).
[  121.429362] configfs-gadget.g1 gadget.0: uvc: [UVC-FPS-FIX] complete=50 frame=2 elapsed_ms=73 queued=0 req_size=21504
[  121.429754] configfs-gadget.g1 gadget.0: uvc: [UVC-FPS-FIX] VS request missed xfer (len=14476).
[  121.452545] configfs-gadget.g1 gadget.0: uvc: [UVC-FPS-FIX] VS request missed xfer (len=13212).
[  121.483852] configfs-gadget.g1 gadget.0: uvc: [UVC-FPS-FIX] complete=50 frame=2 elapsed_ms=54 queued=0 req_size=21504
[  121.489940] configfs-gadget.g1 gadget.0: uvc: [UVC-FPS-FIX] VS request missed xfer (len=13516).
[  121.529225] configfs-gadget.g1 gadget.0: uvc: [UVC-FPS-FIX] complete=50 frame=1 elapsed_ms=44 queued=0 req_size=21504
[  121.530291] configfs-gadget.g1 gadget.0: uvc: [UVC-FPS-FIX] VS request missed xfer (len=14076).
[  121.569035] configfs-gadget.g1 gadget.0: uvc: [UVC-FPS-FIX] VS request missed xfer (len=13436).
[  121.585235] configfs-gadget.g1 gadget.0: uvc: [UVC-FPS-FIX] complete=50 frame=2 elapsed_ms=55 queued=0 req_size=21504
[  121.591023] configfs-gadget.g1 gadget.0: uvc: [UVC-FPS-FIX] VS request missed xfer (len=15308).
[  121.630093] configfs-gadget.g1 gadget.0: uvc: [UVC-FPS-FIX] complete=50 frame=1 elapsed_ms=44 queued=0 req_size=21504
[  121.630121] configfs-gadget.g1 gadget.0: uvc: [UVC-FPS-FIX] VS request missed xfer (len=15916).
